                                      1 ;--------------------------------------------------------
                                      2 ; File Created by SDCC : free open source ISO C Compiler 
                                      3 ; Version 4.4.0 #14620 (Linux)
                                      4 ;--------------------------------------------------------
                                      5 	.module stm8s_uart1
                                      6 	.optsdcc -mstm8
                                      7 	
                                      8 ;--------------------------------------------------------
                                      9 ; Public variables in this module
                                     10 ;--------------------------------------------------------
                                     11 	.globl _assert_failed
                                     12 	.globl _CLK_GetClockFreq
                                     13 	.globl _UART1_DeInit
                                     14 	.globl _UART1_Init
                                     15 	.globl _UART1_Cmd
                                     16 	.globl _UART1_SendData8
                                     17 	.globl _UART1_GetFlagStatus
                                     18 	.globl _UART1_ClearFlag
                                     19 ;--------------------------------------------------------
                                     20 ; ram data
                                     21 ;--------------------------------------------------------
                                     22 	.area DATA
                                     23 ;--------------------------------------------------------
                                     24 ; ram data
                                     25 ;--------------------------------------------------------
                                     26 	.area INITIALIZED
                                     27 ;--------------------------------------------------------
                                     28 ; absolute external ram data
                                     29 ;--------------------------------------------------------
                                     30 	.area DABS (ABS)
                                     31 
                                     32 ; default segment ordering for linker
                                     33 	.area HOME
                                     34 	.area GSINIT
                                     35 	.area GSFINAL
                                     36 	.area CONST
                                     37 	.area INITIALIZER
                                     38 	.area CODE
                                     39 
                                     40 ;--------------------------------------------------------
                                     41 ; global & static initialisations
                                     42 ;--------------------------------------------------------
                                     43 	.area HOME
                                     44 	.area GSINIT
                                     45 	.area GSFINAL
                                     46 	.area GSINIT
                                     47 ;--------------------------------------------------------
                                     48 ; Home
                                     49 ;--------------------------------------------------------
                                     50 	.area HOME
                                     51 	.area HOME
                                     52 ;--------------------------------------------------------
                                     53 ; code
                                     54 ;--------------------------------------------------------
                                     55 	.area CODE
                                     56 ;	/workspace/Software/Firmware/new_begining/STM8S_StdPeriph_Lib/src/stm8s_uart1.c: 53: void UART1_DeInit(void)
                                     57 ;	-----------------------------------------
                                     58 ;	 function UART1_DeInit
                                     59 ;	-----------------------------------------
      000000                         60 _UART1_DeInit:
                                     61 ;	/workspace/Software/Firmware/new_begining/STM8S_StdPeriph_Lib/src/stm8s_uart1.c: 57: (void)UART1->SR;
      000000 C6 52 30         [ 1]   62 	ld	a, 0x5230
                                     63 ;	/workspace/Software/Firmware/new_begining/STM8S_StdPeriph_Lib/src/stm8s_uart1.c: 58: (void)UART1->DR;
      000003 C6 52 31         [ 1]   64 	ld	a, 0x5231
                                     65 ;	/workspace/Software/Firmware/new_begining/STM8S_StdPeriph_Lib/src/stm8s_uart1.c: 60: UART1->BRR2 = UART1_BRR2_RESET_VALUE;  /* Set UART1_BRR2 to reset value 0x00 */
      000006 35 00 52 33      [ 1]   66 	mov	0x5233+0, #0x00
                                     67 ;	/workspace/Software/Firmware/new_begining/STM8S_StdPeriph_Lib/src/stm8s_uart1.c: 61: UART1->BRR1 = UART1_BRR1_RESET_VALUE;  /* Set UART1_BRR1 to reset value 0x00 */
      00000A 35 00 52 32      [ 1]   68 	mov	0x5232+0, #0x00
                                     69 ;	/workspace/Software/Firmware/new_begining/STM8S_StdPeriph_Lib/src/stm8s_uart1.c: 63: UART1->CR1 = UART1_CR1_RESET_VALUE;  /* Set UART1_CR1 to reset value 0x00 */
      00000E 35 00 52 34      [ 1]   70 	mov	0x5234+0, #0x00
                                     71 ;	/workspace/Software/Firmware/new_begining/STM8S_StdPeriph_Lib/src/stm8s_uart1.c: 64: UART1->CR2 = UART1_CR2_RESET_VALUE;  /* Set UART1_CR2 to reset value 0x00 */
      000012 35 00 52 35      [ 1]   72 	mov	0x5235+0, #0x00
                                     73 ;	/workspace/Software/Firmware/new_begining/STM8S_StdPeriph_Lib/src/stm8s_uart1.c: 65: UART1->CR3 = UART1_CR3_RESET_VALUE;  /* Set UART1_CR3 to reset value 0x00 */
      000016 35 00 52 36      [ 1]   74 	mov	0x5236+0, #0x00
                                     75 ;	/workspace/Software/Firmware/new_begining/STM8S_StdPeriph_Lib/src/stm8s_uart1.c: 66: UART1->CR4 = UART1_CR4_RESET_VALUE;  /* Set UART1_CR4 to reset value 0x00 */
      00001A 35 00 52 37      [ 1]   76 	mov	0x5237+0, #0x00
                                     77 ;	/workspace/Software/Firmware/new_begining/STM8S_StdPeriph_Lib/src/stm8s_uart1.c: 67: UART1->CR5 = UART1_CR5_RESET_VALUE;  /* Set UART1_CR5 to reset value 0x00 */
      00001E 35 00 52 38      [ 1]   78 	mov	0x5238+0, #0x00
                                     79 ;	/workspace/Software/Firmware/new_begining/STM8S_StdPeriph_Lib/src/stm8s_uart1.c: 69: UART1->GTR = UART1_GTR_RESET_VALUE;
      000022 35 00 52 39      [ 1]   80 	mov	0x5239+0, #0x00
                                     81 ;	/workspace/Software/Firmware/new_begining/STM8S_StdPeriph_Lib/src/stm8s_uart1.c: 70: UART1->PSCR = UART1_PSCR_RESET_VALUE;
      000026 35 00 52 3A      [ 1]   82 	mov	0x523a+0, #0x00
                                     83 ;	/workspace/Software/Firmware/new_begining/STM8S_StdPeriph_Lib/src/stm8s_uart1.c: 71: }
      00002A 81               [ 4]   84 	ret
                                     85 ;	/workspace/Software/Firmware/new_begining/STM8S_StdPeriph_Lib/src/stm8s_uart1.c: 90: void UART1_Init(uint32_t BaudRate, UART1_WordLength_TypeDef WordLength, 
                                     86 ;	-----------------------------------------
                                     87 ;	 function UART1_Init
                                     88 ;	-----------------------------------------
      00002B                         89 _UART1_Init:
      00002B 52 0D            [ 2]   90 	sub	sp, #13
                                     91 ;	/workspace/Software/Firmware/new_begining/STM8S_StdPeriph_Lib/src/stm8s_uart1.c: 97: assert_param(IS_UART1_BAUDRATE_OK(BaudRate));
      00002D AE 89 68         [ 2]   92 	ldw	x, #0x8968
      000030 13 12            [ 2]   93 	cpw	x, (0x12, sp)
      000032 A6 09            [ 1]   94 	ld	a, #0x09
      000034 12 11            [ 1]   95 	sbc	a, (0x11, sp)
      000036 4F               [ 1]   96 	clr	a
      000037 12 10            [ 1]   97 	sbc	a, (0x10, sp)
      000039 24 0C            [ 1]   98 	jrnc	00113$
      00003B 4B 61            [ 1]   99 	push	#0x61
      00003D 5F               [ 1]  100 	clrw	x
      00003E 89               [ 2]  101 	pushw	x
      00003F 4B 00            [ 1]  102 	push	#0x00
      000041 AEr00r00         [ 2]  103 	ldw	x, #(___str_0+0)
      000044 CDr00r00         [ 4]  104 	call	_assert_failed
      000047                        105 00113$:
                                    106 ;	/workspace/Software/Firmware/new_begining/STM8S_StdPeriph_Lib/src/stm8s_uart1.c: 98: assert_param(IS_UART1_WORDLENGTH_OK(WordLength));
      000047 0D 14            [ 1]  107 	tnz	(0x14, sp)
      000049 27 12            [ 1]  108 	jreq	00115$
      00004B 7B 14            [ 1]  109 	ld	a, (0x14, sp)
      00004D A1 10            [ 1]  110 	cp	a, #0x10
      00004F 27 0C            [ 1]  111 	jreq	00115$
      000051 4B 62            [ 1]  112 	push	#0x62
      000053 5F               [ 1]  113 	clrw	x
      000054 89               [ 2]  114 	pushw	x
      000055 4B 00            [ 1]  115 	push	#0x00
      000057 AEr00r00         [ 2]  116 	ldw	x, #(___str_0+0)
      00005A CDr00r00         [ 4]  117 	call	_assert_failed
      00005D                        118 00115$:
                                    119 ;	/workspace/Software/Firmware/new_begining/STM8S_StdPeriph_Lib/src/stm8s_uart1.c: 99: assert_param(IS_UART1_STOPBITS_OK(StopBits));
      00005D 0D 15            [ 1]  120 	tnz	(0x15, sp)
      00005F 27 1E            [ 1]  121 	jreq	00120$
      000061 7B 15            [ 1]  122 	ld	a, (0x15, sp)
      000063 A1 10            [ 1]  123 	cp	a, #0x10
      000065 27 18            [ 1]  124 	jreq	00120$
      000067 7B 15            [ 1]  125 	ld	a, (0x15, sp)
      000069 A1 20            [ 1]  126 	cp	a, #0x20
      00006B 27 12            [ 1]  127 	jreq	00120$
      00006D 7B 15            [ 1]  128 	ld	a, (0x15, sp)
      00006F A1 30            [ 1]  129 	cp	a, #0x30
      000071 27 0C            [ 1]  130 	jreq	00120$
      000073 4B 63            [ 1]  131 	push	#0x63
      000075 5F               [ 1]  132 	clrw	x
      000076 89               [ 2]  133 	pushw	x
      000077 4B 00            [ 1]  134 	push	#0x00
      000079 AEr00r00         [ 2]  135 	ldw	x, #(___str_0+0)
      00007C CDr00r00         [ 4]  136 	call	_assert_failed
      00007F                        137 00120$:
                                    138 ;	/workspace/Software/Firmware/new_begining/STM8S_StdPeriph_Lib/src/stm8s_uart1.c: 100: assert_param(IS_UART1_PARITY_OK(Parity));
      00007F 0D 16            [ 1]  139 	tnz	(0x16, sp)
      000081 27 18            [ 1]  140 	jreq	00131$
      000083 7B 16            [ 1]  141 	ld	a, (0x16, sp)
      000085 A1 04            [ 1]  142 	cp	a, #0x04
      000087 27 12            [ 1]  143 	jreq	00131$
      000089 7B 16            [ 1]  144 	ld	a, (0x16, sp)
      00008B A1 06            [ 1]  145 	cp	a, #0x06
      00008D 27 0C            [ 1]  146 	jreq	00131$
      00008F 4B 64            [ 1]  147 	push	#0x64
      000091 5F               [ 1]  148 	clrw	x
      000092 89               [ 2]  149 	pushw	x
      000093 4B 00            [ 1]  150 	push	#0x00
      000095 AEr00r00         [ 2]  151 	ldw	x, #(___str_0+0)
      000098 CDr00r00         [ 4]  152 	call	_assert_failed
      00009B                        153 00131$:
                                    154 ;	/workspace/Software/Firmware/new_begining/STM8S_StdPeriph_Lib/src/stm8s_uart1.c: 101: assert_param(IS_UART1_MODE_OK((uint8_t)Mode));
      00009B 7B 18            [ 1]  155 	ld	a, (0x18, sp)
      00009D A1 08            [ 1]  156 	cp	a, #0x08
      00009F 27 3F            [ 1]  157 	jreq	00139$
      0000A1 7B 18            [ 1]  158 	ld	a, (0x18, sp)
      0000A3 A1 40            [ 1]  159 	cp	a, #0x40
      0000A5 27 39            [ 1]  160 	jreq	00139$
      0000A7 7B 18            [ 1]  161 	ld	a, (0x18, sp)
      0000A9 A1 04            [ 1]  162 	cp	a, #0x04
      0000AB 27 33            [ 1]  163 	jreq	00139$
      0000AD 7B 18            [ 1]  164 	ld	a, (0x18, sp)
      0000AF A1 80            [ 1]  165 	cp	a, #0x80
      0000B1 27 2D            [ 1]  166 	jreq	00139$
      0000B3 7B 18            [ 1]  167 	ld	a, (0x18, sp)
      0000B5 A0 0C            [ 1]  168 	sub	a, #0x0c
      0000B7 26 02            [ 1]  169 	jrne	00388$
      0000B9 4C               [ 1]  170 	inc	a
      0000BA 21                     171 	.byte 0x21
      0000BB                        172 00388$:
      0000BB 4F               [ 1]  173 	clr	a
      0000BC                        174 00389$:
      0000BC 4D               [ 1]  175 	tnz	a
      0000BD 26 21            [ 1]  176 	jrne	00139$
      0000BF 4D               [ 1]  177 	tnz	a
      0000C0 26 1E            [ 1]  178 	jrne	00139$
      0000C2 7B 18            [ 1]  179 	ld	a, (0x18, sp)
      0000C4 A1 44            [ 1]  180 	cp	a, #0x44
      0000C6 27 18            [ 1]  181 	jreq	00139$
      0000C8 7B 18            [ 1]  182 	ld	a, (0x18, sp)
      0000CA A1 C0            [ 1]  183 	cp	a, #0xc0
      0000CC 27 12            [ 1]  184 	jreq	00139$
      0000CE 7B 18            [ 1]  185 	ld	a, (0x18, sp)
      0000D0 A1 88            [ 1]  186 	cp	a, #0x88
      0000D2 27 0C            [ 1]  187 	jreq	00139$
      0000D4 4B 65            [ 1]  188 	push	#0x65
      0000D6 5F               [ 1]  189 	clrw	x
      0000D7 89               [ 2]  190 	pushw	x
      0000D8 4B 00            [ 1]  191 	push	#0x00
      0000DA AEr00r00         [ 2]  192 	ldw	x, #(___str_0+0)
      0000DD CDr00r00         [ 4]  193 	call	_assert_failed
      0000E0                        194 00139$:
                                    195 ;	/workspace/Software/Firmware/new_begining/STM8S_StdPeriph_Lib/src/stm8s_uart1.c: 102: assert_param(IS_UART1_SYNCMODE_OK((uint8_t)SyncMode));
      0000E0 7B 17            [ 1]  196 	ld	a, (0x17, sp)
      0000E2 43               [ 1]  197 	cpl	a
      0000E3 A5 88            [ 1]  198 	bcp	a, #0x88
      0000E5 27 15            [ 1]  199 	jreq	00167$
      0000E7 7B 17            [ 1]  200 	ld	a, (0x17, sp)
      0000E9 43               [ 1]  201 	cpl	a
      0000EA A5 44            [ 1]  202 	bcp	a, #0x44
      0000EC 27 0E            [ 1]  203 	jreq	00167$
      0000EE 7B 17            [ 1]  204 	ld	a, (0x17, sp)
      0000F0 43               [ 1]  205 	cpl	a
      0000F1 A5 22            [ 1]  206 	bcp	a, #0x22
      0000F3 27 07            [ 1]  207 	jreq	00167$
      0000F5 7B 17            [ 1]  208 	ld	a, (0x17, sp)
      0000F7 43               [ 1]  209 	cpl	a
      0000F8 A5 11            [ 1]  210 	bcp	a, #0x11
      0000FA 26 0C            [ 1]  211 	jrne	00165$
      0000FC                        212 00167$:
      0000FC 4B 66            [ 1]  213 	push	#0x66
      0000FE 5F               [ 1]  214 	clrw	x
      0000FF 89               [ 2]  215 	pushw	x
      000100 4B 00            [ 1]  216 	push	#0x00
      000102 AEr00r00         [ 2]  217 	ldw	x, #(___str_0+0)
      000105 CDr00r00         [ 4]  218 	call	_assert_failed
      000108                        219 00165$:
                                    220 ;	/workspace/Software/Firmware/new_begining/STM8S_StdPeriph_Lib/src/stm8s_uart1.c: 105: UART1->CR1 &= (uint8_t)(~UART1_CR1_M);  
      000108 72 19 52 34      [ 1]  221 	bres	0x5234, #4
                                    222 ;	/workspace/Software/Firmware/new_begining/STM8S_StdPeriph_Lib/src/stm8s_uart1.c: 108: UART1->CR1 |= (uint8_t)WordLength;
      00010C C6 52 34         [ 1]  223 	ld	a, 0x5234
      00010F 1A 14            [ 1]  224 	or	a, (0x14, sp)
      000111 C7 52 34         [ 1]  225 	ld	0x5234, a
                                    226 ;	/workspace/Software/Firmware/new_begining/STM8S_StdPeriph_Lib/src/stm8s_uart1.c: 111: UART1->CR3 &= (uint8_t)(~UART1_CR3_STOP);  
      000114 C6 52 36         [ 1]  227 	ld	a, 0x5236
      000117 A4 CF            [ 1]  228 	and	a, #0xcf
      000119 C7 52 36         [ 1]  229 	ld	0x5236, a
                                    230 ;	/workspace/Software/Firmware/new_begining/STM8S_StdPeriph_Lib/src/stm8s_uart1.c: 113: UART1->CR3 |= (uint8_t)StopBits;  
      00011C C6 52 36         [ 1]  231 	ld	a, 0x5236
      00011F 1A 15            [ 1]  232 	or	a, (0x15, sp)
      000121 C7 52 36         [ 1]  233 	ld	0x5236, a
                                    234 ;	/workspace/Software/Firmware/new_begining/STM8S_StdPeriph_Lib/src/stm8s_uart1.c: 116: UART1->CR1 &= (uint8_t)(~(UART1_CR1_PCEN | UART1_CR1_PS  ));  
      000124 C6 52 34         [ 1]  235 	ld	a, 0x5234
      000127 A4 F9            [ 1]  236 	and	a, #0xf9
      000129 C7 52 34         [ 1]  237 	ld	0x5234, a
                                    238 ;	/workspace/Software/Firmware/new_begining/STM8S_StdPeriph_Lib/src/stm8s_uart1.c: 118: UART1->CR1 |= (uint8_t)Parity;  
      00012C C6 52 34         [ 1]  239 	ld	a, 0x5234
      00012F 1A 16            [ 1]  240 	or	a, (0x16, sp)
      000131 C7 52 34         [ 1]  241 	ld	0x5234, a
                                    242 ;	/workspace/Software/Firmware/new_begining/STM8S_StdPeriph_Lib/src/stm8s_uart1.c: 121: UART1->BRR1 &= (uint8_t)(~UART1_BRR1_DIVM);  
      000134 C6 52 32         [ 1]  243 	ld	a, 0x5232
      000137 35 00 52 32      [ 1]  244 	mov	0x5232+0, #0x00
                                    245 ;	/workspace/Software/Firmware/new_begining/STM8S_StdPeriph_Lib/src/stm8s_uart1.c: 123: UART1->BRR2 &= (uint8_t)(~UART1_BRR2_DIVM);  
      00013B C6 52 33         [ 1]  246 	ld	a, 0x5233
      00013E A4 0F            [ 1]  247 	and	a, #0x0f
      000140 C7 52 33         [ 1]  248 	ld	0x5233, a
                                    249 ;	/workspace/Software/Firmware/new_begining/STM8S_StdPeriph_Lib/src/stm8s_uart1.c: 125: UART1->BRR2 &= (uint8_t)(~UART1_BRR2_DIVF);  
      000143 C6 52 33         [ 1]  250 	ld	a, 0x5233
      000146 A4 F0            [ 1]  251 	and	a, #0xf0
      000148 C7 52 33         [ 1]  252 	ld	0x5233, a
                                    253 ;	/workspace/Software/Firmware/new_begining/STM8S_StdPeriph_Lib/src/stm8s_uart1.c: 128: BaudRate_Mantissa    = ((uint32_t)CLK_GetClockFreq() / (BaudRate << 4));
      00014B CDr00r00         [ 4]  254 	call	_CLK_GetClockFreq
      00014E 1F 0C            [ 2]  255 	ldw	(0x0c, sp), x
      000150 1E 10            [ 2]  256 	ldw	x, (0x10, sp)
      000152 1F 06            [ 2]  257 	ldw	(0x06, sp), x
      000154 1E 12            [ 2]  258 	ldw	x, (0x12, sp)
      000156 A6 04            [ 1]  259 	ld	a, #0x04
      000158                        260 00413$:
      000158 58               [ 2]  261 	sllw	x
      000159 09 07            [ 1]  262 	rlc	(0x07, sp)
      00015B 09 06            [ 1]  263 	rlc	(0x06, sp)
      00015D 4A               [ 1]  264 	dec	a
      00015E 26 F8            [ 1]  265 	jrne	00413$
      000160 1F 08            [ 2]  266 	ldw	(0x08, sp), x
      000162 89               [ 2]  267 	pushw	x
      000163 1E 08            [ 2]  268 	ldw	x, (0x08, sp)
      000165 89               [ 2]  269 	pushw	x
      000166 1E 10            [ 2]  270 	ldw	x, (0x10, sp)
      000168 89               [ 2]  271 	pushw	x
      000169 90 89            [ 2]  272 	pushw	y
                                    273 ;	/workspace/Software/Firmware/new_begining/STM8S_StdPeriph_Lib/src/stm8s_uart1.c: 129: BaudRate_Mantissa100 = (((uint32_t)CLK_GetClockFreq() * 100) / (BaudRate << 4));
      00016B CDr00r00         [ 4]  274 	call	__divulong
      00016E 5B 08            [ 2]  275 	addw	sp, #8
      000170 1F 03            [ 2]  276 	ldw	(0x03, sp), x
      000172 17 01            [ 2]  277 	ldw	(0x01, sp), y
      000174 CDr00r00         [ 4]  278 	call	_CLK_GetClockFreq
      000177 89               [ 2]  279 	pushw	x
      000178 90 89            [ 2]  280 	pushw	y
      00017A 4B 64            [ 1]  281 	push	#0x64
      00017C 5F               [ 1]  282 	clrw	x
      00017D 89               [ 2]  283 	pushw	x
      00017E 4B 00            [ 1]  284 	push	#0x00
      000180 CDr00r00         [ 4]  285 	call	__mullong
      000183 5B 08            [ 2]  286 	addw	sp, #8
      000185 1F 0C            [ 2]  287 	ldw	(0x0c, sp), x
      000187 1E 08            [ 2]  288 	ldw	x, (0x08, sp)
      000189 89               [ 2]  289 	pushw	x
      00018A 1E 08            [ 2]  290 	ldw	x, (0x08, sp)
      00018C 89               [ 2]  291 	pushw	x
      00018D 1E 10            [ 2]  292 	ldw	x, (0x10, sp)
      00018F 89               [ 2]  293 	pushw	x
      000190 90 89            [ 2]  294 	pushw	y
                                    295 ;	/workspace/Software/Firmware/new_begining/STM8S_StdPeriph_Lib/src/stm8s_uart1.c: 131: UART1->BRR2 |= (uint8_t)((uint8_t)(((BaudRate_Mantissa100 - (BaudRate_Mantissa * 100)) << 4) / 100) & (uint8_t)0x0F); 
      000192 CDr00r00         [ 4]  296 	call	__divulong
      000195 5B 08            [ 2]  297 	addw	sp, #8
      000197 1F 07            [ 2]  298 	ldw	(0x07, sp), x
      000199 90 02            [ 1]  299 	rlwa	y
      00019B 6B 05            [ 1]  300 	ld	(0x05, sp), a
      00019D 90 01            [ 1]  301 	rrwa	y
      00019F 90 9F            [ 1]  302 	ld	a, yl
      0001A1 AE 52 33         [ 2]  303 	ldw	x, #0x5233
      0001A4 88               [ 1]  304 	push	a
      0001A5 F6               [ 1]  305 	ld	a, (x)
      0001A6 6B 0A            [ 1]  306 	ld	(0x0a, sp), a
      0001A8 1E 04            [ 2]  307 	ldw	x, (0x04, sp)
      0001AA 89               [ 2]  308 	pushw	x
      0001AB 1E 04            [ 2]  309 	ldw	x, (0x04, sp)
      0001AD 89               [ 2]  310 	pushw	x
      0001AE 4B 64            [ 1]  311 	push	#0x64
      0001B0 5F               [ 1]  312 	clrw	x
      0001B1 89               [ 2]  313 	pushw	x
      0001B2 4B 00            [ 1]  314 	push	#0x00
      0001B4 CDr00r00         [ 4]  315 	call	__mullong
      0001B7 5B 08            [ 2]  316 	addw	sp, #8
      0001B9 1F 0D            [ 2]  317 	ldw	(0x0d, sp), x
      0001BB 17 0B            [ 2]  318 	ldw	(0x0b, sp), y
      0001BD 84               [ 1]  319 	pop	a
      0001BE 16 07            [ 2]  320 	ldw	y, (0x07, sp)
      0001C0 72 F2 0C         [ 2]  321 	subw	y, (0x0c, sp)
      0001C3 12 0B            [ 1]  322 	sbc	a, (0x0b, sp)
      0001C5 97               [ 1]  323 	ld	xl, a
      0001C6 7B 05            [ 1]  324 	ld	a, (0x05, sp)
      0001C8 12 0A            [ 1]  325 	sbc	a, (0x0a, sp)
      0001CA 95               [ 1]  326 	ld	xh, a
      0001CB A6 04            [ 1]  327 	ld	a, #0x04
      0001CD                        328 00415$:
      0001CD 90 58            [ 2]  329 	sllw	y
      0001CF 59               [ 2]  330 	rlcw	x
      0001D0 4A               [ 1]  331 	dec	a
      0001D1 26 FA            [ 1]  332 	jrne	00415$
      0001D3 4B 64            [ 1]  333 	push	#0x64
      0001D5 4B 00            [ 1]  334 	push	#0x00
      0001D7 4B 00            [ 1]  335 	push	#0x00
      0001D9 4B 00            [ 1]  336 	push	#0x00
      0001DB 90 89            [ 2]  337 	pushw	y
      0001DD 89               [ 2]  338 	pushw	x
      0001DE CDr00r00         [ 4]  339 	call	__divulong
      0001E1 5B 08            [ 2]  340 	addw	sp, #8
      0001E3 9F               [ 1]  341 	ld	a, xl
      0001E4 A4 0F            [ 1]  342 	and	a, #0x0f
      0001E6 1A 09            [ 1]  343 	or	a, (0x09, sp)
      0001E8 C7 52 33         [ 1]  344 	ld	0x5233, a
                                    345 ;	/workspace/Software/Firmware/new_begining/STM8S_StdPeriph_Lib/src/stm8s_uart1.c: 133: UART1->BRR2 |= (uint8_t)((BaudRate_Mantissa >> 4) & (uint8_t)0xF0); 
      0001EB C6 52 33         [ 1]  346 	ld	a, 0x5233
      0001EE 6B 0D            [ 1]  347 	ld	(0x0d, sp), a
      0001F0 1E 03            [ 2]  348 	ldw	x, (0x03, sp)
      0001F2 A6 10            [ 1]  349 	ld	a, #0x10
      0001F4 62               [ 2]  350 	div	x, a
      0001F5 90 93            [ 1]  351 	ldw	y, x
      0001F7 9F               [ 1]  352 	ld	a, xl
      0001F8 A4 F0            [ 1]  353 	and	a, #0xf0
      0001FA 1A 0D            [ 1]  354 	or	a, (0x0d, sp)
      0001FC C7 52 33         [ 1]  355 	ld	0x5233, a
                                    356 ;	/workspace/Software/Firmware/new_begining/STM8S_StdPeriph_Lib/src/stm8s_uart1.c: 135: UART1->BRR1 |= (uint8_t)BaudRate_Mantissa;           
      0001FF C6 52 32         [ 1]  357 	ld	a, 0x5232
      000202 6B 0D            [ 1]  358 	ld	(0x0d, sp), a
      000204 7B 04            [ 1]  359 	ld	a, (0x04, sp)
      000206 1A 0D            [ 1]  360 	or	a, (0x0d, sp)
      000208 C7 52 32         [ 1]  361 	ld	0x5232, a
                                    362 ;	/workspace/Software/Firmware/new_begining/STM8S_StdPeriph_Lib/src/stm8s_uart1.c: 138: UART1->CR2 &= (uint8_t)~(UART1_CR2_TEN | UART1_CR2_REN); 
      00020B C6 52 35         [ 1]  363 	ld	a, 0x5235
      00020E A4 F3            [ 1]  364 	and	a, #0xf3
      000210 C7 52 35         [ 1]  365 	ld	0x5235, a
                                    366 ;	/workspace/Software/Firmware/new_begining/STM8S_StdPeriph_Lib/src/stm8s_uart1.c: 140: UART1->CR3 &= (uint8_t)~(UART1_CR3_CPOL | UART1_CR3_CPHA | UART1_CR3_LBCL); 
      000213 C6 52 36         [ 1]  367 	ld	a, 0x5236
      000216 A4 F8            [ 1]  368 	and	a, #0xf8
      000218 C7 52 36         [ 1]  369 	ld	0x5236, a
                                    370 ;	/workspace/Software/Firmware/new_begining/STM8S_StdPeriph_Lib/src/stm8s_uart1.c: 142: UART1->CR3 |= (uint8_t)((uint8_t)SyncMode & (uint8_t)(UART1_CR3_CPOL | 
      00021B C6 52 36         [ 1]  371 	ld	a, 0x5236
      00021E 6B 0D            [ 1]  372 	ld	(0x0d, sp), a
      000220 7B 17            [ 1]  373 	ld	a, (0x17, sp)
      000222 A4 07            [ 1]  374 	and	a, #0x07
      000224 1A 0D            [ 1]  375 	or	a, (0x0d, sp)
      000226 C7 52 36         [ 1]  376 	ld	0x5236, a
                                    377 ;	/workspace/Software/Firmware/new_begining/STM8S_StdPeriph_Lib/src/stm8s_uart1.c: 138: UART1->CR2 &= (uint8_t)~(UART1_CR2_TEN | UART1_CR2_REN); 
      000229 C6 52 35         [ 1]  378 	ld	a, 0x5235
                                    379 ;	/workspace/Software/Firmware/new_begining/STM8S_StdPeriph_Lib/src/stm8s_uart1.c: 145: if ((uint8_t)(Mode & UART1_MODE_TX_ENABLE))
      00022C 88               [ 1]  380 	push	a
      00022D 7B 19            [ 1]  381 	ld	a, (0x19, sp)
      00022F A5 04            [ 1]  382 	bcp	a, #0x04
      000231 84               [ 1]  383 	pop	a
      000232 27 07            [ 1]  384 	jreq	00102$
                                    385 ;	/workspace/Software/Firmware/new_begining/STM8S_StdPeriph_Lib/src/stm8s_uart1.c: 148: UART1->CR2 |= (uint8_t)UART1_CR2_TEN;  
      000234 AA 08            [ 1]  386 	or	a, #0x08
      000236 C7 52 35         [ 1]  387 	ld	0x5235, a
      000239 20 05            [ 2]  388 	jra	00103$
      00023B                        389 00102$:
                                    390 ;	/workspace/Software/Firmware/new_begining/STM8S_StdPeriph_Lib/src/stm8s_uart1.c: 153: UART1->CR2 &= (uint8_t)(~UART1_CR2_TEN);  
      00023B A4 F7            [ 1]  391 	and	a, #0xf7
      00023D C7 52 35         [ 1]  392 	ld	0x5235, a
      000240                        393 00103$:
                                    394 ;	/workspace/Software/Firmware/new_begining/STM8S_StdPeriph_Lib/src/stm8s_uart1.c: 138: UART1->CR2 &= (uint8_t)~(UART1_CR2_TEN | UART1_CR2_REN); 
      000240 C6 52 35         [ 1]  395 	ld	a, 0x5235
                                    396 ;	/workspace/Software/Firmware/new_begining/STM8S_StdPeriph_Lib/src/stm8s_uart1.c: 155: if ((uint8_t)(Mode & UART1_MODE_RX_ENABLE))
      000243 88               [ 1]  397 	push	a
      000244 7B 19            [ 1]  398 	ld	a, (0x19, sp)
      000246 A5 08            [ 1]  399 	bcp	a, #0x08
      000248 84               [ 1]  400 	pop	a
      000249 27 07            [ 1]  401 	jreq	00105$
                                    402 ;	/workspace/Software/Firmware/new_begining/STM8S_StdPeriph_Lib/src/stm8s_uart1.c: 158: UART1->CR2 |= (uint8_t)UART1_CR2_REN;  
      00024B AA 04            [ 1]  403 	or	a, #0x04
      00024D C7 52 35         [ 1]  404 	ld	0x5235, a
      000250 20 05            [ 2]  405 	jra	00106$
      000252                        406 00105$:
                                    407 ;	/workspace/Software/Firmware/new_begining/STM8S_StdPeriph_Lib/src/stm8s_uart1.c: 163: UART1->CR2 &= (uint8_t)(~UART1_CR2_REN);  
      000252 A4 FB            [ 1]  408 	and	a, #0xfb
      000254 C7 52 35         [ 1]  409 	ld	0x5235, a
      000257                        410 00106$:
                                    411 ;	/workspace/Software/Firmware/new_begining/STM8S_StdPeriph_Lib/src/stm8s_uart1.c: 111: UART1->CR3 &= (uint8_t)(~UART1_CR3_STOP);  
      000257 C6 52 36         [ 1]  412 	ld	a, 0x5236
                                    413 ;	/workspace/Software/Firmware/new_begining/STM8S_StdPeriph_Lib/src/stm8s_uart1.c: 167: if ((uint8_t)(SyncMode & UART1_SYNCMODE_CLOCK_DISABLE))
      00025A 0D 17            [ 1]  414 	tnz	(0x17, sp)
      00025C 2A 07            [ 1]  415 	jrpl	00108$
                                    416 ;	/workspace/Software/Firmware/new_begining/STM8S_StdPeriph_Lib/src/stm8s_uart1.c: 170: UART1->CR3 &= (uint8_t)(~UART1_CR3_CKEN); 
      00025E A4 F7            [ 1]  417 	and	a, #0xf7
      000260 C7 52 36         [ 1]  418 	ld	0x5236, a
      000263 20 0D            [ 2]  419 	jra	00110$
      000265                        420 00108$:
                                    421 ;	/workspace/Software/Firmware/new_begining/STM8S_StdPeriph_Lib/src/stm8s_uart1.c: 174: UART1->CR3 |= (uint8_t)((uint8_t)SyncMode & UART1_CR3_CKEN);
      000265 88               [ 1]  422 	push	a
      000266 7B 18            [ 1]  423 	ld	a, (0x18, sp)
      000268 A4 08            [ 1]  424 	and	a, #0x08
      00026A 6B 0E            [ 1]  425 	ld	(0x0e, sp), a
      00026C 84               [ 1]  426 	pop	a
      00026D 1A 0D            [ 1]  427 	or	a, (0x0d, sp)
      00026F C7 52 36         [ 1]  428 	ld	0x5236, a
      000272                        429 00110$:
                                    430 ;	/workspace/Software/Firmware/new_begining/STM8S_StdPeriph_Lib/src/stm8s_uart1.c: 176: }
      000272 1E 0E            [ 2]  431 	ldw	x, (14, sp)
      000274 5B 18            [ 2]  432 	addw	sp, #24
      000276 FC               [ 2]  433 	jp	(x)
                                    434 ;	/workspace/Software/Firmware/new_begining/STM8S_StdPeriph_Lib/src/stm8s_uart1.c: 184: void UART1_Cmd(FunctionalState NewState)
                                    435 ;	-----------------------------------------
                                    436 ;	 function UART1_Cmd
                                    437 ;	-----------------------------------------
      000277                        438 _UART1_Cmd:
      000277 88               [ 1]  439 	push	a
      000278 6B 01            [ 1]  440 	ld	(0x01, sp), a
                                    441 ;	/workspace/Software/Firmware/new_begining/STM8S_StdPeriph_Lib/src/stm8s_uart1.c: 189: UART1->CR1 &= (uint8_t)(~UART1_CR1_UARTD); 
      00027A C6 52 34         [ 1]  442 	ld	a, 0x5234
                                    443 ;	/workspace/Software/Firmware/new_begining/STM8S_StdPeriph_Lib/src/stm8s_uart1.c: 186: if (NewState != DISABLE)
      00027D 0D 01            [ 1]  444 	tnz	(0x01, sp)
      00027F 27 07            [ 1]  445 	jreq	00102$
                                    446 ;	/workspace/Software/Firmware/new_begining/STM8S_StdPeriph_Lib/src/stm8s_uart1.c: 189: UART1->CR1 &= (uint8_t)(~UART1_CR1_UARTD); 
      000281 A4 DF            [ 1]  447 	and	a, #0xdf
      000283 C7 52 34         [ 1]  448 	ld	0x5234, a
      000286 20 05            [ 2]  449 	jra	00104$
      000288                        450 00102$:
                                    451 ;	/workspace/Software/Firmware/new_begining/STM8S_StdPeriph_Lib/src/stm8s_uart1.c: 194: UART1->CR1 |= UART1_CR1_UARTD;  
      000288 AA 20            [ 1]  452 	or	a, #0x20
      00028A C7 52 34         [ 1]  453 	ld	0x5234, a
      00028D                        454 00104$:
                                    455 ;	/workspace/Software/Firmware/new_begining/STM8S_StdPeriph_Lib/src/stm8s_uart1.c: 196: }
      00028D 84               [ 1]  456 	pop	a
      00028E 81               [ 4]  457 	ret
                                    458 ;	/workspace/Software/Firmware/new_begining/STM8S_StdPeriph_Lib/src/stm8s_uart1.c: 498: void UART1_SendData8(uint8_t Data)
                                    459 ;	-----------------------------------------
                                    460 ;	 function UART1_SendData8
                                    461 ;	-----------------------------------------
      00028F                        462 _UART1_SendData8:
                                    463 ;	/workspace/Software/Firmware/new_begining/STM8S_StdPeriph_Lib/src/stm8s_uart1.c: 501: UART1->DR = Data;
      00028F C7 52 31         [ 1]  464 	ld	0x5231, a
                                    465 ;	/workspace/Software/Firmware/new_begining/STM8S_StdPeriph_Lib/src/stm8s_uart1.c: 502: }
      000292 81               [ 4]  466 	ret
                                    467 ;	/workspace/Software/Firmware/new_begining/STM8S_StdPeriph_Lib/src/stm8s_uart1.c: 602: FlagStatus UART1_GetFlagStatus(UART1_Flag_TypeDef UART1_FLAG)
                                    468 ;	-----------------------------------------
                                    469 ;	 function UART1_GetFlagStatus
                                    470 ;	-----------------------------------------
      000293                        471 _UART1_GetFlagStatus:
      000293 52 02            [ 2]  472 	sub	sp, #2
                                    473 ;	/workspace/Software/Firmware/new_begining/STM8S_StdPeriph_Lib/src/stm8s_uart1.c: 607: assert_param(IS_UART1_FLAG_OK(UART1_FLAG));
      000295 90 93            [ 1]  474 	ldw	y, x
      000297 A3 01 01         [ 2]  475 	cpw	x, #0x0101
      00029A 26 05            [ 1]  476 	jrne	00253$
      00029C A6 01            [ 1]  477 	ld	a, #0x01
      00029E 6B 01            [ 1]  478 	ld	(0x01, sp), a
      0002A0 C5                     479 	.byte 0xc5
      0002A1                        480 00253$:
      0002A1 0F 01            [ 1]  481 	clr	(0x01, sp)
      0002A3                        482 00254$:
      0002A3 A3 02 10         [ 2]  483 	cpw	x, #0x0210
      0002A6 26 03            [ 1]  484 	jrne	00256$
      0002A8 A6 01            [ 1]  485 	ld	a, #0x01
      0002AA 21                     486 	.byte 0x21
      0002AB                        487 00256$:
      0002AB 4F               [ 1]  488 	clr	a
      0002AC                        489 00257$:
      0002AC A3 00 80         [ 2]  490 	cpw	x, #0x0080
      0002AF 27 3A            [ 1]  491 	jreq	00119$
      0002B1 A3 00 40         [ 2]  492 	cpw	x, #0x0040
      0002B4 27 35            [ 1]  493 	jreq	00119$
      0002B6 A3 00 20         [ 2]  494 	cpw	x, #0x0020
      0002B9 27 30            [ 1]  495 	jreq	00119$
      0002BB A3 00 10         [ 2]  496 	cpw	x, #0x0010
      0002BE 27 2B            [ 1]  497 	jreq	00119$
      0002C0 A3 00 08         [ 2]  498 	cpw	x, #0x0008
      0002C3 27 26            [ 1]  499 	jreq	00119$
      0002C5 A3 00 04         [ 2]  500 	cpw	x, #0x0004
      0002C8 27 21            [ 1]  501 	jreq	00119$
      0002CA A3 00 02         [ 2]  502 	cpw	x, #0x0002
      0002CD 27 1C            [ 1]  503 	jreq	00119$
      0002CF 5A               [ 2]  504 	decw	x
      0002D0 27 19            [ 1]  505 	jreq	00119$
      0002D2 0D 01            [ 1]  506 	tnz	(0x01, sp)
      0002D4 26 15            [ 1]  507 	jrne	00119$
      0002D6 4D               [ 1]  508 	tnz	a
      0002D7 26 12            [ 1]  509 	jrne	00119$
      0002D9 88               [ 1]  510 	push	a
      0002DA 90 89            [ 2]  511 	pushw	y
      0002DC 4B 5F            [ 1]  512 	push	#0x5f
      0002DE 4B 02            [ 1]  513 	push	#0x02
      0002E0 5F               [ 1]  514 	clrw	x
      0002E1 89               [ 2]  515 	pushw	x
      0002E2 AEr00r00         [ 2]  516 	ldw	x, #(___str_0+0)
      0002E5 CDr00r00         [ 4]  517 	call	_assert_failed
      0002E8 90 85            [ 2]  518 	popw	y
      0002EA 84               [ 1]  519 	pop	a
      0002EB                        520 00119$:
                                    521 ;	/workspace/Software/Firmware/new_begining/STM8S_StdPeriph_Lib/src/stm8s_uart1.c: 613: if ((UART1->CR4 & (uint8_t)UART1_FLAG) != (uint8_t)0x00)
      0002EB 61               [ 1]  522 	exg	a, yl
      0002EC 6B 02            [ 1]  523 	ld	(0x02, sp), a
      0002EE 61               [ 1]  524 	exg	a, yl
                                    525 ;	/workspace/Software/Firmware/new_begining/STM8S_StdPeriph_Lib/src/stm8s_uart1.c: 611: if (UART1_FLAG == UART1_FLAG_LBDF)
      0002EF 4D               [ 1]  526 	tnz	a
      0002F0 27 0E            [ 1]  527 	jreq	00114$
                                    528 ;	/workspace/Software/Firmware/new_begining/STM8S_StdPeriph_Lib/src/stm8s_uart1.c: 613: if ((UART1->CR4 & (uint8_t)UART1_FLAG) != (uint8_t)0x00)
      0002F2 C6 52 37         [ 1]  529 	ld	a, 0x5237
      0002F5 14 02            [ 1]  530 	and	a, (0x02, sp)
      0002F7 27 04            [ 1]  531 	jreq	00102$
                                    532 ;	/workspace/Software/Firmware/new_begining/STM8S_StdPeriph_Lib/src/stm8s_uart1.c: 616: status = SET;
      0002F9 A6 01            [ 1]  533 	ld	a, #0x01
      0002FB 20 20            [ 2]  534 	jra	00115$
      0002FD                        535 00102$:
                                    536 ;	/workspace/Software/Firmware/new_begining/STM8S_StdPeriph_Lib/src/stm8s_uart1.c: 621: status = RESET;
      0002FD 4F               [ 1]  537 	clr	a
      0002FE 20 1D            [ 2]  538 	jra	00115$
      000300                        539 00114$:
                                    540 ;	/workspace/Software/Firmware/new_begining/STM8S_StdPeriph_Lib/src/stm8s_uart1.c: 624: else if (UART1_FLAG == UART1_FLAG_SBK)
      000300 7B 01            [ 1]  541 	ld	a, (0x01, sp)
      000302 27 0E            [ 1]  542 	jreq	00111$
                                    543 ;	/workspace/Software/Firmware/new_begining/STM8S_StdPeriph_Lib/src/stm8s_uart1.c: 626: if ((UART1->CR2 & (uint8_t)UART1_FLAG) != (uint8_t)0x00)
      000304 C6 52 35         [ 1]  544 	ld	a, 0x5235
      000307 14 02            [ 1]  545 	and	a, (0x02, sp)
      000309 27 04            [ 1]  546 	jreq	00105$
                                    547 ;	/workspace/Software/Firmware/new_begining/STM8S_StdPeriph_Lib/src/stm8s_uart1.c: 629: status = SET;
      00030B A6 01            [ 1]  548 	ld	a, #0x01
      00030D 20 0E            [ 2]  549 	jra	00115$
      00030F                        550 00105$:
                                    551 ;	/workspace/Software/Firmware/new_begining/STM8S_StdPeriph_Lib/src/stm8s_uart1.c: 634: status = RESET;
      00030F 4F               [ 1]  552 	clr	a
      000310 20 0B            [ 2]  553 	jra	00115$
      000312                        554 00111$:
                                    555 ;	/workspace/Software/Firmware/new_begining/STM8S_StdPeriph_Lib/src/stm8s_uart1.c: 639: if ((UART1->SR & (uint8_t)UART1_FLAG) != (uint8_t)0x00)
      000312 C6 52 30         [ 1]  556 	ld	a, 0x5230
      000315 14 02            [ 1]  557 	and	a, (0x02, sp)
      000317 27 03            [ 1]  558 	jreq	00108$
                                    559 ;	/workspace/Software/Firmware/new_begining/STM8S_StdPeriph_Lib/src/stm8s_uart1.c: 642: status = SET;
      000319 A6 01            [ 1]  560 	ld	a, #0x01
                                    561 ;	/workspace/Software/Firmware/new_begining/STM8S_StdPeriph_Lib/src/stm8s_uart1.c: 647: status = RESET;
      00031B 21                     562 	.byte 0x21
      00031C                        563 00108$:
      00031C 4F               [ 1]  564 	clr	a
      00031D                        565 00115$:
                                    566 ;	/workspace/Software/Firmware/new_begining/STM8S_StdPeriph_Lib/src/stm8s_uart1.c: 651: return status;
                                    567 ;	/workspace/Software/Firmware/new_begining/STM8S_StdPeriph_Lib/src/stm8s_uart1.c: 652: }
      00031D 5B 02            [ 2]  568 	addw	sp, #2
      00031F 81               [ 4]  569 	ret
                                    570 ;	/workspace/Software/Firmware/new_begining/STM8S_StdPeriph_Lib/src/stm8s_uart1.c: 680: void UART1_ClearFlag(UART1_Flag_TypeDef UART1_FLAG)
                                    571 ;	-----------------------------------------
                                    572 ;	 function UART1_ClearFlag
                                    573 ;	-----------------------------------------
      000320                        574 _UART1_ClearFlag:
                                    575 ;	/workspace/Software/Firmware/new_begining/STM8S_StdPeriph_Lib/src/stm8s_uart1.c: 682: assert_param(IS_UART1_CLEAR_FLAG_OK(UART1_FLAG));
      000320 A3 00 20         [ 2]  576 	cpw	x, #0x0020
      000323 26 03            [ 1]  577 	jrne	00133$
      000325 A6 01            [ 1]  578 	ld	a, #0x01
      000327 21                     579 	.byte 0x21
      000328                        580 00133$:
      000328 4F               [ 1]  581 	clr	a
      000329                        582 00134$:
      000329 4D               [ 1]  583 	tnz	a
      00032A 26 13            [ 1]  584 	jrne	00107$
      00032C A3 02 10         [ 2]  585 	cpw	x, #0x0210
      00032F 27 0E            [ 1]  586 	jreq	00107$
      000331 88               [ 1]  587 	push	a
      000332 4B AA            [ 1]  588 	push	#0xaa
      000334 4B 02            [ 1]  589 	push	#0x02
      000336 5F               [ 1]  590 	clrw	x
      000337 89               [ 2]  591 	pushw	x
      000338 AEr00r00         [ 2]  592 	ldw	x, #(___str_0+0)
      00033B CDr00r00         [ 4]  593 	call	_assert_failed
      00033E 84               [ 1]  594 	pop	a
      00033F                        595 00107$:
                                    596 ;	/workspace/Software/Firmware/new_begining/STM8S_StdPeriph_Lib/src/stm8s_uart1.c: 685: if (UART1_FLAG == UART1_FLAG_RXNE)
      00033F 4D               [ 1]  597 	tnz	a
      000340 27 05            [ 1]  598 	jreq	00102$
                                    599 ;	/workspace/Software/Firmware/new_begining/STM8S_StdPeriph_Lib/src/stm8s_uart1.c: 687: UART1->SR = (uint8_t)~(UART1_SR_RXNE);
      000342 35 DF 52 30      [ 1]  600 	mov	0x5230+0, #0xdf
      000346 81               [ 4]  601 	ret
      000347                        602 00102$:
                                    603 ;	/workspace/Software/Firmware/new_begining/STM8S_StdPeriph_Lib/src/stm8s_uart1.c: 692: UART1->CR4 &= (uint8_t)~(UART1_CR4_LBDF);
      000347 72 19 52 37      [ 1]  604 	bres	0x5237, #4
                                    605 ;	/workspace/Software/Firmware/new_begining/STM8S_StdPeriph_Lib/src/stm8s_uart1.c: 694: }
      00034B 81               [ 4]  606 	ret
                                    607 	.area CODE
                                    608 	.area CONST
                                    609 	.area CONST
      000000                        610 ___str_0:
      000000 2F 77 6F 72 6B 73 70   611 	.ascii "/workspace/Software/Firmware/new_begining/STM8S_StdPeriph_Li"
             61 63 65 2F 53 6F 66
             74 77 61 72 65 2F 46
             69 72 6D 77 61 72 65
             2F 6E 65 77 5F 62 65
             67 69 6E 69 6E 67 2F
             53 54 4D 38 53 5F 53
             74 64 50 65 72 69 70
             68 5F 4C 69
      00003C 62 2F 73 72 63 2F 73   612 	.ascii "b/src/stm8s_uart1.c"
             74 6D 38 73 5F 75 61
             72 74 31 2E 63
      00004F 00                     613 	.db 0x00
                                    614 	.area CODE
                                    615 	.area INITIALIZER
                                    616 	.area CABS (ABS)
