                                      1 ;--------------------------------------------------------
                                      2 ; File Created by SDCC : free open source ISO C Compiler 
                                      3 ; Version 4.4.0 #14620 (Linux)
                                      4 ;--------------------------------------------------------
                                      5 	.module stm8s_i2c
                                      6 	.optsdcc -mstm8
                                      7 	
                                      8 ;--------------------------------------------------------
                                      9 ; Public variables in this module
                                     10 ;--------------------------------------------------------
                                     11 	.globl _assert_failed
                                     12 	.globl _I2C_DeInit
                                     13 	.globl _I2C_Init
                                     14 	.globl _I2C_Cmd
                                     15 	.globl _I2C_GenerateSTART
                                     16 	.globl _I2C_GenerateSTOP
                                     17 	.globl _I2C_AcknowledgeConfig
                                     18 	.globl _I2C_ITConfig
                                     19 	.globl _I2C_ReceiveData
                                     20 	.globl _I2C_Send7bitAddress
                                     21 	.globl _I2C_SendData
                                     22 	.globl _I2C_CheckEvent
                                     23 	.globl _I2C_GetFlagStatus
                                     24 ;--------------------------------------------------------
                                     25 ; ram data
                                     26 ;--------------------------------------------------------
                                     27 	.area DATA
                                     28 ;--------------------------------------------------------
                                     29 ; ram data
                                     30 ;--------------------------------------------------------
                                     31 	.area INITIALIZED
                                     32 ;--------------------------------------------------------
                                     33 ; absolute external ram data
                                     34 ;--------------------------------------------------------
                                     35 	.area DABS (ABS)
                                     36 
                                     37 ; default segment ordering for linker
                                     38 	.area HOME
                                     39 	.area GSINIT
                                     40 	.area GSFINAL
                                     41 	.area CONST
                                     42 	.area INITIALIZER
                                     43 	.area CODE
                                     44 
                                     45 ;--------------------------------------------------------
                                     46 ; global & static initialisations
                                     47 ;--------------------------------------------------------
                                     48 	.area HOME
                                     49 	.area GSINIT
                                     50 	.area GSFINAL
                                     51 	.area GSINIT
                                     52 ;--------------------------------------------------------
                                     53 ; Home
                                     54 ;--------------------------------------------------------
                                     55 	.area HOME
                                     56 	.area HOME
                                     57 ;--------------------------------------------------------
                                     58 ; code
                                     59 ;--------------------------------------------------------
                                     60 	.area CODE
                                     61 ;	/workspace/Software/Firmware/new_begining/STM8S_StdPeriph_Lib/src/stm8s_i2c.c: 68: void I2C_DeInit(void)
                                     62 ;	-----------------------------------------
                                     63 ;	 function I2C_DeInit
                                     64 ;	-----------------------------------------
      000000                         65 _I2C_DeInit:
                                     66 ;	/workspace/Software/Firmware/new_begining/STM8S_StdPeriph_Lib/src/stm8s_i2c.c: 70: I2C->CR1 = I2C_CR1_RESET_VALUE;
      000000 35 00 52 10      [ 1]   67 	mov	0x5210+0, #0x00
                                     68 ;	/workspace/Software/Firmware/new_begining/STM8S_StdPeriph_Lib/src/stm8s_i2c.c: 71: I2C->CR2 = I2C_CR2_RESET_VALUE;
      000004 35 00 52 11      [ 1]   69 	mov	0x5211+0, #0x00
                                     70 ;	/workspace/Software/Firmware/new_begining/STM8S_StdPeriph_Lib/src/stm8s_i2c.c: 72: I2C->FREQR = I2C_FREQR_RESET_VALUE;
      000008 35 00 52 12      [ 1]   71 	mov	0x5212+0, #0x00
                                     72 ;	/workspace/Software/Firmware/new_begining/STM8S_StdPeriph_Lib/src/stm8s_i2c.c: 73: I2C->OARL = I2C_OARL_RESET_VALUE;
      00000C 35 00 52 13      [ 1]   73 	mov	0x5213+0, #0x00
                                     74 ;	/workspace/Software/Firmware/new_begining/STM8S_StdPeriph_Lib/src/stm8s_i2c.c: 74: I2C->OARH = I2C_OARH_RESET_VALUE;
      000010 35 00 52 14      [ 1]   75 	mov	0x5214+0, #0x00
                                     76 ;	/workspace/Software/Firmware/new_begining/STM8S_StdPeriph_Lib/src/stm8s_i2c.c: 75: I2C->ITR = I2C_ITR_RESET_VALUE;
      000014 35 00 52 1A      [ 1]   77 	mov	0x521a+0, #0x00
                                     78 ;	/workspace/Software/Firmware/new_begining/STM8S_StdPeriph_Lib/src/stm8s_i2c.c: 76: I2C->CCRL = I2C_CCRL_RESET_VALUE;
      000018 35 00 52 1B      [ 1]   79 	mov	0x521b+0, #0x00
                                     80 ;	/workspace/Software/Firmware/new_begining/STM8S_StdPeriph_Lib/src/stm8s_i2c.c: 77: I2C->CCRH = I2C_CCRH_RESET_VALUE;
      00001C 35 00 52 1C      [ 1]   81 	mov	0x521c+0, #0x00
                                     82 ;	/workspace/Software/Firmware/new_begining/STM8S_StdPeriph_Lib/src/stm8s_i2c.c: 78: I2C->TRISER = I2C_TRISER_RESET_VALUE;
      000020 35 02 52 1D      [ 1]   83 	mov	0x521d+0, #0x02
                                     84 ;	/workspace/Software/Firmware/new_begining/STM8S_StdPeriph_Lib/src/stm8s_i2c.c: 79: }
      000024 81               [ 4]   85 	ret
                                     86 ;	/workspace/Software/Firmware/new_begining/STM8S_StdPeriph_Lib/src/stm8s_i2c.c: 99: void I2C_Init(uint32_t OutputClockFrequencyHz, uint16_t OwnAddress, 
                                     87 ;	-----------------------------------------
                                     88 ;	 function I2C_Init
                                     89 ;	-----------------------------------------
      000025                         90 _I2C_Init:
      000025 52 07            [ 2]   91 	sub	sp, #7
                                     92 ;	/workspace/Software/Firmware/new_begining/STM8S_StdPeriph_Lib/src/stm8s_i2c.c: 105: uint8_t tmpccrh = 0;
      000027 0F 05            [ 1]   93 	clr	(0x05, sp)
                                     94 ;	/workspace/Software/Firmware/new_begining/STM8S_StdPeriph_Lib/src/stm8s_i2c.c: 108: assert_param(IS_I2C_ACK_OK(Ack));
      000029 0D 11            [ 1]   95 	tnz	(0x11, sp)
      00002B 27 17            [ 1]   96 	jreq	00114$
      00002D 7B 11            [ 1]   97 	ld	a, (0x11, sp)
      00002F 4A               [ 1]   98 	dec	a
      000030 27 12            [ 1]   99 	jreq	00114$
      000032 7B 11            [ 1]  100 	ld	a, (0x11, sp)
      000034 A1 02            [ 1]  101 	cp	a, #0x02
      000036 27 0C            [ 1]  102 	jreq	00114$
      000038 4B 6C            [ 1]  103 	push	#0x6c
      00003A 5F               [ 1]  104 	clrw	x
      00003B 89               [ 2]  105 	pushw	x
      00003C 4B 00            [ 1]  106 	push	#0x00
      00003E AEr00r00         [ 2]  107 	ldw	x, #(___str_0+0)
      000041 CDr00r00         [ 4]  108 	call	_assert_failed
      000044                        109 00114$:
                                    110 ;	/workspace/Software/Firmware/new_begining/STM8S_StdPeriph_Lib/src/stm8s_i2c.c: 109: assert_param(IS_I2C_ADDMODE_OK(AddMode));
      000044 0D 12            [ 1]  111 	tnz	(0x12, sp)
      000046 27 12            [ 1]  112 	jreq	00122$
      000048 7B 12            [ 1]  113 	ld	a, (0x12, sp)
      00004A A1 80            [ 1]  114 	cp	a, #0x80
      00004C 27 0C            [ 1]  115 	jreq	00122$
      00004E 4B 6D            [ 1]  116 	push	#0x6d
      000050 5F               [ 1]  117 	clrw	x
      000051 89               [ 2]  118 	pushw	x
      000052 4B 00            [ 1]  119 	push	#0x00
      000054 AEr00r00         [ 2]  120 	ldw	x, #(___str_0+0)
      000057 CDr00r00         [ 4]  121 	call	_assert_failed
      00005A                        122 00122$:
                                    123 ;	/workspace/Software/Firmware/new_begining/STM8S_StdPeriph_Lib/src/stm8s_i2c.c: 110: assert_param(IS_I2C_OWN_ADDRESS_OK(OwnAddress));
      00005A 1E 0E            [ 2]  124 	ldw	x, (0x0e, sp)
      00005C A3 03 FF         [ 2]  125 	cpw	x, #0x03ff
      00005F 23 0C            [ 2]  126 	jrule	00127$
      000061 4B 6E            [ 1]  127 	push	#0x6e
      000063 5F               [ 1]  128 	clrw	x
      000064 89               [ 2]  129 	pushw	x
      000065 4B 00            [ 1]  130 	push	#0x00
      000067 AEr00r00         [ 2]  131 	ldw	x, #(___str_0+0)
      00006A CDr00r00         [ 4]  132 	call	_assert_failed
      00006D                        133 00127$:
                                    134 ;	/workspace/Software/Firmware/new_begining/STM8S_StdPeriph_Lib/src/stm8s_i2c.c: 111: assert_param(IS_I2C_DUTYCYCLE_OK(I2C_DutyCycle));  
      00006D 0D 10            [ 1]  135 	tnz	(0x10, sp)
      00006F 27 12            [ 1]  136 	jreq	00129$
      000071 7B 10            [ 1]  137 	ld	a, (0x10, sp)
      000073 A1 40            [ 1]  138 	cp	a, #0x40
      000075 27 0C            [ 1]  139 	jreq	00129$
      000077 4B 6F            [ 1]  140 	push	#0x6f
      000079 5F               [ 1]  141 	clrw	x
      00007A 89               [ 2]  142 	pushw	x
      00007B 4B 00            [ 1]  143 	push	#0x00
      00007D AEr00r00         [ 2]  144 	ldw	x, #(___str_0+0)
      000080 CDr00r00         [ 4]  145 	call	_assert_failed
      000083                        146 00129$:
                                    147 ;	/workspace/Software/Firmware/new_begining/STM8S_StdPeriph_Lib/src/stm8s_i2c.c: 112: assert_param(IS_I2C_INPUT_CLOCK_FREQ_OK(InputClockFrequencyMHz));
      000083 7B 13            [ 1]  148 	ld	a, (0x13, sp)
      000085 A1 01            [ 1]  149 	cp	a, #0x01
      000087 25 06            [ 1]  150 	jrc	00133$
      000089 7B 13            [ 1]  151 	ld	a, (0x13, sp)
      00008B A1 10            [ 1]  152 	cp	a, #0x10
      00008D 23 0C            [ 2]  153 	jrule	00134$
      00008F                        154 00133$:
      00008F 4B 70            [ 1]  155 	push	#0x70
      000091 5F               [ 1]  156 	clrw	x
      000092 89               [ 2]  157 	pushw	x
      000093 4B 00            [ 1]  158 	push	#0x00
      000095 AEr00r00         [ 2]  159 	ldw	x, #(___str_0+0)
      000098 CDr00r00         [ 4]  160 	call	_assert_failed
      00009B                        161 00134$:
                                    162 ;	/workspace/Software/Firmware/new_begining/STM8S_StdPeriph_Lib/src/stm8s_i2c.c: 113: assert_param(IS_I2C_OUTPUT_CLOCK_FREQ_OK(OutputClockFrequencyHz));
      00009B 1E 0C            [ 2]  163 	ldw	x, (0x0c, sp)
      00009D A3 00 01         [ 2]  164 	cpw	x, #0x0001
      0000A0 7B 0B            [ 1]  165 	ld	a, (0x0b, sp)
      0000A2 A2 00            [ 1]  166 	sbc	a, #0x00
      0000A4 7B 0A            [ 1]  167 	ld	a, (0x0a, sp)
      0000A6 A2 00            [ 1]  168 	sbc	a, #0x00
      0000A8 25 0E            [ 1]  169 	jrc	00138$
      0000AA AE 1A 80         [ 2]  170 	ldw	x, #0x1a80
      0000AD 13 0C            [ 2]  171 	cpw	x, (0x0c, sp)
      0000AF A6 06            [ 1]  172 	ld	a, #0x06
      0000B1 12 0B            [ 1]  173 	sbc	a, (0x0b, sp)
      0000B3 4F               [ 1]  174 	clr	a
      0000B4 12 0A            [ 1]  175 	sbc	a, (0x0a, sp)
      0000B6 24 0C            [ 1]  176 	jrnc	00139$
      0000B8                        177 00138$:
      0000B8 4B 71            [ 1]  178 	push	#0x71
      0000BA 5F               [ 1]  179 	clrw	x
      0000BB 89               [ 2]  180 	pushw	x
      0000BC 4B 00            [ 1]  181 	push	#0x00
      0000BE AEr00r00         [ 2]  182 	ldw	x, #(___str_0+0)
      0000C1 CDr00r00         [ 4]  183 	call	_assert_failed
      0000C4                        184 00139$:
                                    185 ;	/workspace/Software/Firmware/new_begining/STM8S_StdPeriph_Lib/src/stm8s_i2c.c: 118: I2C->FREQR &= (uint8_t)(~I2C_FREQR_FREQ);
      0000C4 C6 52 12         [ 1]  186 	ld	a, 0x5212
      0000C7 A4 C0            [ 1]  187 	and	a, #0xc0
      0000C9 C7 52 12         [ 1]  188 	ld	0x5212, a
                                    189 ;	/workspace/Software/Firmware/new_begining/STM8S_StdPeriph_Lib/src/stm8s_i2c.c: 120: I2C->FREQR |= InputClockFrequencyMHz;
      0000CC C6 52 12         [ 1]  190 	ld	a, 0x5212
      0000CF 1A 13            [ 1]  191 	or	a, (0x13, sp)
      0000D1 C7 52 12         [ 1]  192 	ld	0x5212, a
                                    193 ;	/workspace/Software/Firmware/new_begining/STM8S_StdPeriph_Lib/src/stm8s_i2c.c: 124: I2C->CR1 &= (uint8_t)(~I2C_CR1_PE);
      0000D4 72 11 52 10      [ 1]  194 	bres	0x5210, #0
                                    195 ;	/workspace/Software/Firmware/new_begining/STM8S_StdPeriph_Lib/src/stm8s_i2c.c: 127: I2C->CCRH &= (uint8_t)(~(I2C_CCRH_FS | I2C_CCRH_DUTY | I2C_CCRH_CCR));
      0000D8 C6 52 1C         [ 1]  196 	ld	a, 0x521c
      0000DB A4 30            [ 1]  197 	and	a, #0x30
      0000DD C7 52 1C         [ 1]  198 	ld	0x521c, a
                                    199 ;	/workspace/Software/Firmware/new_begining/STM8S_StdPeriph_Lib/src/stm8s_i2c.c: 128: I2C->CCRL &= (uint8_t)(~I2C_CCRL_CCR);
      0000E0 C6 52 1B         [ 1]  200 	ld	a, 0x521b
      0000E3 35 00 52 1B      [ 1]  201 	mov	0x521b+0, #0x00
                                    202 ;	/workspace/Software/Firmware/new_begining/STM8S_StdPeriph_Lib/src/stm8s_i2c.c: 139: result = (uint16_t) ((InputClockFrequencyMHz * 1000000) / (OutputClockFrequencyHz * 3));
      0000E7 7B 13            [ 1]  203 	ld	a, (0x13, sp)
      0000E9 5F               [ 1]  204 	clrw	x
      0000EA 0F 01            [ 1]  205 	clr	(0x01, sp)
      0000EC 88               [ 1]  206 	push	a
      0000ED 89               [ 2]  207 	pushw	x
      0000EE 4F               [ 1]  208 	clr	a
      0000EF 88               [ 1]  209 	push	a
      0000F0 4B 40            [ 1]  210 	push	#0x40
      0000F2 4B 42            [ 1]  211 	push	#0x42
      0000F4 4B 0F            [ 1]  212 	push	#0x0f
      0000F6 4B 00            [ 1]  213 	push	#0x00
      0000F8 CDr00r00         [ 4]  214 	call	__mullong
      0000FB 5B 08            [ 2]  215 	addw	sp, #8
      0000FD 1F 03            [ 2]  216 	ldw	(0x03, sp), x
      0000FF 17 01            [ 2]  217 	ldw	(0x01, sp), y
                                    218 ;	/workspace/Software/Firmware/new_begining/STM8S_StdPeriph_Lib/src/stm8s_i2c.c: 131: if (OutputClockFrequencyHz > I2C_MAX_STANDARD_FREQ) /* FAST MODE */
      000101 AE 86 A0         [ 2]  219 	ldw	x, #0x86a0
      000104 13 0C            [ 2]  220 	cpw	x, (0x0c, sp)
      000106 A6 01            [ 1]  221 	ld	a, #0x01
      000108 12 0B            [ 1]  222 	sbc	a, (0x0b, sp)
      00010A 4F               [ 1]  223 	clr	a
      00010B 12 0A            [ 1]  224 	sbc	a, (0x0a, sp)
      00010D 24 76            [ 1]  225 	jrnc	00109$
                                    226 ;	/workspace/Software/Firmware/new_begining/STM8S_StdPeriph_Lib/src/stm8s_i2c.c: 134: tmpccrh = I2C_CCRH_FS;
      00010F A6 80            [ 1]  227 	ld	a, #0x80
      000111 6B 05            [ 1]  228 	ld	(0x05, sp), a
                                    229 ;	/workspace/Software/Firmware/new_begining/STM8S_StdPeriph_Lib/src/stm8s_i2c.c: 136: if (I2C_DutyCycle == I2C_DUTYCYCLE_2)
      000113 0D 10            [ 1]  230 	tnz	(0x10, sp)
      000115 26 21            [ 1]  231 	jrne	00102$
                                    232 ;	/workspace/Software/Firmware/new_begining/STM8S_StdPeriph_Lib/src/stm8s_i2c.c: 139: result = (uint16_t) ((InputClockFrequencyMHz * 1000000) / (OutputClockFrequencyHz * 3));
      000117 1E 0C            [ 2]  233 	ldw	x, (0x0c, sp)
      000119 89               [ 2]  234 	pushw	x
      00011A 1E 0C            [ 2]  235 	ldw	x, (0x0c, sp)
      00011C 89               [ 2]  236 	pushw	x
      00011D 4B 03            [ 1]  237 	push	#0x03
      00011F 5F               [ 1]  238 	clrw	x
      000120 89               [ 2]  239 	pushw	x
      000121 4B 00            [ 1]  240 	push	#0x00
      000123 CDr00r00         [ 4]  241 	call	__mullong
      000126 5B 08            [ 2]  242 	addw	sp, #8
      000128 89               [ 2]  243 	pushw	x
      000129 90 89            [ 2]  244 	pushw	y
      00012B 1E 07            [ 2]  245 	ldw	x, (0x07, sp)
      00012D 89               [ 2]  246 	pushw	x
      00012E 1E 07            [ 2]  247 	ldw	x, (0x07, sp)
      000130 89               [ 2]  248 	pushw	x
      000131 CDr00r00         [ 4]  249 	call	__divulong
      000134 5B 08            [ 2]  250 	addw	sp, #8
      000136 20 26            [ 2]  251 	jra	00103$
      000138                        252 00102$:
                                    253 ;	/workspace/Software/Firmware/new_begining/STM8S_StdPeriph_Lib/src/stm8s_i2c.c: 144: result = (uint16_t) ((InputClockFrequencyMHz * 1000000) / (OutputClockFrequencyHz * 25));
      000138 1E 0C            [ 2]  254 	ldw	x, (0x0c, sp)
      00013A 89               [ 2]  255 	pushw	x
      00013B 1E 0C            [ 2]  256 	ldw	x, (0x0c, sp)
      00013D 89               [ 2]  257 	pushw	x
      00013E 4B 19            [ 1]  258 	push	#0x19
      000140 5F               [ 1]  259 	clrw	x
      000141 89               [ 2]  260 	pushw	x
      000142 4B 00            [ 1]  261 	push	#0x00
      000144 CDr00r00         [ 4]  262 	call	__mullong
      000147 5B 08            [ 2]  263 	addw	sp, #8
      000149 9F               [ 1]  264 	ld	a, xl
      00014A 88               [ 1]  265 	push	a
      00014B 9E               [ 1]  266 	ld	a, xh
      00014C 88               [ 1]  267 	push	a
      00014D 90 89            [ 2]  268 	pushw	y
      00014F 1E 07            [ 2]  269 	ldw	x, (0x07, sp)
      000151 89               [ 2]  270 	pushw	x
      000152 1E 07            [ 2]  271 	ldw	x, (0x07, sp)
      000154 89               [ 2]  272 	pushw	x
      000155 CDr00r00         [ 4]  273 	call	__divulong
      000158 5B 08            [ 2]  274 	addw	sp, #8
                                    275 ;	/workspace/Software/Firmware/new_begining/STM8S_StdPeriph_Lib/src/stm8s_i2c.c: 146: tmpccrh |= I2C_CCRH_DUTY;
      00015A A6 C0            [ 1]  276 	ld	a, #0xc0
      00015C 6B 05            [ 1]  277 	ld	(0x05, sp), a
      00015E                        278 00103$:
                                    279 ;	/workspace/Software/Firmware/new_begining/STM8S_StdPeriph_Lib/src/stm8s_i2c.c: 150: if (result < (uint16_t)0x01)
      00015E A3 00 01         [ 2]  280 	cpw	x, #0x0001
      000161 24 02            [ 1]  281 	jrnc	00105$
                                    282 ;	/workspace/Software/Firmware/new_begining/STM8S_StdPeriph_Lib/src/stm8s_i2c.c: 153: result = (uint16_t)0x0001;
      000163 5F               [ 1]  283 	clrw	x
      000164 5C               [ 1]  284 	incw	x
      000165                        285 00105$:
                                    286 ;	/workspace/Software/Firmware/new_begining/STM8S_StdPeriph_Lib/src/stm8s_i2c.c: 159: tmpval = ((InputClockFrequencyMHz * 3) / 10) + 1;
      000165 7B 13            [ 1]  287 	ld	a, (0x13, sp)
      000167 6B 07            [ 1]  288 	ld	(0x07, sp), a
      000169 0F 06            [ 1]  289 	clr	(0x06, sp)
      00016B 89               [ 2]  290 	pushw	x
      00016C 1E 08            [ 2]  291 	ldw	x, (0x08, sp)
      00016E 58               [ 2]  292 	sllw	x
      00016F 72 FB 08         [ 2]  293 	addw	x, (0x08, sp)
      000172 51               [ 1]  294 	exgw	x, y
      000173 4B 0A            [ 1]  295 	push	#0x0a
      000175 4B 00            [ 1]  296 	push	#0x00
      000177 93               [ 1]  297 	ldw	x, y
      000178 CDr00r00         [ 4]  298 	call	__divsint
      00017B 90 93            [ 1]  299 	ldw	y, x
      00017D 9F               [ 1]  300 	ld	a, xl
      00017E 85               [ 2]  301 	popw	x
      00017F 4C               [ 1]  302 	inc	a
                                    303 ;	/workspace/Software/Firmware/new_begining/STM8S_StdPeriph_Lib/src/stm8s_i2c.c: 160: I2C->TRISER = (uint8_t)tmpval;
      000180 C7 52 1D         [ 1]  304 	ld	0x521d, a
      000183 20 23            [ 2]  305 	jra	00110$
      000185                        306 00109$:
                                    307 ;	/workspace/Software/Firmware/new_begining/STM8S_StdPeriph_Lib/src/stm8s_i2c.c: 167: result = (uint16_t)((InputClockFrequencyMHz * 1000000) / (OutputClockFrequencyHz << (uint8_t)1));
      000185 1E 0C            [ 2]  308 	ldw	x, (0x0c, sp)
      000187 16 0A            [ 2]  309 	ldw	y, (0x0a, sp)
      000189 58               [ 2]  310 	sllw	x
      00018A 90 59            [ 2]  311 	rlcw	y
      00018C 89               [ 2]  312 	pushw	x
      00018D 90 89            [ 2]  313 	pushw	y
      00018F 1E 07            [ 2]  314 	ldw	x, (0x07, sp)
      000191 89               [ 2]  315 	pushw	x
      000192 1E 07            [ 2]  316 	ldw	x, (0x07, sp)
      000194 89               [ 2]  317 	pushw	x
      000195 CDr00r00         [ 4]  318 	call	__divulong
      000198 5B 08            [ 2]  319 	addw	sp, #8
                                    320 ;	/workspace/Software/Firmware/new_begining/STM8S_StdPeriph_Lib/src/stm8s_i2c.c: 170: if (result < (uint16_t)0x0004)
      00019A A3 00 04         [ 2]  321 	cpw	x, #0x0004
      00019D 24 03            [ 1]  322 	jrnc	00107$
                                    323 ;	/workspace/Software/Firmware/new_begining/STM8S_StdPeriph_Lib/src/stm8s_i2c.c: 173: result = (uint16_t)0x0004;
      00019F AE 00 04         [ 2]  324 	ldw	x, #0x0004
      0001A2                        325 00107$:
                                    326 ;	/workspace/Software/Firmware/new_begining/STM8S_StdPeriph_Lib/src/stm8s_i2c.c: 179: I2C->TRISER = (uint8_t)(InputClockFrequencyMHz + (uint8_t)1);
      0001A2 7B 13            [ 1]  327 	ld	a, (0x13, sp)
      0001A4 4C               [ 1]  328 	inc	a
      0001A5 C7 52 1D         [ 1]  329 	ld	0x521d, a
      0001A8                        330 00110$:
                                    331 ;	/workspace/Software/Firmware/new_begining/STM8S_StdPeriph_Lib/src/stm8s_i2c.c: 184: I2C->CCRL = (uint8_t)result;
      0001A8 9F               [ 1]  332 	ld	a, xl
      0001A9 C7 52 1B         [ 1]  333 	ld	0x521b, a
                                    334 ;	/workspace/Software/Firmware/new_begining/STM8S_StdPeriph_Lib/src/stm8s_i2c.c: 185: I2C->CCRH = (uint8_t)((uint8_t)((uint8_t)(result >> 8) & I2C_CCRH_CCR) | tmpccrh);
      0001AC 9E               [ 1]  335 	ld	a, xh
      0001AD A4 0F            [ 1]  336 	and	a, #0x0f
      0001AF 1A 05            [ 1]  337 	or	a, (0x05, sp)
      0001B1 C7 52 1C         [ 1]  338 	ld	0x521c, a
                                    339 ;	/workspace/Software/Firmware/new_begining/STM8S_StdPeriph_Lib/src/stm8s_i2c.c: 188: I2C->CR1 |= I2C_CR1_PE;
      0001B4 72 10 52 10      [ 1]  340 	bset	0x5210, #0
                                    341 ;	/workspace/Software/Firmware/new_begining/STM8S_StdPeriph_Lib/src/stm8s_i2c.c: 191: I2C_AcknowledgeConfig(Ack);
      0001B8 7B 11            [ 1]  342 	ld	a, (0x11, sp)
      0001BA CDr02r5B         [ 4]  343 	call	_I2C_AcknowledgeConfig
                                    344 ;	/workspace/Software/Firmware/new_begining/STM8S_StdPeriph_Lib/src/stm8s_i2c.c: 194: I2C->OARL = (uint8_t)(OwnAddress);
      0001BD 7B 0F            [ 1]  345 	ld	a, (0x0f, sp)
      0001BF C7 52 13         [ 1]  346 	ld	0x5213, a
                                    347 ;	/workspace/Software/Firmware/new_begining/STM8S_StdPeriph_Lib/src/stm8s_i2c.c: 195: I2C->OARH = (uint8_t)((uint8_t)(AddMode | I2C_OARH_ADDCONF) |
      0001C2 7B 12            [ 1]  348 	ld	a, (0x12, sp)
      0001C4 AA 40            [ 1]  349 	or	a, #0x40
      0001C6 6B 07            [ 1]  350 	ld	(0x07, sp), a
                                    351 ;	/workspace/Software/Firmware/new_begining/STM8S_StdPeriph_Lib/src/stm8s_i2c.c: 196: (uint8_t)((OwnAddress & (uint16_t)0x0300) >> (uint8_t)7));
      0001C8 4F               [ 1]  352 	clr	a
      0001C9 97               [ 1]  353 	ld	xl, a
      0001CA 7B 0E            [ 1]  354 	ld	a, (0x0e, sp)
      0001CC A4 03            [ 1]  355 	and	a, #0x03
      0001CE 95               [ 1]  356 	ld	xh, a
      0001CF A6 80            [ 1]  357 	ld	a, #0x80
      0001D1 62               [ 2]  358 	div	x, a
      0001D2 9F               [ 1]  359 	ld	a, xl
      0001D3 1A 07            [ 1]  360 	or	a, (0x07, sp)
      0001D5 C7 52 14         [ 1]  361 	ld	0x5214, a
                                    362 ;	/workspace/Software/Firmware/new_begining/STM8S_StdPeriph_Lib/src/stm8s_i2c.c: 197: }
      0001D8 1E 08            [ 2]  363 	ldw	x, (8, sp)
      0001DA 5B 13            [ 2]  364 	addw	sp, #19
      0001DC FC               [ 2]  365 	jp	(x)
                                    366 ;	/workspace/Software/Firmware/new_begining/STM8S_StdPeriph_Lib/src/stm8s_i2c.c: 207: void I2C_Cmd(FunctionalState NewState)
                                    367 ;	-----------------------------------------
                                    368 ;	 function I2C_Cmd
                                    369 ;	-----------------------------------------
      0001DD                        370 _I2C_Cmd:
      0001DD 88               [ 1]  371 	push	a
                                    372 ;	/workspace/Software/Firmware/new_begining/STM8S_StdPeriph_Lib/src/stm8s_i2c.c: 210: assert_param(IS_FUNCTIONALSTATE_OK(NewState));
      0001DE 6B 01            [ 1]  373 	ld	(0x01, sp), a
      0001E0 27 10            [ 1]  374 	jreq	00107$
      0001E2 0D 01            [ 1]  375 	tnz	(0x01, sp)
      0001E4 26 0C            [ 1]  376 	jrne	00107$
      0001E6 4B D2            [ 1]  377 	push	#0xd2
      0001E8 5F               [ 1]  378 	clrw	x
      0001E9 89               [ 2]  379 	pushw	x
      0001EA 4B 00            [ 1]  380 	push	#0x00
      0001EC AEr00r00         [ 2]  381 	ldw	x, #(___str_0+0)
      0001EF CDr00r00         [ 4]  382 	call	_assert_failed
      0001F2                        383 00107$:
                                    384 ;	/workspace/Software/Firmware/new_begining/STM8S_StdPeriph_Lib/src/stm8s_i2c.c: 215: I2C->CR1 |= I2C_CR1_PE;
      0001F2 C6 52 10         [ 1]  385 	ld	a, 0x5210
                                    386 ;	/workspace/Software/Firmware/new_begining/STM8S_StdPeriph_Lib/src/stm8s_i2c.c: 212: if (NewState != DISABLE)
      0001F5 0D 01            [ 1]  387 	tnz	(0x01, sp)
      0001F7 27 07            [ 1]  388 	jreq	00102$
                                    389 ;	/workspace/Software/Firmware/new_begining/STM8S_StdPeriph_Lib/src/stm8s_i2c.c: 215: I2C->CR1 |= I2C_CR1_PE;
      0001F9 AA 01            [ 1]  390 	or	a, #0x01
      0001FB C7 52 10         [ 1]  391 	ld	0x5210, a
      0001FE 20 05            [ 2]  392 	jra	00104$
      000200                        393 00102$:
                                    394 ;	/workspace/Software/Firmware/new_begining/STM8S_StdPeriph_Lib/src/stm8s_i2c.c: 220: I2C->CR1 &= (uint8_t)(~I2C_CR1_PE);
      000200 A4 FE            [ 1]  395 	and	a, #0xfe
      000202 C7 52 10         [ 1]  396 	ld	0x5210, a
      000205                        397 00104$:
                                    398 ;	/workspace/Software/Firmware/new_begining/STM8S_StdPeriph_Lib/src/stm8s_i2c.c: 222: }
      000205 84               [ 1]  399 	pop	a
      000206 81               [ 4]  400 	ret
                                    401 ;	/workspace/Software/Firmware/new_begining/STM8S_StdPeriph_Lib/src/stm8s_i2c.c: 259: void I2C_GenerateSTART(FunctionalState NewState)
                                    402 ;	-----------------------------------------
                                    403 ;	 function I2C_GenerateSTART
                                    404 ;	-----------------------------------------
      000207                        405 _I2C_GenerateSTART:
      000207 88               [ 1]  406 	push	a
                                    407 ;	/workspace/Software/Firmware/new_begining/STM8S_StdPeriph_Lib/src/stm8s_i2c.c: 262: assert_param(IS_FUNCTIONALSTATE_OK(NewState));
      000208 6B 01            [ 1]  408 	ld	(0x01, sp), a
      00020A 27 10            [ 1]  409 	jreq	00107$
      00020C 0D 01            [ 1]  410 	tnz	(0x01, sp)
      00020E 26 0C            [ 1]  411 	jrne	00107$
      000210 4B 06            [ 1]  412 	push	#0x06
      000212 4B 01            [ 1]  413 	push	#0x01
      000214 5F               [ 1]  414 	clrw	x
      000215 89               [ 2]  415 	pushw	x
      000216 AEr00r00         [ 2]  416 	ldw	x, #(___str_0+0)
      000219 CDr00r00         [ 4]  417 	call	_assert_failed
      00021C                        418 00107$:
                                    419 ;	/workspace/Software/Firmware/new_begining/STM8S_StdPeriph_Lib/src/stm8s_i2c.c: 267: I2C->CR2 |= I2C_CR2_START;
      00021C C6 52 11         [ 1]  420 	ld	a, 0x5211
                                    421 ;	/workspace/Software/Firmware/new_begining/STM8S_StdPeriph_Lib/src/stm8s_i2c.c: 264: if (NewState != DISABLE)
      00021F 0D 01            [ 1]  422 	tnz	(0x01, sp)
      000221 27 07            [ 1]  423 	jreq	00102$
                                    424 ;	/workspace/Software/Firmware/new_begining/STM8S_StdPeriph_Lib/src/stm8s_i2c.c: 267: I2C->CR2 |= I2C_CR2_START;
      000223 AA 01            [ 1]  425 	or	a, #0x01
      000225 C7 52 11         [ 1]  426 	ld	0x5211, a
      000228 20 05            [ 2]  427 	jra	00104$
      00022A                        428 00102$:
                                    429 ;	/workspace/Software/Firmware/new_begining/STM8S_StdPeriph_Lib/src/stm8s_i2c.c: 272: I2C->CR2 &= (uint8_t)(~I2C_CR2_START);
      00022A A4 FE            [ 1]  430 	and	a, #0xfe
      00022C C7 52 11         [ 1]  431 	ld	0x5211, a
      00022F                        432 00104$:
                                    433 ;	/workspace/Software/Firmware/new_begining/STM8S_StdPeriph_Lib/src/stm8s_i2c.c: 274: }
      00022F 84               [ 1]  434 	pop	a
      000230 81               [ 4]  435 	ret
                                    436 ;	/workspace/Software/Firmware/new_begining/STM8S_StdPeriph_Lib/src/stm8s_i2c.c: 284: void I2C_GenerateSTOP(FunctionalState NewState)
                                    437 ;	-----------------------------------------
                                    438 ;	 function I2C_GenerateSTOP
                                    439 ;	-----------------------------------------
      000231                        440 _I2C_GenerateSTOP:
      000231 88               [ 1]  441 	push	a
                                    442 ;	/workspace/Software/Firmware/new_begining/STM8S_StdPeriph_Lib/src/stm8s_i2c.c: 287: assert_param(IS_FUNCTIONALSTATE_OK(NewState));
      000232 6B 01            [ 1]  443 	ld	(0x01, sp), a
      000234 27 10            [ 1]  444 	jreq	00107$
      000236 0D 01            [ 1]  445 	tnz	(0x01, sp)
      000238 26 0C            [ 1]  446 	jrne	00107$
      00023A 4B 1F            [ 1]  447 	push	#0x1f
      00023C 4B 01            [ 1]  448 	push	#0x01
      00023E 5F               [ 1]  449 	clrw	x
      00023F 89               [ 2]  450 	pushw	x
      000240 AEr00r00         [ 2]  451 	ldw	x, #(___str_0+0)
      000243 CDr00r00         [ 4]  452 	call	_assert_failed
      000246                        453 00107$:
                                    454 ;	/workspace/Software/Firmware/new_begining/STM8S_StdPeriph_Lib/src/stm8s_i2c.c: 292: I2C->CR2 |= I2C_CR2_STOP;
      000246 C6 52 11         [ 1]  455 	ld	a, 0x5211
                                    456 ;	/workspace/Software/Firmware/new_begining/STM8S_StdPeriph_Lib/src/stm8s_i2c.c: 289: if (NewState != DISABLE)
      000249 0D 01            [ 1]  457 	tnz	(0x01, sp)
      00024B 27 07            [ 1]  458 	jreq	00102$
                                    459 ;	/workspace/Software/Firmware/new_begining/STM8S_StdPeriph_Lib/src/stm8s_i2c.c: 292: I2C->CR2 |= I2C_CR2_STOP;
      00024D AA 02            [ 1]  460 	or	a, #0x02
      00024F C7 52 11         [ 1]  461 	ld	0x5211, a
      000252 20 05            [ 2]  462 	jra	00104$
      000254                        463 00102$:
                                    464 ;	/workspace/Software/Firmware/new_begining/STM8S_StdPeriph_Lib/src/stm8s_i2c.c: 297: I2C->CR2 &= (uint8_t)(~I2C_CR2_STOP);
      000254 A4 FD            [ 1]  465 	and	a, #0xfd
      000256 C7 52 11         [ 1]  466 	ld	0x5211, a
      000259                        467 00104$:
                                    468 ;	/workspace/Software/Firmware/new_begining/STM8S_StdPeriph_Lib/src/stm8s_i2c.c: 299: }
      000259 84               [ 1]  469 	pop	a
      00025A 81               [ 4]  470 	ret
                                    471 ;	/workspace/Software/Firmware/new_begining/STM8S_StdPeriph_Lib/src/stm8s_i2c.c: 361: void I2C_AcknowledgeConfig(I2C_Ack_TypeDef Ack)
                                    472 ;	-----------------------------------------
                                    473 ;	 function I2C_AcknowledgeConfig
                                    474 ;	-----------------------------------------
      00025B                        475 _I2C_AcknowledgeConfig:
      00025B 52 02            [ 2]  476 	sub	sp, #2
                                    477 ;	/workspace/Software/Firmware/new_begining/STM8S_StdPeriph_Lib/src/stm8s_i2c.c: 364: assert_param(IS_I2C_ACK_OK(Ack));
      00025D 6B 02            [ 1]  478 	ld	(0x02, sp), a
      00025F 4A               [ 1]  479 	dec	a
      000260 26 05            [ 1]  480 	jrne	00153$
      000262 A6 01            [ 1]  481 	ld	a, #0x01
      000264 6B 01            [ 1]  482 	ld	(0x01, sp), a
      000266 C5                     483 	.byte 0xc5
      000267                        484 00153$:
      000267 0F 01            [ 1]  485 	clr	(0x01, sp)
      000269                        486 00154$:
      000269 0D 02            [ 1]  487 	tnz	(0x02, sp)
      00026B 27 16            [ 1]  488 	jreq	00110$
      00026D 0D 01            [ 1]  489 	tnz	(0x01, sp)
      00026F 26 12            [ 1]  490 	jrne	00110$
      000271 7B 02            [ 1]  491 	ld	a, (0x02, sp)
      000273 A1 02            [ 1]  492 	cp	a, #0x02
      000275 27 0C            [ 1]  493 	jreq	00110$
      000277 4B 6C            [ 1]  494 	push	#0x6c
      000279 4B 01            [ 1]  495 	push	#0x01
      00027B 5F               [ 1]  496 	clrw	x
      00027C 89               [ 2]  497 	pushw	x
      00027D AEr00r00         [ 2]  498 	ldw	x, #(___str_0+0)
      000280 CDr00r00         [ 4]  499 	call	_assert_failed
      000283                        500 00110$:
                                    501 ;	/workspace/Software/Firmware/new_begining/STM8S_StdPeriph_Lib/src/stm8s_i2c.c: 369: I2C->CR2 &= (uint8_t)(~I2C_CR2_ACK);
      000283 C6 52 11         [ 1]  502 	ld	a, 0x5211
                                    503 ;	/workspace/Software/Firmware/new_begining/STM8S_StdPeriph_Lib/src/stm8s_i2c.c: 366: if (Ack == I2C_ACK_NONE)
      000286 0D 02            [ 1]  504 	tnz	(0x02, sp)
      000288 26 07            [ 1]  505 	jrne	00105$
                                    506 ;	/workspace/Software/Firmware/new_begining/STM8S_StdPeriph_Lib/src/stm8s_i2c.c: 369: I2C->CR2 &= (uint8_t)(~I2C_CR2_ACK);
      00028A A4 FB            [ 1]  507 	and	a, #0xfb
      00028C C7 52 11         [ 1]  508 	ld	0x5211, a
      00028F 20 1B            [ 2]  509 	jra	00107$
      000291                        510 00105$:
                                    511 ;	/workspace/Software/Firmware/new_begining/STM8S_StdPeriph_Lib/src/stm8s_i2c.c: 374: I2C->CR2 |= I2C_CR2_ACK;
      000291 AA 04            [ 1]  512 	or	a, #0x04
      000293 C7 52 11         [ 1]  513 	ld	0x5211, a
                                    514 ;	/workspace/Software/Firmware/new_begining/STM8S_StdPeriph_Lib/src/stm8s_i2c.c: 369: I2C->CR2 &= (uint8_t)(~I2C_CR2_ACK);
      000296 C6 52 11         [ 1]  515 	ld	a, 0x5211
      000299 97               [ 1]  516 	ld	xl, a
                                    517 ;	/workspace/Software/Firmware/new_begining/STM8S_StdPeriph_Lib/src/stm8s_i2c.c: 376: if (Ack == I2C_ACK_CURR)
      00029A 7B 01            [ 1]  518 	ld	a, (0x01, sp)
      00029C 27 08            [ 1]  519 	jreq	00102$
                                    520 ;	/workspace/Software/Firmware/new_begining/STM8S_StdPeriph_Lib/src/stm8s_i2c.c: 379: I2C->CR2 &= (uint8_t)(~I2C_CR2_POS);
      00029E 9F               [ 1]  521 	ld	a, xl
      00029F A4 F7            [ 1]  522 	and	a, #0xf7
      0002A1 C7 52 11         [ 1]  523 	ld	0x5211, a
      0002A4 20 06            [ 2]  524 	jra	00107$
      0002A6                        525 00102$:
                                    526 ;	/workspace/Software/Firmware/new_begining/STM8S_StdPeriph_Lib/src/stm8s_i2c.c: 384: I2C->CR2 |= I2C_CR2_POS;
      0002A6 9F               [ 1]  527 	ld	a, xl
      0002A7 AA 08            [ 1]  528 	or	a, #0x08
      0002A9 C7 52 11         [ 1]  529 	ld	0x5211, a
      0002AC                        530 00107$:
                                    531 ;	/workspace/Software/Firmware/new_begining/STM8S_StdPeriph_Lib/src/stm8s_i2c.c: 387: }
      0002AC 5B 02            [ 2]  532 	addw	sp, #2
      0002AE 81               [ 4]  533 	ret
                                    534 ;	/workspace/Software/Firmware/new_begining/STM8S_StdPeriph_Lib/src/stm8s_i2c.c: 399: void I2C_ITConfig(I2C_IT_TypeDef I2C_IT, FunctionalState NewState)
                                    535 ;	-----------------------------------------
                                    536 ;	 function I2C_ITConfig
                                    537 ;	-----------------------------------------
      0002AF                        538 _I2C_ITConfig:
      0002AF 88               [ 1]  539 	push	a
                                    540 ;	/workspace/Software/Firmware/new_begining/STM8S_StdPeriph_Lib/src/stm8s_i2c.c: 402: assert_param(IS_I2C_INTERRUPT_OK(I2C_IT));
      0002B0 A1 01            [ 1]  541 	cp	a, #0x01
      0002B2 27 26            [ 1]  542 	jreq	00107$
      0002B4 A1 02            [ 1]  543 	cp	a, #0x02
      0002B6 27 22            [ 1]  544 	jreq	00107$
      0002B8 A1 04            [ 1]  545 	cp	a, #0x04
      0002BA 27 1E            [ 1]  546 	jreq	00107$
      0002BC A1 03            [ 1]  547 	cp	a, #0x03
      0002BE 27 1A            [ 1]  548 	jreq	00107$
      0002C0 A1 05            [ 1]  549 	cp	a, #0x05
      0002C2 27 16            [ 1]  550 	jreq	00107$
      0002C4 A1 06            [ 1]  551 	cp	a, #0x06
      0002C6 27 12            [ 1]  552 	jreq	00107$
      0002C8 A1 07            [ 1]  553 	cp	a, #0x07
      0002CA 27 0E            [ 1]  554 	jreq	00107$
      0002CC 88               [ 1]  555 	push	a
      0002CD 4B 92            [ 1]  556 	push	#0x92
      0002CF 4B 01            [ 1]  557 	push	#0x01
      0002D1 5F               [ 1]  558 	clrw	x
      0002D2 89               [ 2]  559 	pushw	x
      0002D3 AEr00r00         [ 2]  560 	ldw	x, #(___str_0+0)
      0002D6 CDr00r00         [ 4]  561 	call	_assert_failed
      0002D9 84               [ 1]  562 	pop	a
      0002DA                        563 00107$:
                                    564 ;	/workspace/Software/Firmware/new_begining/STM8S_StdPeriph_Lib/src/stm8s_i2c.c: 403: assert_param(IS_FUNCTIONALSTATE_OK(NewState));
      0002DA 0D 04            [ 1]  565 	tnz	(0x04, sp)
      0002DC 27 12            [ 1]  566 	jreq	00127$
      0002DE 0D 04            [ 1]  567 	tnz	(0x04, sp)
      0002E0 26 0E            [ 1]  568 	jrne	00127$
      0002E2 88               [ 1]  569 	push	a
      0002E3 4B 93            [ 1]  570 	push	#0x93
      0002E5 4B 01            [ 1]  571 	push	#0x01
      0002E7 5F               [ 1]  572 	clrw	x
      0002E8 89               [ 2]  573 	pushw	x
      0002E9 AEr00r00         [ 2]  574 	ldw	x, #(___str_0+0)
      0002EC CDr00r00         [ 4]  575 	call	_assert_failed
      0002EF 84               [ 1]  576 	pop	a
      0002F0                        577 00127$:
                                    578 ;	/workspace/Software/Firmware/new_begining/STM8S_StdPeriph_Lib/src/stm8s_i2c.c: 408: I2C->ITR |= (uint8_t)I2C_IT;
      0002F0 AE 52 1A         [ 2]  579 	ldw	x, #0x521a
      0002F3 88               [ 1]  580 	push	a
      0002F4 F6               [ 1]  581 	ld	a, (x)
      0002F5 6B 02            [ 1]  582 	ld	(0x02, sp), a
      0002F7 84               [ 1]  583 	pop	a
                                    584 ;	/workspace/Software/Firmware/new_begining/STM8S_StdPeriph_Lib/src/stm8s_i2c.c: 405: if (NewState != DISABLE)
      0002F8 0D 04            [ 1]  585 	tnz	(0x04, sp)
      0002FA 27 07            [ 1]  586 	jreq	00102$
                                    587 ;	/workspace/Software/Firmware/new_begining/STM8S_StdPeriph_Lib/src/stm8s_i2c.c: 408: I2C->ITR |= (uint8_t)I2C_IT;
      0002FC 1A 01            [ 1]  588 	or	a, (0x01, sp)
      0002FE C7 52 1A         [ 1]  589 	ld	0x521a, a
      000301 20 06            [ 2]  590 	jra	00104$
      000303                        591 00102$:
                                    592 ;	/workspace/Software/Firmware/new_begining/STM8S_StdPeriph_Lib/src/stm8s_i2c.c: 413: I2C->ITR &= (uint8_t)(~(uint8_t)I2C_IT);
      000303 43               [ 1]  593 	cpl	a
      000304 14 01            [ 1]  594 	and	a, (0x01, sp)
      000306 C7 52 1A         [ 1]  595 	ld	0x521a, a
      000309                        596 00104$:
                                    597 ;	/workspace/Software/Firmware/new_begining/STM8S_StdPeriph_Lib/src/stm8s_i2c.c: 415: }
      000309 84               [ 1]  598 	pop	a
      00030A 85               [ 2]  599 	popw	x
      00030B 84               [ 1]  600 	pop	a
      00030C FC               [ 2]  601 	jp	(x)
                                    602 ;	/workspace/Software/Firmware/new_begining/STM8S_StdPeriph_Lib/src/stm8s_i2c.c: 449: uint8_t I2C_ReceiveData(void)
                                    603 ;	-----------------------------------------
                                    604 ;	 function I2C_ReceiveData
                                    605 ;	-----------------------------------------
      00030D                        606 _I2C_ReceiveData:
                                    607 ;	/workspace/Software/Firmware/new_begining/STM8S_StdPeriph_Lib/src/stm8s_i2c.c: 452: return ((uint8_t)I2C->DR);
      00030D C6 52 16         [ 1]  608 	ld	a, 0x5216
                                    609 ;	/workspace/Software/Firmware/new_begining/STM8S_StdPeriph_Lib/src/stm8s_i2c.c: 453: }
      000310 81               [ 4]  610 	ret
                                    611 ;	/workspace/Software/Firmware/new_begining/STM8S_StdPeriph_Lib/src/stm8s_i2c.c: 464: void I2C_Send7bitAddress(uint8_t Address, I2C_Direction_TypeDef Direction)
                                    612 ;	-----------------------------------------
                                    613 ;	 function I2C_Send7bitAddress
                                    614 ;	-----------------------------------------
      000311                        615 _I2C_Send7bitAddress:
      000311 88               [ 1]  616 	push	a
                                    617 ;	/workspace/Software/Firmware/new_begining/STM8S_StdPeriph_Lib/src/stm8s_i2c.c: 467: assert_param(IS_I2C_ADDRESS_OK(Address));
      000312 A5 01            [ 1]  618 	bcp	a, #0x01
      000314 27 0E            [ 1]  619 	jreq	00104$
      000316 88               [ 1]  620 	push	a
      000317 4B D3            [ 1]  621 	push	#0xd3
      000319 4B 01            [ 1]  622 	push	#0x01
      00031B 5F               [ 1]  623 	clrw	x
      00031C 89               [ 2]  624 	pushw	x
      00031D AEr00r00         [ 2]  625 	ldw	x, #(___str_0+0)
      000320 CDr00r00         [ 4]  626 	call	_assert_failed
      000323 84               [ 1]  627 	pop	a
      000324                        628 00104$:
                                    629 ;	/workspace/Software/Firmware/new_begining/STM8S_StdPeriph_Lib/src/stm8s_i2c.c: 468: assert_param(IS_I2C_DIRECTION_OK(Direction));
      000324 0D 04            [ 1]  630 	tnz	(0x04, sp)
      000326 27 12            [ 1]  631 	jreq	00106$
      000328 0D 04            [ 1]  632 	tnz	(0x04, sp)
      00032A 26 0E            [ 1]  633 	jrne	00106$
      00032C 88               [ 1]  634 	push	a
      00032D 4B D4            [ 1]  635 	push	#0xd4
      00032F 4B 01            [ 1]  636 	push	#0x01
      000331 5F               [ 1]  637 	clrw	x
      000332 89               [ 2]  638 	pushw	x
      000333 AEr00r00         [ 2]  639 	ldw	x, #(___str_0+0)
      000336 CDr00r00         [ 4]  640 	call	_assert_failed
      000339 84               [ 1]  641 	pop	a
      00033A                        642 00106$:
                                    643 ;	/workspace/Software/Firmware/new_begining/STM8S_StdPeriph_Lib/src/stm8s_i2c.c: 471: Address &= (uint8_t)0xFE;
      00033A A4 FE            [ 1]  644 	and	a, #0xfe
      00033C 6B 01            [ 1]  645 	ld	(0x01, sp), a
                                    646 ;	/workspace/Software/Firmware/new_begining/STM8S_StdPeriph_Lib/src/stm8s_i2c.c: 474: I2C->DR = (uint8_t)(Address | (uint8_t)Direction);
      00033E 7B 04            [ 1]  647 	ld	a, (0x04, sp)
      000340 1A 01            [ 1]  648 	or	a, (0x01, sp)
      000342 C7 52 16         [ 1]  649 	ld	0x5216, a
                                    650 ;	/workspace/Software/Firmware/new_begining/STM8S_StdPeriph_Lib/src/stm8s_i2c.c: 475: }
      000345 84               [ 1]  651 	pop	a
      000346 85               [ 2]  652 	popw	x
      000347 84               [ 1]  653 	pop	a
      000348 FC               [ 2]  654 	jp	(x)
                                    655 ;	/workspace/Software/Firmware/new_begining/STM8S_StdPeriph_Lib/src/stm8s_i2c.c: 484: void I2C_SendData(uint8_t Data)
                                    656 ;	-----------------------------------------
                                    657 ;	 function I2C_SendData
                                    658 ;	-----------------------------------------
      000349                        659 _I2C_SendData:
                                    660 ;	/workspace/Software/Firmware/new_begining/STM8S_StdPeriph_Lib/src/stm8s_i2c.c: 487: I2C->DR = Data;
      000349 C7 52 16         [ 1]  661 	ld	0x5216, a
                                    662 ;	/workspace/Software/Firmware/new_begining/STM8S_StdPeriph_Lib/src/stm8s_i2c.c: 488: }
      00034C 81               [ 4]  663 	ret
                                    664 ;	/workspace/Software/Firmware/new_begining/STM8S_StdPeriph_Lib/src/stm8s_i2c.c: 606: ErrorStatus I2C_CheckEvent(I2C_Event_TypeDef I2C_Event)
                                    665 ;	-----------------------------------------
                                    666 ;	 function I2C_CheckEvent
                                    667 ;	-----------------------------------------
      00034D                        668 _I2C_CheckEvent:
      00034D 52 08            [ 2]  669 	sub	sp, #8
                                    670 ;	/workspace/Software/Firmware/new_begining/STM8S_StdPeriph_Lib/src/stm8s_i2c.c: 608: __IO uint16_t lastevent = 0x00;
      00034F 0F 02            [ 1]  671 	clr	(0x02, sp)
      000351 0F 01            [ 1]  672 	clr	(0x01, sp)
                                    673 ;	/workspace/Software/Firmware/new_begining/STM8S_StdPeriph_Lib/src/stm8s_i2c.c: 614: assert_param(IS_I2C_EVENT_OK(I2C_Event));
      000353 1F 03            [ 2]  674 	ldw	(0x03, sp), x
      000355 A3 00 04         [ 2]  675 	cpw	x, #0x0004
      000358 26 03            [ 1]  676 	jrne	00283$
      00035A A6 01            [ 1]  677 	ld	a, #0x01
      00035C 21                     678 	.byte 0x21
      00035D                        679 00283$:
      00035D 4F               [ 1]  680 	clr	a
      00035E                        681 00284$:
      00035E 1E 03            [ 2]  682 	ldw	x, (0x03, sp)
      000360 A3 06 82         [ 2]  683 	cpw	x, #0x0682
      000363 27 73            [ 1]  684 	jreq	00110$
      000365 1E 03            [ 2]  685 	ldw	x, (0x03, sp)
      000367 A3 02 02         [ 2]  686 	cpw	x, #0x0202
      00036A 27 6C            [ 1]  687 	jreq	00110$
      00036C 1E 03            [ 2]  688 	ldw	x, (0x03, sp)
      00036E A3 12 00         [ 2]  689 	cpw	x, #0x1200
      000371 27 65            [ 1]  690 	jreq	00110$
      000373 1E 03            [ 2]  691 	ldw	x, (0x03, sp)
      000375 A3 02 40         [ 2]  692 	cpw	x, #0x0240
      000378 27 5E            [ 1]  693 	jreq	00110$
      00037A 1E 03            [ 2]  694 	ldw	x, (0x03, sp)
      00037C A3 03 50         [ 2]  695 	cpw	x, #0x0350
      00037F 27 57            [ 1]  696 	jreq	00110$
      000381 1E 03            [ 2]  697 	ldw	x, (0x03, sp)
      000383 A3 06 84         [ 2]  698 	cpw	x, #0x0684
      000386 27 50            [ 1]  699 	jreq	00110$
      000388 1E 03            [ 2]  700 	ldw	x, (0x03, sp)
      00038A A3 07 94         [ 2]  701 	cpw	x, #0x0794
      00038D 27 49            [ 1]  702 	jreq	00110$
      00038F 4D               [ 1]  703 	tnz	a
      000390 26 46            [ 1]  704 	jrne	00110$
      000392 1E 03            [ 2]  705 	ldw	x, (0x03, sp)
      000394 A3 00 10         [ 2]  706 	cpw	x, #0x0010
      000397 27 3F            [ 1]  707 	jreq	00110$
      000399 1E 03            [ 2]  708 	ldw	x, (0x03, sp)
      00039B A3 03 01         [ 2]  709 	cpw	x, #0x0301
      00039E 27 38            [ 1]  710 	jreq	00110$
      0003A0 1E 03            [ 2]  711 	ldw	x, (0x03, sp)
      0003A2 A3 07 82         [ 2]  712 	cpw	x, #0x0782
      0003A5 27 31            [ 1]  713 	jreq	00110$
      0003A7 1E 03            [ 2]  714 	ldw	x, (0x03, sp)
      0003A9 A3 03 02         [ 2]  715 	cpw	x, #0x0302
      0003AC 27 2A            [ 1]  716 	jreq	00110$
      0003AE 1E 03            [ 2]  717 	ldw	x, (0x03, sp)
      0003B0 A3 03 40         [ 2]  718 	cpw	x, #0x0340
      0003B3 27 23            [ 1]  719 	jreq	00110$
      0003B5 1E 03            [ 2]  720 	ldw	x, (0x03, sp)
      0003B7 A3 07 84         [ 2]  721 	cpw	x, #0x0784
      0003BA 27 1C            [ 1]  722 	jreq	00110$
      0003BC 1E 03            [ 2]  723 	ldw	x, (0x03, sp)
      0003BE A3 07 80         [ 2]  724 	cpw	x, #0x0780
      0003C1 27 15            [ 1]  725 	jreq	00110$
      0003C3 1E 03            [ 2]  726 	ldw	x, (0x03, sp)
      0003C5 A3 03 08         [ 2]  727 	cpw	x, #0x0308
      0003C8 27 0E            [ 1]  728 	jreq	00110$
      0003CA 88               [ 1]  729 	push	a
      0003CB 4B 66            [ 1]  730 	push	#0x66
      0003CD 4B 02            [ 1]  731 	push	#0x02
      0003CF 5F               [ 1]  732 	clrw	x
      0003D0 89               [ 2]  733 	pushw	x
      0003D1 AEr00r00         [ 2]  734 	ldw	x, #(___str_0+0)
      0003D4 CDr00r00         [ 4]  735 	call	_assert_failed
      0003D7 84               [ 1]  736 	pop	a
      0003D8                        737 00110$:
                                    738 ;	/workspace/Software/Firmware/new_begining/STM8S_StdPeriph_Lib/src/stm8s_i2c.c: 616: if (I2C_Event == I2C_EVENT_SLAVE_ACK_FAILURE)
      0003D8 4D               [ 1]  739 	tnz	a
      0003D9 27 0B            [ 1]  740 	jreq	00102$
                                    741 ;	/workspace/Software/Firmware/new_begining/STM8S_StdPeriph_Lib/src/stm8s_i2c.c: 618: lastevent = I2C->SR2 & I2C_SR2_AF;
      0003DB C6 52 18         [ 1]  742 	ld	a, 0x5218
      0003DE A4 04            [ 1]  743 	and	a, #0x04
      0003E0 5F               [ 1]  744 	clrw	x
      0003E1 97               [ 1]  745 	ld	xl, a
      0003E2 1F 01            [ 2]  746 	ldw	(0x01, sp), x
      0003E4 20 0E            [ 2]  747 	jra	00103$
      0003E6                        748 00102$:
                                    749 ;	/workspace/Software/Firmware/new_begining/STM8S_StdPeriph_Lib/src/stm8s_i2c.c: 622: flag1 = I2C->SR1;
      0003E6 C6 52 17         [ 1]  750 	ld	a, 0x5217
      0003E9 97               [ 1]  751 	ld	xl, a
                                    752 ;	/workspace/Software/Firmware/new_begining/STM8S_StdPeriph_Lib/src/stm8s_i2c.c: 623: flag2 = I2C->SR3;
      0003EA C6 52 19         [ 1]  753 	ld	a, 0x5219
                                    754 ;	/workspace/Software/Firmware/new_begining/STM8S_StdPeriph_Lib/src/stm8s_i2c.c: 624: lastevent = ((uint16_t)((uint16_t)flag2 << (uint16_t)8) | (uint16_t)flag1);
      0003ED 95               [ 1]  755 	ld	xh, a
      0003EE 0F 06            [ 1]  756 	clr	(0x06, sp)
      0003F0 0F 07            [ 1]  757 	clr	(0x07, sp)
      0003F2 1F 01            [ 2]  758 	ldw	(0x01, sp), x
      0003F4                        759 00103$:
                                    760 ;	/workspace/Software/Firmware/new_begining/STM8S_StdPeriph_Lib/src/stm8s_i2c.c: 627: if (((uint16_t)lastevent & (uint16_t)I2C_Event) == (uint16_t)I2C_Event)
      0003F4 7B 02            [ 1]  761 	ld	a, (0x02, sp)
      0003F6 14 04            [ 1]  762 	and	a, (0x04, sp)
      0003F8 97               [ 1]  763 	ld	xl, a
      0003F9 7B 01            [ 1]  764 	ld	a, (0x01, sp)
      0003FB 14 03            [ 1]  765 	and	a, (0x03, sp)
      0003FD 95               [ 1]  766 	ld	xh, a
      0003FE 13 03            [ 2]  767 	cpw	x, (0x03, sp)
      000400 26 03            [ 1]  768 	jrne	00105$
                                    769 ;	/workspace/Software/Firmware/new_begining/STM8S_StdPeriph_Lib/src/stm8s_i2c.c: 630: status = SUCCESS;
      000402 A6 01            [ 1]  770 	ld	a, #0x01
                                    771 ;	/workspace/Software/Firmware/new_begining/STM8S_StdPeriph_Lib/src/stm8s_i2c.c: 635: status = ERROR;
      000404 21                     772 	.byte 0x21
      000405                        773 00105$:
      000405 4F               [ 1]  774 	clr	a
      000406                        775 00106$:
                                    776 ;	/workspace/Software/Firmware/new_begining/STM8S_StdPeriph_Lib/src/stm8s_i2c.c: 639: return status;
                                    777 ;	/workspace/Software/Firmware/new_begining/STM8S_StdPeriph_Lib/src/stm8s_i2c.c: 640: }
      000406 5B 08            [ 2]  778 	addw	sp, #8
      000408 81               [ 4]  779 	ret
                                    780 ;	/workspace/Software/Firmware/new_begining/STM8S_StdPeriph_Lib/src/stm8s_i2c.c: 711: FlagStatus I2C_GetFlagStatus(I2C_Flag_TypeDef I2C_Flag)
                                    781 ;	-----------------------------------------
                                    782 ;	 function I2C_GetFlagStatus
                                    783 ;	-----------------------------------------
      000409                        784 _I2C_GetFlagStatus:
      000409 52 03            [ 2]  785 	sub	sp, #3
      00040B 1F 02            [ 2]  786 	ldw	(0x02, sp), x
                                    787 ;	/workspace/Software/Firmware/new_begining/STM8S_StdPeriph_Lib/src/stm8s_i2c.c: 713: uint8_t tempreg = 0;
      00040D 0F 01            [ 1]  788 	clr	(0x01, sp)
                                    789 ;	/workspace/Software/Firmware/new_begining/STM8S_StdPeriph_Lib/src/stm8s_i2c.c: 718: assert_param(IS_I2C_FLAG_OK(I2C_Flag));
      00040F 1E 02            [ 2]  790 	ldw	x, (0x02, sp)
      000411 A3 01 80         [ 2]  791 	cpw	x, #0x0180
      000414 27 5B            [ 1]  792 	jreq	00112$
      000416 A3 01 40         [ 2]  793 	cpw	x, #0x0140
      000419 27 56            [ 1]  794 	jreq	00112$
      00041B A3 01 10         [ 2]  795 	cpw	x, #0x0110
      00041E 27 51            [ 1]  796 	jreq	00112$
      000420 A3 01 08         [ 2]  797 	cpw	x, #0x0108
      000423 27 4C            [ 1]  798 	jreq	00112$
      000425 A3 01 04         [ 2]  799 	cpw	x, #0x0104
      000428 27 47            [ 1]  800 	jreq	00112$
      00042A A3 01 02         [ 2]  801 	cpw	x, #0x0102
      00042D 27 42            [ 1]  802 	jreq	00112$
      00042F A3 01 01         [ 2]  803 	cpw	x, #0x0101
      000432 27 3D            [ 1]  804 	jreq	00112$
      000434 A3 02 20         [ 2]  805 	cpw	x, #0x0220
      000437 27 38            [ 1]  806 	jreq	00112$
      000439 A3 02 08         [ 2]  807 	cpw	x, #0x0208
      00043C 27 33            [ 1]  808 	jreq	00112$
      00043E A3 02 04         [ 2]  809 	cpw	x, #0x0204
      000441 27 2E            [ 1]  810 	jreq	00112$
      000443 A3 02 02         [ 2]  811 	cpw	x, #0x0202
      000446 27 29            [ 1]  812 	jreq	00112$
      000448 A3 02 01         [ 2]  813 	cpw	x, #0x0201
      00044B 27 24            [ 1]  814 	jreq	00112$
      00044D A3 03 10         [ 2]  815 	cpw	x, #0x0310
      000450 27 1F            [ 1]  816 	jreq	00112$
      000452 A3 03 04         [ 2]  817 	cpw	x, #0x0304
      000455 27 1A            [ 1]  818 	jreq	00112$
      000457 A3 03 02         [ 2]  819 	cpw	x, #0x0302
      00045A 27 15            [ 1]  820 	jreq	00112$
      00045C A3 03 01         [ 2]  821 	cpw	x, #0x0301
      00045F 27 10            [ 1]  822 	jreq	00112$
      000461 89               [ 2]  823 	pushw	x
      000462 4B CE            [ 1]  824 	push	#0xce
      000464 4B 02            [ 1]  825 	push	#0x02
      000466 4B 00            [ 1]  826 	push	#0x00
      000468 4B 00            [ 1]  827 	push	#0x00
      00046A AEr00r00         [ 2]  828 	ldw	x, #(___str_0+0)
      00046D CDr00r00         [ 4]  829 	call	_assert_failed
      000470 85               [ 2]  830 	popw	x
      000471                        831 00112$:
                                    832 ;	/workspace/Software/Firmware/new_begining/STM8S_StdPeriph_Lib/src/stm8s_i2c.c: 721: regindex = (uint8_t)((uint16_t)I2C_Flag >> 8);
      000471 9E               [ 1]  833 	ld	a, xh
                                    834 ;	/workspace/Software/Firmware/new_begining/STM8S_StdPeriph_Lib/src/stm8s_i2c.c: 723: switch (regindex)
      000472 A1 01            [ 1]  835 	cp	a, #0x01
      000474 27 0A            [ 1]  836 	jreq	00101$
      000476 A1 02            [ 1]  837 	cp	a, #0x02
      000478 27 0D            [ 1]  838 	jreq	00102$
      00047A A1 03            [ 1]  839 	cp	a, #0x03
      00047C 27 10            [ 1]  840 	jreq	00103$
      00047E 20 13            [ 2]  841 	jra	00105$
                                    842 ;	/workspace/Software/Firmware/new_begining/STM8S_StdPeriph_Lib/src/stm8s_i2c.c: 726: case 0x01:
      000480                        843 00101$:
                                    844 ;	/workspace/Software/Firmware/new_begining/STM8S_StdPeriph_Lib/src/stm8s_i2c.c: 727: tempreg = (uint8_t)I2C->SR1;
      000480 C6 52 17         [ 1]  845 	ld	a, 0x5217
      000483 6B 01            [ 1]  846 	ld	(0x01, sp), a
                                    847 ;	/workspace/Software/Firmware/new_begining/STM8S_StdPeriph_Lib/src/stm8s_i2c.c: 728: break;
      000485 20 0C            [ 2]  848 	jra	00105$
                                    849 ;	/workspace/Software/Firmware/new_begining/STM8S_StdPeriph_Lib/src/stm8s_i2c.c: 731: case 0x02:
      000487                        850 00102$:
                                    851 ;	/workspace/Software/Firmware/new_begining/STM8S_StdPeriph_Lib/src/stm8s_i2c.c: 732: tempreg = (uint8_t)I2C->SR2;
      000487 C6 52 18         [ 1]  852 	ld	a, 0x5218
      00048A 6B 01            [ 1]  853 	ld	(0x01, sp), a
                                    854 ;	/workspace/Software/Firmware/new_begining/STM8S_StdPeriph_Lib/src/stm8s_i2c.c: 733: break;
      00048C 20 05            [ 2]  855 	jra	00105$
                                    856 ;	/workspace/Software/Firmware/new_begining/STM8S_StdPeriph_Lib/src/stm8s_i2c.c: 736: case 0x03:
      00048E                        857 00103$:
                                    858 ;	/workspace/Software/Firmware/new_begining/STM8S_StdPeriph_Lib/src/stm8s_i2c.c: 737: tempreg = (uint8_t)I2C->SR3;
      00048E C6 52 19         [ 1]  859 	ld	a, 0x5219
      000491 6B 01            [ 1]  860 	ld	(0x01, sp), a
                                    861 ;	/workspace/Software/Firmware/new_begining/STM8S_StdPeriph_Lib/src/stm8s_i2c.c: 742: }
      000493                        862 00105$:
                                    863 ;	/workspace/Software/Firmware/new_begining/STM8S_StdPeriph_Lib/src/stm8s_i2c.c: 745: if ((tempreg & (uint8_t)I2C_Flag ) != 0)
      000493 7B 03            [ 1]  864 	ld	a, (0x03, sp)
      000495 14 01            [ 1]  865 	and	a, (0x01, sp)
      000497 27 03            [ 1]  866 	jreq	00107$
                                    867 ;	/workspace/Software/Firmware/new_begining/STM8S_StdPeriph_Lib/src/stm8s_i2c.c: 748: bitstatus = SET;
      000499 A6 01            [ 1]  868 	ld	a, #0x01
                                    869 ;	/workspace/Software/Firmware/new_begining/STM8S_StdPeriph_Lib/src/stm8s_i2c.c: 753: bitstatus = RESET;
      00049B 21                     870 	.byte 0x21
      00049C                        871 00107$:
      00049C 4F               [ 1]  872 	clr	a
      00049D                        873 00108$:
                                    874 ;	/workspace/Software/Firmware/new_begining/STM8S_StdPeriph_Lib/src/stm8s_i2c.c: 756: return bitstatus;
                                    875 ;	/workspace/Software/Firmware/new_begining/STM8S_StdPeriph_Lib/src/stm8s_i2c.c: 757: }
      00049D 5B 03            [ 2]  876 	addw	sp, #3
      00049F 81               [ 4]  877 	ret
                                    878 	.area CODE
                                    879 	.area CONST
                                    880 	.area CONST
      000000                        881 ___str_0:
      000000 2F 77 6F 72 6B 73 70   882 	.ascii "/workspace/Software/Firmware/new_begining/STM8S_StdPeriph_Li"
             61 63 65 2F 53 6F 66
             74 77 61 72 65 2F 46
             69 72 6D 77 61 72 65
             2F 6E 65 77 5F 62 65
             67 69 6E 69 6E 67 2F
             53 54 4D 38 53 5F 53
             74 64 50 65 72 69 70
             68 5F 4C 69
      00003C 62 2F 73 72 63 2F 73   883 	.ascii "b/src/stm8s_i2c.c"
             74 6D 38 73 5F 69 32
             63 2E 63
      00004D 00                     884 	.db 0x00
                                    885 	.area CODE
                                    886 	.area INITIALIZER
                                    887 	.area CABS (ABS)
