                                      1 ;--------------------------------------------------------
                                      2 ; File Created by SDCC : free open source ISO C Compiler 
                                      3 ; Version 4.4.0 #14620 (Linux)
                                      4 ;--------------------------------------------------------
                                      5 	.module stm8s_clk
                                      6 	.optsdcc -mstm8
                                      7 	
                                      8 ;--------------------------------------------------------
                                      9 ; Public variables in this module
                                     10 ;--------------------------------------------------------
                                     11 	.globl _CLKPrescTable
                                     12 	.globl _HSIDivFactor
                                     13 	.globl _assert_failed
                                     14 	.globl _CLK_DeInit
                                     15 	.globl _CLK_HSECmd
                                     16 	.globl _CLK_HSICmd
                                     17 	.globl _CLK_LSICmd
                                     18 	.globl _CLK_ClockSwitchCmd
                                     19 	.globl _CLK_PeripheralClockConfig
                                     20 	.globl _CLK_ClockSwitchConfig
                                     21 	.globl _CLK_HSIPrescalerConfig
                                     22 	.globl _CLK_SYSCLKConfig
                                     23 	.globl _CLK_GetClockFreq
                                     24 	.globl _CLK_GetFlagStatus
                                     25 ;--------------------------------------------------------
                                     26 ; ram data
                                     27 ;--------------------------------------------------------
                                     28 	.area DATA
                                     29 ;--------------------------------------------------------
                                     30 ; ram data
                                     31 ;--------------------------------------------------------
                                     32 	.area INITIALIZED
                                     33 ;--------------------------------------------------------
                                     34 ; absolute external ram data
                                     35 ;--------------------------------------------------------
                                     36 	.area DABS (ABS)
                                     37 
                                     38 ; default segment ordering for linker
                                     39 	.area HOME
                                     40 	.area GSINIT
                                     41 	.area GSFINAL
                                     42 	.area CONST
                                     43 	.area INITIALIZER
                                     44 	.area CODE
                                     45 
                                     46 ;--------------------------------------------------------
                                     47 ; global & static initialisations
                                     48 ;--------------------------------------------------------
                                     49 	.area HOME
                                     50 	.area GSINIT
                                     51 	.area GSFINAL
                                     52 	.area GSINIT
                                     53 ;--------------------------------------------------------
                                     54 ; Home
                                     55 ;--------------------------------------------------------
                                     56 	.area HOME
                                     57 	.area HOME
                                     58 ;--------------------------------------------------------
                                     59 ; code
                                     60 ;--------------------------------------------------------
                                     61 	.area CODE
                                     62 ;	/workspace/Software/Firmware/new_begining/STM8S_StdPeriph_Lib/src/stm8s_clk.c: 72: void CLK_DeInit(void)
                                     63 ;	-----------------------------------------
                                     64 ;	 function CLK_DeInit
                                     65 ;	-----------------------------------------
      000000                         66 _CLK_DeInit:
                                     67 ;	/workspace/Software/Firmware/new_begining/STM8S_StdPeriph_Lib/src/stm8s_clk.c: 74: CLK->ICKR = CLK_ICKR_RESET_VALUE;
      000000 35 01 50 C0      [ 1]   68 	mov	0x50c0+0, #0x01
                                     69 ;	/workspace/Software/Firmware/new_begining/STM8S_StdPeriph_Lib/src/stm8s_clk.c: 75: CLK->ECKR = CLK_ECKR_RESET_VALUE;
      000004 35 00 50 C1      [ 1]   70 	mov	0x50c1+0, #0x00
                                     71 ;	/workspace/Software/Firmware/new_begining/STM8S_StdPeriph_Lib/src/stm8s_clk.c: 76: CLK->SWR  = CLK_SWR_RESET_VALUE;
      000008 35 E1 50 C4      [ 1]   72 	mov	0x50c4+0, #0xe1
                                     73 ;	/workspace/Software/Firmware/new_begining/STM8S_StdPeriph_Lib/src/stm8s_clk.c: 77: CLK->SWCR = CLK_SWCR_RESET_VALUE;
      00000C 35 00 50 C5      [ 1]   74 	mov	0x50c5+0, #0x00
                                     75 ;	/workspace/Software/Firmware/new_begining/STM8S_StdPeriph_Lib/src/stm8s_clk.c: 78: CLK->CKDIVR = CLK_CKDIVR_RESET_VALUE;
      000010 35 18 50 C6      [ 1]   76 	mov	0x50c6+0, #0x18
                                     77 ;	/workspace/Software/Firmware/new_begining/STM8S_StdPeriph_Lib/src/stm8s_clk.c: 79: CLK->PCKENR1 = CLK_PCKENR1_RESET_VALUE;
      000014 35 FF 50 C7      [ 1]   78 	mov	0x50c7+0, #0xff
                                     79 ;	/workspace/Software/Firmware/new_begining/STM8S_StdPeriph_Lib/src/stm8s_clk.c: 80: CLK->PCKENR2 = CLK_PCKENR2_RESET_VALUE;
      000018 35 FF 50 CA      [ 1]   80 	mov	0x50ca+0, #0xff
                                     81 ;	/workspace/Software/Firmware/new_begining/STM8S_StdPeriph_Lib/src/stm8s_clk.c: 81: CLK->CSSR = CLK_CSSR_RESET_VALUE;
      00001C 35 00 50 C8      [ 1]   82 	mov	0x50c8+0, #0x00
                                     83 ;	/workspace/Software/Firmware/new_begining/STM8S_StdPeriph_Lib/src/stm8s_clk.c: 82: CLK->CCOR = CLK_CCOR_RESET_VALUE;
      000020 35 00 50 C9      [ 1]   84 	mov	0x50c9+0, #0x00
                                     85 ;	/workspace/Software/Firmware/new_begining/STM8S_StdPeriph_Lib/src/stm8s_clk.c: 83: while ((CLK->CCOR & CLK_CCOR_CCOEN)!= 0)
      000024                         86 00101$:
      000024 72 00 50 C9 FB   [ 2]   87 	btjt	0x50c9, #0, 00101$
                                     88 ;	/workspace/Software/Firmware/new_begining/STM8S_StdPeriph_Lib/src/stm8s_clk.c: 85: CLK->CCOR = CLK_CCOR_RESET_VALUE;
      000029 35 00 50 C9      [ 1]   89 	mov	0x50c9+0, #0x00
                                     90 ;	/workspace/Software/Firmware/new_begining/STM8S_StdPeriph_Lib/src/stm8s_clk.c: 86: CLK->HSITRIMR = CLK_HSITRIMR_RESET_VALUE;
      00002D 35 00 50 CC      [ 1]   91 	mov	0x50cc+0, #0x00
                                     92 ;	/workspace/Software/Firmware/new_begining/STM8S_StdPeriph_Lib/src/stm8s_clk.c: 87: CLK->SWIMCCR = CLK_SWIMCCR_RESET_VALUE;
      000031 35 00 50 CD      [ 1]   93 	mov	0x50cd+0, #0x00
                                     94 ;	/workspace/Software/Firmware/new_begining/STM8S_StdPeriph_Lib/src/stm8s_clk.c: 88: }
      000035 81               [ 4]   95 	ret
                                     96 ;	/workspace/Software/Firmware/new_begining/STM8S_StdPeriph_Lib/src/stm8s_clk.c: 124: void CLK_HSECmd(FunctionalState NewState)
                                     97 ;	-----------------------------------------
                                     98 ;	 function CLK_HSECmd
                                     99 ;	-----------------------------------------
      000036                        100 _CLK_HSECmd:
      000036 88               [ 1]  101 	push	a
                                    102 ;	/workspace/Software/Firmware/new_begining/STM8S_StdPeriph_Lib/src/stm8s_clk.c: 127: assert_param(IS_FUNCTIONALSTATE_OK(NewState));
      000037 6B 01            [ 1]  103 	ld	(0x01, sp), a
      000039 27 10            [ 1]  104 	jreq	00107$
      00003B 0D 01            [ 1]  105 	tnz	(0x01, sp)
      00003D 26 0C            [ 1]  106 	jrne	00107$
      00003F 4B 7F            [ 1]  107 	push	#0x7f
      000041 5F               [ 1]  108 	clrw	x
      000042 89               [ 2]  109 	pushw	x
      000043 4B 00            [ 1]  110 	push	#0x00
      000045 AEr00r0C         [ 2]  111 	ldw	x, #(___str_0+0)
      000048 CDr00r00         [ 4]  112 	call	_assert_failed
      00004B                        113 00107$:
                                    114 ;	/workspace/Software/Firmware/new_begining/STM8S_StdPeriph_Lib/src/stm8s_clk.c: 132: CLK->ECKR |= CLK_ECKR_HSEEN;
      00004B C6 50 C1         [ 1]  115 	ld	a, 0x50c1
                                    116 ;	/workspace/Software/Firmware/new_begining/STM8S_StdPeriph_Lib/src/stm8s_clk.c: 129: if (NewState != DISABLE)
      00004E 0D 01            [ 1]  117 	tnz	(0x01, sp)
      000050 27 07            [ 1]  118 	jreq	00102$
                                    119 ;	/workspace/Software/Firmware/new_begining/STM8S_StdPeriph_Lib/src/stm8s_clk.c: 132: CLK->ECKR |= CLK_ECKR_HSEEN;
      000052 AA 01            [ 1]  120 	or	a, #0x01
      000054 C7 50 C1         [ 1]  121 	ld	0x50c1, a
      000057 20 05            [ 2]  122 	jra	00104$
      000059                        123 00102$:
                                    124 ;	/workspace/Software/Firmware/new_begining/STM8S_StdPeriph_Lib/src/stm8s_clk.c: 137: CLK->ECKR &= (uint8_t)(~CLK_ECKR_HSEEN);
      000059 A4 FE            [ 1]  125 	and	a, #0xfe
      00005B C7 50 C1         [ 1]  126 	ld	0x50c1, a
      00005E                        127 00104$:
                                    128 ;	/workspace/Software/Firmware/new_begining/STM8S_StdPeriph_Lib/src/stm8s_clk.c: 139: }
      00005E 84               [ 1]  129 	pop	a
      00005F 81               [ 4]  130 	ret
                                    131 ;	/workspace/Software/Firmware/new_begining/STM8S_StdPeriph_Lib/src/stm8s_clk.c: 148: void CLK_HSICmd(FunctionalState NewState)
                                    132 ;	-----------------------------------------
                                    133 ;	 function CLK_HSICmd
                                    134 ;	-----------------------------------------
      000060                        135 _CLK_HSICmd:
      000060 88               [ 1]  136 	push	a
                                    137 ;	/workspace/Software/Firmware/new_begining/STM8S_StdPeriph_Lib/src/stm8s_clk.c: 151: assert_param(IS_FUNCTIONALSTATE_OK(NewState));
      000061 6B 01            [ 1]  138 	ld	(0x01, sp), a
      000063 27 10            [ 1]  139 	jreq	00107$
      000065 0D 01            [ 1]  140 	tnz	(0x01, sp)
      000067 26 0C            [ 1]  141 	jrne	00107$
      000069 4B 97            [ 1]  142 	push	#0x97
      00006B 5F               [ 1]  143 	clrw	x
      00006C 89               [ 2]  144 	pushw	x
      00006D 4B 00            [ 1]  145 	push	#0x00
      00006F AEr00r0C         [ 2]  146 	ldw	x, #(___str_0+0)
      000072 CDr00r00         [ 4]  147 	call	_assert_failed
      000075                        148 00107$:
                                    149 ;	/workspace/Software/Firmware/new_begining/STM8S_StdPeriph_Lib/src/stm8s_clk.c: 156: CLK->ICKR |= CLK_ICKR_HSIEN;
      000075 C6 50 C0         [ 1]  150 	ld	a, 0x50c0
                                    151 ;	/workspace/Software/Firmware/new_begining/STM8S_StdPeriph_Lib/src/stm8s_clk.c: 153: if (NewState != DISABLE)
      000078 0D 01            [ 1]  152 	tnz	(0x01, sp)
      00007A 27 07            [ 1]  153 	jreq	00102$
                                    154 ;	/workspace/Software/Firmware/new_begining/STM8S_StdPeriph_Lib/src/stm8s_clk.c: 156: CLK->ICKR |= CLK_ICKR_HSIEN;
      00007C AA 01            [ 1]  155 	or	a, #0x01
      00007E C7 50 C0         [ 1]  156 	ld	0x50c0, a
      000081 20 05            [ 2]  157 	jra	00104$
      000083                        158 00102$:
                                    159 ;	/workspace/Software/Firmware/new_begining/STM8S_StdPeriph_Lib/src/stm8s_clk.c: 161: CLK->ICKR &= (uint8_t)(~CLK_ICKR_HSIEN);
      000083 A4 FE            [ 1]  160 	and	a, #0xfe
      000085 C7 50 C0         [ 1]  161 	ld	0x50c0, a
      000088                        162 00104$:
                                    163 ;	/workspace/Software/Firmware/new_begining/STM8S_StdPeriph_Lib/src/stm8s_clk.c: 163: }
      000088 84               [ 1]  164 	pop	a
      000089 81               [ 4]  165 	ret
                                    166 ;	/workspace/Software/Firmware/new_begining/STM8S_StdPeriph_Lib/src/stm8s_clk.c: 173: void CLK_LSICmd(FunctionalState NewState)
                                    167 ;	-----------------------------------------
                                    168 ;	 function CLK_LSICmd
                                    169 ;	-----------------------------------------
      00008A                        170 _CLK_LSICmd:
      00008A 88               [ 1]  171 	push	a
                                    172 ;	/workspace/Software/Firmware/new_begining/STM8S_StdPeriph_Lib/src/stm8s_clk.c: 176: assert_param(IS_FUNCTIONALSTATE_OK(NewState));
      00008B 6B 01            [ 1]  173 	ld	(0x01, sp), a
      00008D 27 10            [ 1]  174 	jreq	00107$
      00008F 0D 01            [ 1]  175 	tnz	(0x01, sp)
      000091 26 0C            [ 1]  176 	jrne	00107$
      000093 4B B0            [ 1]  177 	push	#0xb0
      000095 5F               [ 1]  178 	clrw	x
      000096 89               [ 2]  179 	pushw	x
      000097 4B 00            [ 1]  180 	push	#0x00
      000099 AEr00r0C         [ 2]  181 	ldw	x, #(___str_0+0)
      00009C CDr00r00         [ 4]  182 	call	_assert_failed
      00009F                        183 00107$:
                                    184 ;	/workspace/Software/Firmware/new_begining/STM8S_StdPeriph_Lib/src/stm8s_clk.c: 181: CLK->ICKR |= CLK_ICKR_LSIEN;
      00009F C6 50 C0         [ 1]  185 	ld	a, 0x50c0
                                    186 ;	/workspace/Software/Firmware/new_begining/STM8S_StdPeriph_Lib/src/stm8s_clk.c: 178: if (NewState != DISABLE)
      0000A2 0D 01            [ 1]  187 	tnz	(0x01, sp)
      0000A4 27 07            [ 1]  188 	jreq	00102$
                                    189 ;	/workspace/Software/Firmware/new_begining/STM8S_StdPeriph_Lib/src/stm8s_clk.c: 181: CLK->ICKR |= CLK_ICKR_LSIEN;
      0000A6 AA 08            [ 1]  190 	or	a, #0x08
      0000A8 C7 50 C0         [ 1]  191 	ld	0x50c0, a
      0000AB 20 05            [ 2]  192 	jra	00104$
      0000AD                        193 00102$:
                                    194 ;	/workspace/Software/Firmware/new_begining/STM8S_StdPeriph_Lib/src/stm8s_clk.c: 186: CLK->ICKR &= (uint8_t)(~CLK_ICKR_LSIEN);
      0000AD A4 F7            [ 1]  195 	and	a, #0xf7
      0000AF C7 50 C0         [ 1]  196 	ld	0x50c0, a
      0000B2                        197 00104$:
                                    198 ;	/workspace/Software/Firmware/new_begining/STM8S_StdPeriph_Lib/src/stm8s_clk.c: 188: }
      0000B2 84               [ 1]  199 	pop	a
      0000B3 81               [ 4]  200 	ret
                                    201 ;	/workspace/Software/Firmware/new_begining/STM8S_StdPeriph_Lib/src/stm8s_clk.c: 224: void CLK_ClockSwitchCmd(FunctionalState NewState)
                                    202 ;	-----------------------------------------
                                    203 ;	 function CLK_ClockSwitchCmd
                                    204 ;	-----------------------------------------
      0000B4                        205 _CLK_ClockSwitchCmd:
      0000B4 88               [ 1]  206 	push	a
                                    207 ;	/workspace/Software/Firmware/new_begining/STM8S_StdPeriph_Lib/src/stm8s_clk.c: 227: assert_param(IS_FUNCTIONALSTATE_OK(NewState));
      0000B5 6B 01            [ 1]  208 	ld	(0x01, sp), a
      0000B7 27 10            [ 1]  209 	jreq	00107$
      0000B9 0D 01            [ 1]  210 	tnz	(0x01, sp)
      0000BB 26 0C            [ 1]  211 	jrne	00107$
      0000BD 4B E3            [ 1]  212 	push	#0xe3
      0000BF 5F               [ 1]  213 	clrw	x
      0000C0 89               [ 2]  214 	pushw	x
      0000C1 4B 00            [ 1]  215 	push	#0x00
      0000C3 AEr00r0C         [ 2]  216 	ldw	x, #(___str_0+0)
      0000C6 CDr00r00         [ 4]  217 	call	_assert_failed
      0000C9                        218 00107$:
                                    219 ;	/workspace/Software/Firmware/new_begining/STM8S_StdPeriph_Lib/src/stm8s_clk.c: 232: CLK->SWCR |= CLK_SWCR_SWEN;
      0000C9 C6 50 C5         [ 1]  220 	ld	a, 0x50c5
                                    221 ;	/workspace/Software/Firmware/new_begining/STM8S_StdPeriph_Lib/src/stm8s_clk.c: 229: if (NewState != DISABLE )
      0000CC 0D 01            [ 1]  222 	tnz	(0x01, sp)
      0000CE 27 07            [ 1]  223 	jreq	00102$
                                    224 ;	/workspace/Software/Firmware/new_begining/STM8S_StdPeriph_Lib/src/stm8s_clk.c: 232: CLK->SWCR |= CLK_SWCR_SWEN;
      0000D0 AA 02            [ 1]  225 	or	a, #0x02
      0000D2 C7 50 C5         [ 1]  226 	ld	0x50c5, a
      0000D5 20 05            [ 2]  227 	jra	00104$
      0000D7                        228 00102$:
                                    229 ;	/workspace/Software/Firmware/new_begining/STM8S_StdPeriph_Lib/src/stm8s_clk.c: 237: CLK->SWCR &= (uint8_t)(~CLK_SWCR_SWEN);
      0000D7 A4 FD            [ 1]  230 	and	a, #0xfd
      0000D9 C7 50 C5         [ 1]  231 	ld	0x50c5, a
      0000DC                        232 00104$:
                                    233 ;	/workspace/Software/Firmware/new_begining/STM8S_StdPeriph_Lib/src/stm8s_clk.c: 239: }
      0000DC 84               [ 1]  234 	pop	a
      0000DD 81               [ 4]  235 	ret
                                    236 ;	/workspace/Software/Firmware/new_begining/STM8S_StdPeriph_Lib/src/stm8s_clk.c: 278: void CLK_PeripheralClockConfig(CLK_Peripheral_TypeDef CLK_Peripheral, FunctionalState NewState)
                                    237 ;	-----------------------------------------
                                    238 ;	 function CLK_PeripheralClockConfig
                                    239 ;	-----------------------------------------
      0000DE                        240 _CLK_PeripheralClockConfig:
      0000DE 52 03            [ 2]  241 	sub	sp, #3
      0000E0 6B 03            [ 1]  242 	ld	(0x03, sp), a
                                    243 ;	/workspace/Software/Firmware/new_begining/STM8S_StdPeriph_Lib/src/stm8s_clk.c: 281: assert_param(IS_FUNCTIONALSTATE_OK(NewState));
      0000E2 0D 06            [ 1]  244 	tnz	(0x06, sp)
      0000E4 27 10            [ 1]  245 	jreq	00113$
      0000E6 0D 06            [ 1]  246 	tnz	(0x06, sp)
      0000E8 26 0C            [ 1]  247 	jrne	00113$
      0000EA 4B 19            [ 1]  248 	push	#0x19
      0000EC 4B 01            [ 1]  249 	push	#0x01
      0000EE 5F               [ 1]  250 	clrw	x
      0000EF 89               [ 2]  251 	pushw	x
      0000F0 AEr00r0C         [ 2]  252 	ldw	x, #(___str_0+0)
      0000F3 CDr00r00         [ 4]  253 	call	_assert_failed
      0000F6                        254 00113$:
                                    255 ;	/workspace/Software/Firmware/new_begining/STM8S_StdPeriph_Lib/src/stm8s_clk.c: 282: assert_param(IS_CLK_PERIPHERAL_OK(CLK_Peripheral));
      0000F6 0D 03            [ 1]  256 	tnz	(0x03, sp)
      0000F8 27 64            [ 1]  257 	jreq	00118$
      0000FA 7B 03            [ 1]  258 	ld	a, (0x03, sp)
      0000FC 4A               [ 1]  259 	dec	a
      0000FD 27 5F            [ 1]  260 	jreq	00118$
      0000FF 7B 03            [ 1]  261 	ld	a, (0x03, sp)
      000101 A0 03            [ 1]  262 	sub	a, #0x03
      000103 26 02            [ 1]  263 	jrne	00298$
      000105 4C               [ 1]  264 	inc	a
      000106 21                     265 	.byte 0x21
      000107                        266 00298$:
      000107 4F               [ 1]  267 	clr	a
      000108                        268 00299$:
      000108 4D               [ 1]  269 	tnz	a
      000109 26 53            [ 1]  270 	jrne	00118$
      00010B 4D               [ 1]  271 	tnz	a
      00010C 26 50            [ 1]  272 	jrne	00118$
      00010E 4D               [ 1]  273 	tnz	a
      00010F 26 4D            [ 1]  274 	jrne	00118$
      000111 7B 03            [ 1]  275 	ld	a, (0x03, sp)
      000113 A0 04            [ 1]  276 	sub	a, #0x04
      000115 26 04            [ 1]  277 	jrne	00304$
      000117 4C               [ 1]  278 	inc	a
      000118 97               [ 1]  279 	ld	xl, a
      000119 20 02            [ 2]  280 	jra	00305$
      00011B                        281 00304$:
      00011B 4F               [ 1]  282 	clr	a
      00011C 97               [ 1]  283 	ld	xl, a
      00011D                        284 00305$:
      00011D 9F               [ 1]  285 	ld	a, xl
      00011E 4D               [ 1]  286 	tnz	a
      00011F 26 3D            [ 1]  287 	jrne	00118$
      000121 7B 03            [ 1]  288 	ld	a, (0x03, sp)
      000123 A0 05            [ 1]  289 	sub	a, #0x05
      000125 26 02            [ 1]  290 	jrne	00308$
      000127 4C               [ 1]  291 	inc	a
      000128 21                     292 	.byte 0x21
      000129                        293 00308$:
      000129 4F               [ 1]  294 	clr	a
      00012A                        295 00309$:
      00012A 4D               [ 1]  296 	tnz	a
      00012B 26 31            [ 1]  297 	jrne	00118$
      00012D 4D               [ 1]  298 	tnz	a
      00012E 26 2E            [ 1]  299 	jrne	00118$
      000130 9F               [ 1]  300 	ld	a, xl
      000131 4D               [ 1]  301 	tnz	a
      000132 26 2A            [ 1]  302 	jrne	00118$
      000134 7B 03            [ 1]  303 	ld	a, (0x03, sp)
      000136 A1 06            [ 1]  304 	cp	a, #0x06
      000138 27 24            [ 1]  305 	jreq	00118$
      00013A 7B 03            [ 1]  306 	ld	a, (0x03, sp)
      00013C A1 07            [ 1]  307 	cp	a, #0x07
      00013E 27 1E            [ 1]  308 	jreq	00118$
      000140 7B 03            [ 1]  309 	ld	a, (0x03, sp)
      000142 A1 17            [ 1]  310 	cp	a, #0x17
      000144 27 18            [ 1]  311 	jreq	00118$
      000146 7B 03            [ 1]  312 	ld	a, (0x03, sp)
      000148 A1 13            [ 1]  313 	cp	a, #0x13
      00014A 27 12            [ 1]  314 	jreq	00118$
      00014C 7B 03            [ 1]  315 	ld	a, (0x03, sp)
      00014E A1 12            [ 1]  316 	cp	a, #0x12
      000150 27 0C            [ 1]  317 	jreq	00118$
      000152 4B 1A            [ 1]  318 	push	#0x1a
      000154 4B 01            [ 1]  319 	push	#0x01
      000156 5F               [ 1]  320 	clrw	x
      000157 89               [ 2]  321 	pushw	x
      000158 AEr00r0C         [ 2]  322 	ldw	x, #(___str_0+0)
      00015B CDr00r00         [ 4]  323 	call	_assert_failed
      00015E                        324 00118$:
                                    325 ;	/workspace/Software/Firmware/new_begining/STM8S_StdPeriph_Lib/src/stm8s_clk.c: 289: CLK->PCKENR1 |= (uint8_t)((uint8_t)1 << ((uint8_t)CLK_Peripheral & (uint8_t)0x0F));
      00015E 7B 03            [ 1]  326 	ld	a, (0x03, sp)
      000160 A4 0F            [ 1]  327 	and	a, #0x0f
      000162 88               [ 1]  328 	push	a
      000163 A6 01            [ 1]  329 	ld	a, #0x01
      000165 6B 02            [ 1]  330 	ld	(0x02, sp), a
      000167 84               [ 1]  331 	pop	a
      000168 4D               [ 1]  332 	tnz	a
      000169 27 05            [ 1]  333 	jreq	00329$
      00016B                        334 00328$:
      00016B 08 01            [ 1]  335 	sll	(0x01, sp)
      00016D 4A               [ 1]  336 	dec	a
      00016E 26 FB            [ 1]  337 	jrne	00328$
      000170                        338 00329$:
                                    339 ;	/workspace/Software/Firmware/new_begining/STM8S_StdPeriph_Lib/src/stm8s_clk.c: 294: CLK->PCKENR1 &= (uint8_t)(~(uint8_t)(((uint8_t)1 << ((uint8_t)CLK_Peripheral & (uint8_t)0x0F))));
      000170 7B 01            [ 1]  340 	ld	a, (0x01, sp)
      000172 43               [ 1]  341 	cpl	a
      000173 6B 02            [ 1]  342 	ld	(0x02, sp), a
                                    343 ;	/workspace/Software/Firmware/new_begining/STM8S_StdPeriph_Lib/src/stm8s_clk.c: 284: if (((uint8_t)CLK_Peripheral & (uint8_t)0x10) == 0x00)
      000175 7B 03            [ 1]  344 	ld	a, (0x03, sp)
      000177 A5 10            [ 1]  345 	bcp	a, #0x10
      000179 26 15            [ 1]  346 	jrne	00108$
                                    347 ;	/workspace/Software/Firmware/new_begining/STM8S_StdPeriph_Lib/src/stm8s_clk.c: 289: CLK->PCKENR1 |= (uint8_t)((uint8_t)1 << ((uint8_t)CLK_Peripheral & (uint8_t)0x0F));
      00017B C6 50 C7         [ 1]  348 	ld	a, 0x50c7
                                    349 ;	/workspace/Software/Firmware/new_begining/STM8S_StdPeriph_Lib/src/stm8s_clk.c: 286: if (NewState != DISABLE)
      00017E 0D 06            [ 1]  350 	tnz	(0x06, sp)
      000180 27 07            [ 1]  351 	jreq	00102$
                                    352 ;	/workspace/Software/Firmware/new_begining/STM8S_StdPeriph_Lib/src/stm8s_clk.c: 289: CLK->PCKENR1 |= (uint8_t)((uint8_t)1 << ((uint8_t)CLK_Peripheral & (uint8_t)0x0F));
      000182 1A 01            [ 1]  353 	or	a, (0x01, sp)
      000184 C7 50 C7         [ 1]  354 	ld	0x50c7, a
      000187 20 1A            [ 2]  355 	jra	00110$
      000189                        356 00102$:
                                    357 ;	/workspace/Software/Firmware/new_begining/STM8S_StdPeriph_Lib/src/stm8s_clk.c: 294: CLK->PCKENR1 &= (uint8_t)(~(uint8_t)(((uint8_t)1 << ((uint8_t)CLK_Peripheral & (uint8_t)0x0F))));
      000189 14 02            [ 1]  358 	and	a, (0x02, sp)
      00018B C7 50 C7         [ 1]  359 	ld	0x50c7, a
      00018E 20 13            [ 2]  360 	jra	00110$
      000190                        361 00108$:
                                    362 ;	/workspace/Software/Firmware/new_begining/STM8S_StdPeriph_Lib/src/stm8s_clk.c: 302: CLK->PCKENR2 |= (uint8_t)((uint8_t)1 << ((uint8_t)CLK_Peripheral & (uint8_t)0x0F));
      000190 C6 50 CA         [ 1]  363 	ld	a, 0x50ca
                                    364 ;	/workspace/Software/Firmware/new_begining/STM8S_StdPeriph_Lib/src/stm8s_clk.c: 299: if (NewState != DISABLE)
      000193 0D 06            [ 1]  365 	tnz	(0x06, sp)
      000195 27 07            [ 1]  366 	jreq	00105$
                                    367 ;	/workspace/Software/Firmware/new_begining/STM8S_StdPeriph_Lib/src/stm8s_clk.c: 302: CLK->PCKENR2 |= (uint8_t)((uint8_t)1 << ((uint8_t)CLK_Peripheral & (uint8_t)0x0F));
      000197 1A 01            [ 1]  368 	or	a, (0x01, sp)
      000199 C7 50 CA         [ 1]  369 	ld	0x50ca, a
      00019C 20 05            [ 2]  370 	jra	00110$
      00019E                        371 00105$:
                                    372 ;	/workspace/Software/Firmware/new_begining/STM8S_StdPeriph_Lib/src/stm8s_clk.c: 307: CLK->PCKENR2 &= (uint8_t)(~(uint8_t)(((uint8_t)1 << ((uint8_t)CLK_Peripheral & (uint8_t)0x0F))));
      00019E 14 02            [ 1]  373 	and	a, (0x02, sp)
      0001A0 C7 50 CA         [ 1]  374 	ld	0x50ca, a
      0001A3                        375 00110$:
                                    376 ;	/workspace/Software/Firmware/new_begining/STM8S_StdPeriph_Lib/src/stm8s_clk.c: 310: }
      0001A3 5B 03            [ 2]  377 	addw	sp, #3
      0001A5 85               [ 2]  378 	popw	x
      0001A6 84               [ 1]  379 	pop	a
      0001A7 FC               [ 2]  380 	jp	(x)
                                    381 ;	/workspace/Software/Firmware/new_begining/STM8S_StdPeriph_Lib/src/stm8s_clk.c: 326: ErrorStatus CLK_ClockSwitchConfig(CLK_SwitchMode_TypeDef CLK_SwitchMode, CLK_Source_TypeDef CLK_NewClock, FunctionalState ITState, CLK_CurrentClockState_TypeDef CLK_CurrentClockState)
                                    382 ;	-----------------------------------------
                                    383 ;	 function CLK_ClockSwitchConfig
                                    384 ;	-----------------------------------------
      0001A8                        385 _CLK_ClockSwitchConfig:
      0001A8 88               [ 1]  386 	push	a
      0001A9 6B 01            [ 1]  387 	ld	(0x01, sp), a
                                    388 ;	/workspace/Software/Firmware/new_begining/STM8S_StdPeriph_Lib/src/stm8s_clk.c: 333: assert_param(IS_CLK_SOURCE_OK(CLK_NewClock));
      0001AB 7B 04            [ 1]  389 	ld	a, (0x04, sp)
      0001AD A1 E1            [ 1]  390 	cp	a, #0xe1
      0001AF 27 18            [ 1]  391 	jreq	00140$
      0001B1 7B 04            [ 1]  392 	ld	a, (0x04, sp)
      0001B3 A1 D2            [ 1]  393 	cp	a, #0xd2
      0001B5 27 12            [ 1]  394 	jreq	00140$
      0001B7 7B 04            [ 1]  395 	ld	a, (0x04, sp)
      0001B9 A1 B4            [ 1]  396 	cp	a, #0xb4
      0001BB 27 0C            [ 1]  397 	jreq	00140$
      0001BD 4B 4D            [ 1]  398 	push	#0x4d
      0001BF 4B 01            [ 1]  399 	push	#0x01
      0001C1 5F               [ 1]  400 	clrw	x
      0001C2 89               [ 2]  401 	pushw	x
      0001C3 AEr00r0C         [ 2]  402 	ldw	x, #(___str_0+0)
      0001C6 CDr00r00         [ 4]  403 	call	_assert_failed
      0001C9                        404 00140$:
                                    405 ;	/workspace/Software/Firmware/new_begining/STM8S_StdPeriph_Lib/src/stm8s_clk.c: 334: assert_param(IS_CLK_SWITCHMODE_OK(CLK_SwitchMode));
      0001C9 0D 01            [ 1]  406 	tnz	(0x01, sp)
      0001CB 27 10            [ 1]  407 	jreq	00148$
      0001CD 0D 01            [ 1]  408 	tnz	(0x01, sp)
      0001CF 26 0C            [ 1]  409 	jrne	00148$
      0001D1 4B 4E            [ 1]  410 	push	#0x4e
      0001D3 4B 01            [ 1]  411 	push	#0x01
      0001D5 5F               [ 1]  412 	clrw	x
      0001D6 89               [ 2]  413 	pushw	x
      0001D7 AEr00r0C         [ 2]  414 	ldw	x, #(___str_0+0)
      0001DA CDr00r00         [ 4]  415 	call	_assert_failed
      0001DD                        416 00148$:
                                    417 ;	/workspace/Software/Firmware/new_begining/STM8S_StdPeriph_Lib/src/stm8s_clk.c: 335: assert_param(IS_FUNCTIONALSTATE_OK(ITState));
      0001DD 0D 05            [ 1]  418 	tnz	(0x05, sp)
      0001DF 27 10            [ 1]  419 	jreq	00153$
      0001E1 0D 05            [ 1]  420 	tnz	(0x05, sp)
      0001E3 26 0C            [ 1]  421 	jrne	00153$
      0001E5 4B 4F            [ 1]  422 	push	#0x4f
      0001E7 4B 01            [ 1]  423 	push	#0x01
      0001E9 5F               [ 1]  424 	clrw	x
      0001EA 89               [ 2]  425 	pushw	x
      0001EB AEr00r0C         [ 2]  426 	ldw	x, #(___str_0+0)
      0001EE CDr00r00         [ 4]  427 	call	_assert_failed
      0001F1                        428 00153$:
                                    429 ;	/workspace/Software/Firmware/new_begining/STM8S_StdPeriph_Lib/src/stm8s_clk.c: 336: assert_param(IS_CLK_CURRENTCLOCKSTATE_OK(CLK_CurrentClockState));
      0001F1 0D 06            [ 1]  430 	tnz	(0x06, sp)
      0001F3 27 10            [ 1]  431 	jreq	00158$
      0001F5 0D 06            [ 1]  432 	tnz	(0x06, sp)
      0001F7 26 0C            [ 1]  433 	jrne	00158$
      0001F9 4B 50            [ 1]  434 	push	#0x50
      0001FB 4B 01            [ 1]  435 	push	#0x01
      0001FD 5F               [ 1]  436 	clrw	x
      0001FE 89               [ 2]  437 	pushw	x
      0001FF AEr00r0C         [ 2]  438 	ldw	x, #(___str_0+0)
      000202 CDr00r00         [ 4]  439 	call	_assert_failed
      000205                        440 00158$:
                                    441 ;	/workspace/Software/Firmware/new_begining/STM8S_StdPeriph_Lib/src/stm8s_clk.c: 339: clock_master = (CLK_Source_TypeDef)CLK->CMSR;
      000205 C6 50 C3         [ 1]  442 	ld	a, 0x50c3
      000208 90 97            [ 1]  443 	ld	yl, a
                                    444 ;	/workspace/Software/Firmware/new_begining/STM8S_StdPeriph_Lib/src/stm8s_clk.c: 345: CLK->SWCR |= CLK_SWCR_SWEN;
      00020A C6 50 C5         [ 1]  445 	ld	a, 0x50c5
                                    446 ;	/workspace/Software/Firmware/new_begining/STM8S_StdPeriph_Lib/src/stm8s_clk.c: 342: if (CLK_SwitchMode == CLK_SWITCHMODE_AUTO)
      00020D 0D 01            [ 1]  447 	tnz	(0x01, sp)
      00020F 27 36            [ 1]  448 	jreq	00122$
                                    449 ;	/workspace/Software/Firmware/new_begining/STM8S_StdPeriph_Lib/src/stm8s_clk.c: 345: CLK->SWCR |= CLK_SWCR_SWEN;
      000211 AA 02            [ 1]  450 	or	a, #0x02
      000213 C7 50 C5         [ 1]  451 	ld	0x50c5, a
      000216 C6 50 C5         [ 1]  452 	ld	a, 0x50c5
                                    453 ;	/workspace/Software/Firmware/new_begining/STM8S_StdPeriph_Lib/src/stm8s_clk.c: 348: if (ITState != DISABLE)
      000219 0D 05            [ 1]  454 	tnz	(0x05, sp)
      00021B 27 07            [ 1]  455 	jreq	00102$
                                    456 ;	/workspace/Software/Firmware/new_begining/STM8S_StdPeriph_Lib/src/stm8s_clk.c: 350: CLK->SWCR |= CLK_SWCR_SWIEN;
      00021D AA 04            [ 1]  457 	or	a, #0x04
      00021F C7 50 C5         [ 1]  458 	ld	0x50c5, a
      000222 20 05            [ 2]  459 	jra	00103$
      000224                        460 00102$:
                                    461 ;	/workspace/Software/Firmware/new_begining/STM8S_StdPeriph_Lib/src/stm8s_clk.c: 354: CLK->SWCR &= (uint8_t)(~CLK_SWCR_SWIEN);
      000224 A4 FB            [ 1]  462 	and	a, #0xfb
      000226 C7 50 C5         [ 1]  463 	ld	0x50c5, a
      000229                        464 00103$:
                                    465 ;	/workspace/Software/Firmware/new_begining/STM8S_StdPeriph_Lib/src/stm8s_clk.c: 358: CLK->SWR = (uint8_t)CLK_NewClock;
      000229 AE 50 C4         [ 2]  466 	ldw	x, #0x50c4
      00022C 7B 04            [ 1]  467 	ld	a, (0x04, sp)
      00022E F7               [ 1]  468 	ld	(x), a
                                    469 ;	/workspace/Software/Firmware/new_begining/STM8S_StdPeriph_Lib/src/stm8s_clk.c: 361: while((((CLK->SWCR & CLK_SWCR_SWBSY) != 0 )&& (DownCounter != 0)))
      00022F 5F               [ 1]  470 	clrw	x
      000230 5A               [ 2]  471 	decw	x
      000231                        472 00105$:
      000231 72 01 50 C5 06   [ 2]  473 	btjf	0x50c5, #0, 00107$
      000236 5D               [ 2]  474 	tnzw	x
      000237 27 03            [ 1]  475 	jreq	00107$
                                    476 ;	/workspace/Software/Firmware/new_begining/STM8S_StdPeriph_Lib/src/stm8s_clk.c: 363: DownCounter--;
      000239 5A               [ 2]  477 	decw	x
      00023A 20 F5            [ 2]  478 	jra	00105$
      00023C                        479 00107$:
                                    480 ;	/workspace/Software/Firmware/new_begining/STM8S_StdPeriph_Lib/src/stm8s_clk.c: 366: if(DownCounter != 0)
      00023C 5D               [ 2]  481 	tnzw	x
      00023D 27 05            [ 1]  482 	jreq	00109$
                                    483 ;	/workspace/Software/Firmware/new_begining/STM8S_StdPeriph_Lib/src/stm8s_clk.c: 368: Swif = SUCCESS;
      00023F A6 01            [ 1]  484 	ld	a, #0x01
      000241 97               [ 1]  485 	ld	xl, a
      000242 20 32            [ 2]  486 	jra	00123$
      000244                        487 00109$:
                                    488 ;	/workspace/Software/Firmware/new_begining/STM8S_StdPeriph_Lib/src/stm8s_clk.c: 372: Swif = ERROR;
      000244 5F               [ 1]  489 	clrw	x
      000245 20 2F            [ 2]  490 	jra	00123$
      000247                        491 00122$:
                                    492 ;	/workspace/Software/Firmware/new_begining/STM8S_StdPeriph_Lib/src/stm8s_clk.c: 378: if (ITState != DISABLE)
      000247 0D 05            [ 1]  493 	tnz	(0x05, sp)
      000249 27 07            [ 1]  494 	jreq	00112$
                                    495 ;	/workspace/Software/Firmware/new_begining/STM8S_StdPeriph_Lib/src/stm8s_clk.c: 380: CLK->SWCR |= CLK_SWCR_SWIEN;
      00024B AA 04            [ 1]  496 	or	a, #0x04
      00024D C7 50 C5         [ 1]  497 	ld	0x50c5, a
      000250 20 05            [ 2]  498 	jra	00113$
      000252                        499 00112$:
                                    500 ;	/workspace/Software/Firmware/new_begining/STM8S_StdPeriph_Lib/src/stm8s_clk.c: 384: CLK->SWCR &= (uint8_t)(~CLK_SWCR_SWIEN);
      000252 A4 FB            [ 1]  501 	and	a, #0xfb
      000254 C7 50 C5         [ 1]  502 	ld	0x50c5, a
      000257                        503 00113$:
                                    504 ;	/workspace/Software/Firmware/new_begining/STM8S_StdPeriph_Lib/src/stm8s_clk.c: 388: CLK->SWR = (uint8_t)CLK_NewClock;
      000257 AE 50 C4         [ 2]  505 	ldw	x, #0x50c4
      00025A 7B 04            [ 1]  506 	ld	a, (0x04, sp)
      00025C F7               [ 1]  507 	ld	(x), a
                                    508 ;	/workspace/Software/Firmware/new_begining/STM8S_StdPeriph_Lib/src/stm8s_clk.c: 391: while((((CLK->SWCR & CLK_SWCR_SWIF) != 0 ) && (DownCounter != 0)))
      00025D 5F               [ 1]  509 	clrw	x
      00025E 5A               [ 2]  510 	decw	x
      00025F                        511 00115$:
      00025F 72 07 50 C5 06   [ 2]  512 	btjf	0x50c5, #3, 00117$
      000264 5D               [ 2]  513 	tnzw	x
      000265 27 03            [ 1]  514 	jreq	00117$
                                    515 ;	/workspace/Software/Firmware/new_begining/STM8S_StdPeriph_Lib/src/stm8s_clk.c: 393: DownCounter--;
      000267 5A               [ 2]  516 	decw	x
      000268 20 F5            [ 2]  517 	jra	00115$
      00026A                        518 00117$:
                                    519 ;	/workspace/Software/Firmware/new_begining/STM8S_StdPeriph_Lib/src/stm8s_clk.c: 396: if(DownCounter != 0)
      00026A 5D               [ 2]  520 	tnzw	x
      00026B 27 08            [ 1]  521 	jreq	00119$
                                    522 ;	/workspace/Software/Firmware/new_begining/STM8S_StdPeriph_Lib/src/stm8s_clk.c: 399: CLK->SWCR |= CLK_SWCR_SWEN;
      00026D 72 12 50 C5      [ 1]  523 	bset	0x50c5, #1
                                    524 ;	/workspace/Software/Firmware/new_begining/STM8S_StdPeriph_Lib/src/stm8s_clk.c: 400: Swif = SUCCESS;
      000271 A6 01            [ 1]  525 	ld	a, #0x01
      000273 97               [ 1]  526 	ld	xl, a
                                    527 ;	/workspace/Software/Firmware/new_begining/STM8S_StdPeriph_Lib/src/stm8s_clk.c: 404: Swif = ERROR;
      000274 21                     528 	.byte 0x21
      000275                        529 00119$:
      000275 5F               [ 1]  530 	clrw	x
      000276                        531 00123$:
                                    532 ;	/workspace/Software/Firmware/new_begining/STM8S_StdPeriph_Lib/src/stm8s_clk.c: 407: if(Swif != ERROR)
      000276 9F               [ 1]  533 	ld	a, xl
      000277 4D               [ 1]  534 	tnz	a
      000278 27 2E            [ 1]  535 	jreq	00136$
                                    536 ;	/workspace/Software/Firmware/new_begining/STM8S_StdPeriph_Lib/src/stm8s_clk.c: 410: if((CLK_CurrentClockState == CLK_CURRENTCLOCKSTATE_DISABLE) && ( clock_master == CLK_SOURCE_HSI))
      00027A 0D 06            [ 1]  537 	tnz	(0x06, sp)
      00027C 26 0C            [ 1]  538 	jrne	00132$
      00027E 90 9F            [ 1]  539 	ld	a, yl
      000280 A1 E1            [ 1]  540 	cp	a, #0xe1
      000282 26 06            [ 1]  541 	jrne	00132$
                                    542 ;	/workspace/Software/Firmware/new_begining/STM8S_StdPeriph_Lib/src/stm8s_clk.c: 412: CLK->ICKR &= (uint8_t)(~CLK_ICKR_HSIEN);
      000284 72 11 50 C0      [ 1]  543 	bres	0x50c0, #0
      000288 20 1E            [ 2]  544 	jra	00136$
      00028A                        545 00132$:
                                    546 ;	/workspace/Software/Firmware/new_begining/STM8S_StdPeriph_Lib/src/stm8s_clk.c: 414: else if((CLK_CurrentClockState == CLK_CURRENTCLOCKSTATE_DISABLE) && ( clock_master == CLK_SOURCE_LSI))
      00028A 0D 06            [ 1]  547 	tnz	(0x06, sp)
      00028C 26 0C            [ 1]  548 	jrne	00128$
      00028E 90 9F            [ 1]  549 	ld	a, yl
      000290 A1 D2            [ 1]  550 	cp	a, #0xd2
      000292 26 06            [ 1]  551 	jrne	00128$
                                    552 ;	/workspace/Software/Firmware/new_begining/STM8S_StdPeriph_Lib/src/stm8s_clk.c: 416: CLK->ICKR &= (uint8_t)(~CLK_ICKR_LSIEN);
      000294 72 17 50 C0      [ 1]  553 	bres	0x50c0, #3
      000298 20 0E            [ 2]  554 	jra	00136$
      00029A                        555 00128$:
                                    556 ;	/workspace/Software/Firmware/new_begining/STM8S_StdPeriph_Lib/src/stm8s_clk.c: 418: else if ((CLK_CurrentClockState == CLK_CURRENTCLOCKSTATE_DISABLE) && ( clock_master == CLK_SOURCE_HSE))
      00029A 0D 06            [ 1]  557 	tnz	(0x06, sp)
      00029C 26 0A            [ 1]  558 	jrne	00136$
      00029E 90 9F            [ 1]  559 	ld	a, yl
      0002A0 A1 B4            [ 1]  560 	cp	a, #0xb4
      0002A2 26 04            [ 1]  561 	jrne	00136$
                                    562 ;	/workspace/Software/Firmware/new_begining/STM8S_StdPeriph_Lib/src/stm8s_clk.c: 420: CLK->ECKR &= (uint8_t)(~CLK_ECKR_HSEEN);
      0002A4 72 11 50 C1      [ 1]  563 	bres	0x50c1, #0
      0002A8                        564 00136$:
                                    565 ;	/workspace/Software/Firmware/new_begining/STM8S_StdPeriph_Lib/src/stm8s_clk.c: 423: return(Swif);
      0002A8 9F               [ 1]  566 	ld	a, xl
                                    567 ;	/workspace/Software/Firmware/new_begining/STM8S_StdPeriph_Lib/src/stm8s_clk.c: 424: }
      0002A9 1E 02            [ 2]  568 	ldw	x, (2, sp)
      0002AB 5B 06            [ 2]  569 	addw	sp, #6
      0002AD FC               [ 2]  570 	jp	(x)
                                    571 ;	/workspace/Software/Firmware/new_begining/STM8S_StdPeriph_Lib/src/stm8s_clk.c: 434: void CLK_HSIPrescalerConfig(CLK_Prescaler_TypeDef HSIPrescaler)
                                    572 ;	-----------------------------------------
                                    573 ;	 function CLK_HSIPrescalerConfig
                                    574 ;	-----------------------------------------
      0002AE                        575 _CLK_HSIPrescalerConfig:
      0002AE 88               [ 1]  576 	push	a
                                    577 ;	/workspace/Software/Firmware/new_begining/STM8S_StdPeriph_Lib/src/stm8s_clk.c: 437: assert_param(IS_CLK_HSIPRESCALER_OK(HSIPrescaler));
      0002AF 6B 01            [ 1]  578 	ld	(0x01, sp), a
      0002B1 27 1E            [ 1]  579 	jreq	00104$
      0002B3 7B 01            [ 1]  580 	ld	a, (0x01, sp)
      0002B5 A1 08            [ 1]  581 	cp	a, #0x08
      0002B7 27 18            [ 1]  582 	jreq	00104$
      0002B9 7B 01            [ 1]  583 	ld	a, (0x01, sp)
      0002BB A1 10            [ 1]  584 	cp	a, #0x10
      0002BD 27 12            [ 1]  585 	jreq	00104$
      0002BF 7B 01            [ 1]  586 	ld	a, (0x01, sp)
      0002C1 A1 18            [ 1]  587 	cp	a, #0x18
      0002C3 27 0C            [ 1]  588 	jreq	00104$
      0002C5 4B B5            [ 1]  589 	push	#0xb5
      0002C7 4B 01            [ 1]  590 	push	#0x01
      0002C9 5F               [ 1]  591 	clrw	x
      0002CA 89               [ 2]  592 	pushw	x
      0002CB AEr00r0C         [ 2]  593 	ldw	x, #(___str_0+0)
      0002CE CDr00r00         [ 4]  594 	call	_assert_failed
      0002D1                        595 00104$:
                                    596 ;	/workspace/Software/Firmware/new_begining/STM8S_StdPeriph_Lib/src/stm8s_clk.c: 440: CLK->CKDIVR &= (uint8_t)(~CLK_CKDIVR_HSIDIV);
      0002D1 C6 50 C6         [ 1]  597 	ld	a, 0x50c6
      0002D4 A4 E7            [ 1]  598 	and	a, #0xe7
      0002D6 C7 50 C6         [ 1]  599 	ld	0x50c6, a
                                    600 ;	/workspace/Software/Firmware/new_begining/STM8S_StdPeriph_Lib/src/stm8s_clk.c: 443: CLK->CKDIVR |= (uint8_t)HSIPrescaler;
      0002D9 C6 50 C6         [ 1]  601 	ld	a, 0x50c6
      0002DC 1A 01            [ 1]  602 	or	a, (0x01, sp)
      0002DE C7 50 C6         [ 1]  603 	ld	0x50c6, a
                                    604 ;	/workspace/Software/Firmware/new_begining/STM8S_StdPeriph_Lib/src/stm8s_clk.c: 444: }
      0002E1 84               [ 1]  605 	pop	a
      0002E2 81               [ 4]  606 	ret
                                    607 ;	/workspace/Software/Firmware/new_begining/STM8S_StdPeriph_Lib/src/stm8s_clk.c: 525: void CLK_SYSCLKConfig(CLK_Prescaler_TypeDef CLK_Prescaler)
                                    608 ;	-----------------------------------------
                                    609 ;	 function CLK_SYSCLKConfig
                                    610 ;	-----------------------------------------
      0002E3                        611 _CLK_SYSCLKConfig:
      0002E3 88               [ 1]  612 	push	a
                                    613 ;	/workspace/Software/Firmware/new_begining/STM8S_StdPeriph_Lib/src/stm8s_clk.c: 528: assert_param(IS_CLK_PRESCALER_OK(CLK_Prescaler));
      0002E4 95               [ 1]  614 	ld	xh, a
      0002E5 4D               [ 1]  615 	tnz	a
      0002E6 27 4B            [ 1]  616 	jreq	00107$
      0002E8 9E               [ 1]  617 	ld	a, xh
      0002E9 A1 08            [ 1]  618 	cp	a, #0x08
      0002EB 27 46            [ 1]  619 	jreq	00107$
      0002ED 9E               [ 1]  620 	ld	a, xh
      0002EE A1 10            [ 1]  621 	cp	a, #0x10
      0002F0 27 41            [ 1]  622 	jreq	00107$
      0002F2 9E               [ 1]  623 	ld	a, xh
      0002F3 A1 18            [ 1]  624 	cp	a, #0x18
      0002F5 27 3C            [ 1]  625 	jreq	00107$
      0002F7 9E               [ 1]  626 	ld	a, xh
      0002F8 A1 80            [ 1]  627 	cp	a, #0x80
      0002FA 27 37            [ 1]  628 	jreq	00107$
      0002FC 9E               [ 1]  629 	ld	a, xh
      0002FD A1 81            [ 1]  630 	cp	a, #0x81
      0002FF 27 32            [ 1]  631 	jreq	00107$
      000301 9E               [ 1]  632 	ld	a, xh
      000302 A1 82            [ 1]  633 	cp	a, #0x82
      000304 27 2D            [ 1]  634 	jreq	00107$
      000306 9E               [ 1]  635 	ld	a, xh
      000307 A1 83            [ 1]  636 	cp	a, #0x83
      000309 27 28            [ 1]  637 	jreq	00107$
      00030B 9E               [ 1]  638 	ld	a, xh
      00030C A1 84            [ 1]  639 	cp	a, #0x84
      00030E 27 23            [ 1]  640 	jreq	00107$
      000310 9E               [ 1]  641 	ld	a, xh
      000311 A1 85            [ 1]  642 	cp	a, #0x85
      000313 27 1E            [ 1]  643 	jreq	00107$
      000315 9E               [ 1]  644 	ld	a, xh
      000316 A1 86            [ 1]  645 	cp	a, #0x86
      000318 27 19            [ 1]  646 	jreq	00107$
      00031A 9E               [ 1]  647 	ld	a, xh
      00031B A1 87            [ 1]  648 	cp	a, #0x87
      00031D 27 14            [ 1]  649 	jreq	00107$
      00031F 89               [ 2]  650 	pushw	x
      000320 4B 10            [ 1]  651 	push	#0x10
      000322 4B 02            [ 1]  652 	push	#0x02
      000324 4B 00            [ 1]  653 	push	#0x00
      000326 4B 00            [ 1]  654 	push	#0x00
      000328 AEr00r0C         [ 2]  655 	ldw	x, #(___str_0+0)
      00032B CDr00r00         [ 4]  656 	call	_assert_failed
      00032E 02               [ 1]  657 	rlwa	x
      00032F 84               [ 1]  658 	pop	a
      000330 01               [ 1]  659 	rrwa	x
      000331 5B 01            [ 2]  660 	addw	sp, #1
      000333                        661 00107$:
                                    662 ;	/workspace/Software/Firmware/new_begining/STM8S_StdPeriph_Lib/src/stm8s_clk.c: 532: CLK->CKDIVR &= (uint8_t)(~CLK_CKDIVR_HSIDIV);
      000333 C6 50 C6         [ 1]  663 	ld	a, 0x50c6
                                    664 ;	/workspace/Software/Firmware/new_begining/STM8S_StdPeriph_Lib/src/stm8s_clk.c: 530: if (((uint8_t)CLK_Prescaler & (uint8_t)0x80) == 0x00) /* Bit7 = 0 means HSI divider */
      000336 5D               [ 2]  665 	tnzw	x
      000337 2B 14            [ 1]  666 	jrmi	00102$
                                    667 ;	/workspace/Software/Firmware/new_begining/STM8S_StdPeriph_Lib/src/stm8s_clk.c: 532: CLK->CKDIVR &= (uint8_t)(~CLK_CKDIVR_HSIDIV);
      000339 A4 E7            [ 1]  668 	and	a, #0xe7
      00033B C7 50 C6         [ 1]  669 	ld	0x50c6, a
                                    670 ;	/workspace/Software/Firmware/new_begining/STM8S_StdPeriph_Lib/src/stm8s_clk.c: 533: CLK->CKDIVR |= (uint8_t)((uint8_t)CLK_Prescaler & (uint8_t)CLK_CKDIVR_HSIDIV);
      00033E C6 50 C6         [ 1]  671 	ld	a, 0x50c6
      000341 6B 01            [ 1]  672 	ld	(0x01, sp), a
      000343 9E               [ 1]  673 	ld	a, xh
      000344 A4 18            [ 1]  674 	and	a, #0x18
      000346 1A 01            [ 1]  675 	or	a, (0x01, sp)
      000348 C7 50 C6         [ 1]  676 	ld	0x50c6, a
      00034B 20 12            [ 2]  677 	jra	00104$
      00034D                        678 00102$:
                                    679 ;	/workspace/Software/Firmware/new_begining/STM8S_StdPeriph_Lib/src/stm8s_clk.c: 537: CLK->CKDIVR &= (uint8_t)(~CLK_CKDIVR_CPUDIV);
      00034D A4 F8            [ 1]  680 	and	a, #0xf8
      00034F C7 50 C6         [ 1]  681 	ld	0x50c6, a
                                    682 ;	/workspace/Software/Firmware/new_begining/STM8S_StdPeriph_Lib/src/stm8s_clk.c: 538: CLK->CKDIVR |= (uint8_t)((uint8_t)CLK_Prescaler & (uint8_t)CLK_CKDIVR_CPUDIV);
      000352 C6 50 C6         [ 1]  683 	ld	a, 0x50c6
      000355 6B 01            [ 1]  684 	ld	(0x01, sp), a
      000357 9E               [ 1]  685 	ld	a, xh
      000358 A4 07            [ 1]  686 	and	a, #0x07
      00035A 1A 01            [ 1]  687 	or	a, (0x01, sp)
      00035C C7 50 C6         [ 1]  688 	ld	0x50c6, a
      00035F                        689 00104$:
                                    690 ;	/workspace/Software/Firmware/new_begining/STM8S_StdPeriph_Lib/src/stm8s_clk.c: 540: }
      00035F 84               [ 1]  691 	pop	a
      000360 81               [ 4]  692 	ret
                                    693 ;	/workspace/Software/Firmware/new_begining/STM8S_StdPeriph_Lib/src/stm8s_clk.c: 602: uint32_t CLK_GetClockFreq(void)
                                    694 ;	-----------------------------------------
                                    695 ;	 function CLK_GetClockFreq
                                    696 ;	-----------------------------------------
      000361                        697 _CLK_GetClockFreq:
      000361 52 04            [ 2]  698 	sub	sp, #4
                                    699 ;	/workspace/Software/Firmware/new_begining/STM8S_StdPeriph_Lib/src/stm8s_clk.c: 609: clocksource = (CLK_Source_TypeDef)CLK->CMSR;
      000363 C6 50 C3         [ 1]  700 	ld	a, 0x50c3
                                    701 ;	/workspace/Software/Firmware/new_begining/STM8S_StdPeriph_Lib/src/stm8s_clk.c: 611: if (clocksource == CLK_SOURCE_HSI)
      000366 6B 04            [ 1]  702 	ld	(0x04, sp), a
      000368 A1 E1            [ 1]  703 	cp	a, #0xe1
      00036A 26 23            [ 1]  704 	jrne	00105$
                                    705 ;	/workspace/Software/Firmware/new_begining/STM8S_StdPeriph_Lib/src/stm8s_clk.c: 613: tmp = (uint8_t)(CLK->CKDIVR & CLK_CKDIVR_HSIDIV);
      00036C C6 50 C6         [ 1]  706 	ld	a, 0x50c6
      00036F A4 18            [ 1]  707 	and	a, #0x18
                                    708 ;	/workspace/Software/Firmware/new_begining/STM8S_StdPeriph_Lib/src/stm8s_clk.c: 614: tmp = (uint8_t)(tmp >> 3);
      000371 44               [ 1]  709 	srl	a
      000372 44               [ 1]  710 	srl	a
      000373 44               [ 1]  711 	srl	a
                                    712 ;	/workspace/Software/Firmware/new_begining/STM8S_StdPeriph_Lib/src/stm8s_clk.c: 615: presc = HSIDivFactor[tmp];
      000374 5F               [ 1]  713 	clrw	x
      000375 97               [ 1]  714 	ld	xl, a
      000376 D6u00u00         [ 1]  715 	ld	a, (_HSIDivFactor+0, x)
                                    716 ;	/workspace/Software/Firmware/new_begining/STM8S_StdPeriph_Lib/src/stm8s_clk.c: 616: clockfrequency = HSI_VALUE / presc;
      000379 5F               [ 1]  717 	clrw	x
      00037A 0F 01            [ 1]  718 	clr	(0x01, sp)
      00037C 88               [ 1]  719 	push	a
      00037D 89               [ 2]  720 	pushw	x
      00037E 4F               [ 1]  721 	clr	a
      00037F 88               [ 1]  722 	push	a
      000380 4B 00            [ 1]  723 	push	#0x00
      000382 4B 24            [ 1]  724 	push	#0x24
      000384 4B F4            [ 1]  725 	push	#0xf4
      000386 4B 00            [ 1]  726 	push	#0x00
      000388 CDr00r00         [ 4]  727 	call	__divulong
      00038B 5B 08            [ 2]  728 	addw	sp, #8
      00038D 20 16            [ 2]  729 	jra	00106$
      00038F                        730 00105$:
                                    731 ;	/workspace/Software/Firmware/new_begining/STM8S_StdPeriph_Lib/src/stm8s_clk.c: 618: else if ( clocksource == CLK_SOURCE_LSI)
      00038F 7B 04            [ 1]  732 	ld	a, (0x04, sp)
      000391 A1 D2            [ 1]  733 	cp	a, #0xd2
      000393 26 09            [ 1]  734 	jrne	00102$
                                    735 ;	/workspace/Software/Firmware/new_begining/STM8S_StdPeriph_Lib/src/stm8s_clk.c: 620: clockfrequency = LSI_VALUE;
      000395 AE F4 00         [ 2]  736 	ldw	x, #0xf400
      000398 90 AE 00 01      [ 2]  737 	ldw	y, #0x0001
      00039C 20 07            [ 2]  738 	jra	00106$
      00039E                        739 00102$:
                                    740 ;	/workspace/Software/Firmware/new_begining/STM8S_StdPeriph_Lib/src/stm8s_clk.c: 624: clockfrequency = HSE_VALUE;
      00039E AE 12 00         [ 2]  741 	ldw	x, #0x1200
      0003A1 90 AE 00 7A      [ 2]  742 	ldw	y, #0x007a
      0003A5                        743 00106$:
                                    744 ;	/workspace/Software/Firmware/new_begining/STM8S_StdPeriph_Lib/src/stm8s_clk.c: 627: return((uint32_t)clockfrequency);
                                    745 ;	/workspace/Software/Firmware/new_begining/STM8S_StdPeriph_Lib/src/stm8s_clk.c: 628: }
      0003A5 5B 04            [ 2]  746 	addw	sp, #4
      0003A7 81               [ 4]  747 	ret
                                    748 ;	/workspace/Software/Firmware/new_begining/STM8S_StdPeriph_Lib/src/stm8s_clk.c: 673: FlagStatus CLK_GetFlagStatus(CLK_Flag_TypeDef CLK_FLAG)
                                    749 ;	-----------------------------------------
                                    750 ;	 function CLK_GetFlagStatus
                                    751 ;	-----------------------------------------
      0003A8                        752 _CLK_GetFlagStatus:
      0003A8 52 03            [ 2]  753 	sub	sp, #3
                                    754 ;	/workspace/Software/Firmware/new_begining/STM8S_StdPeriph_Lib/src/stm8s_clk.c: 680: assert_param(IS_CLK_FLAG_OK(CLK_FLAG));
      0003AA 1F 02            [ 2]  755 	ldw	(0x02, sp), x
      0003AC A3 01 10         [ 2]  756 	cpw	x, #0x0110
      0003AF 27 38            [ 1]  757 	jreq	00119$
      0003B1 A3 01 02         [ 2]  758 	cpw	x, #0x0102
      0003B4 27 33            [ 1]  759 	jreq	00119$
      0003B6 A3 02 02         [ 2]  760 	cpw	x, #0x0202
      0003B9 27 2E            [ 1]  761 	jreq	00119$
      0003BB A3 03 08         [ 2]  762 	cpw	x, #0x0308
      0003BE 27 29            [ 1]  763 	jreq	00119$
      0003C0 A3 03 01         [ 2]  764 	cpw	x, #0x0301
      0003C3 27 24            [ 1]  765 	jreq	00119$
      0003C5 A3 04 08         [ 2]  766 	cpw	x, #0x0408
      0003C8 27 1F            [ 1]  767 	jreq	00119$
      0003CA A3 04 02         [ 2]  768 	cpw	x, #0x0402
      0003CD 27 1A            [ 1]  769 	jreq	00119$
      0003CF A3 05 04         [ 2]  770 	cpw	x, #0x0504
      0003D2 27 15            [ 1]  771 	jreq	00119$
      0003D4 A3 05 02         [ 2]  772 	cpw	x, #0x0502
      0003D7 27 10            [ 1]  773 	jreq	00119$
      0003D9 89               [ 2]  774 	pushw	x
      0003DA 4B A8            [ 1]  775 	push	#0xa8
      0003DC 4B 02            [ 1]  776 	push	#0x02
      0003DE 4B 00            [ 1]  777 	push	#0x00
      0003E0 4B 00            [ 1]  778 	push	#0x00
      0003E2 AEr00r0C         [ 2]  779 	ldw	x, #(___str_0+0)
      0003E5 CDr00r00         [ 4]  780 	call	_assert_failed
      0003E8 85               [ 2]  781 	popw	x
      0003E9                        782 00119$:
                                    783 ;	/workspace/Software/Firmware/new_begining/STM8S_StdPeriph_Lib/src/stm8s_clk.c: 683: statusreg = (uint16_t)((uint16_t)CLK_FLAG & (uint16_t)0xFF00);
      0003E9 4F               [ 1]  784 	clr	a
                                    785 ;	/workspace/Software/Firmware/new_begining/STM8S_StdPeriph_Lib/src/stm8s_clk.c: 686: if (statusreg == 0x0100) /* The flag to check is in ICKRregister */
      0003EA 97               [ 1]  786 	ld	xl, a
      0003EB A3 01 00         [ 2]  787 	cpw	x, #0x0100
      0003EE 26 05            [ 1]  788 	jrne	00111$
                                    789 ;	/workspace/Software/Firmware/new_begining/STM8S_StdPeriph_Lib/src/stm8s_clk.c: 688: tmpreg = CLK->ICKR;
      0003F0 C6 50 C0         [ 1]  790 	ld	a, 0x50c0
      0003F3 20 21            [ 2]  791 	jra	00112$
      0003F5                        792 00111$:
                                    793 ;	/workspace/Software/Firmware/new_begining/STM8S_StdPeriph_Lib/src/stm8s_clk.c: 690: else if (statusreg == 0x0200) /* The flag to check is in ECKRregister */
      0003F5 A3 02 00         [ 2]  794 	cpw	x, #0x0200
      0003F8 26 05            [ 1]  795 	jrne	00108$
                                    796 ;	/workspace/Software/Firmware/new_begining/STM8S_StdPeriph_Lib/src/stm8s_clk.c: 692: tmpreg = CLK->ECKR;
      0003FA C6 50 C1         [ 1]  797 	ld	a, 0x50c1
      0003FD 20 17            [ 2]  798 	jra	00112$
      0003FF                        799 00108$:
                                    800 ;	/workspace/Software/Firmware/new_begining/STM8S_StdPeriph_Lib/src/stm8s_clk.c: 694: else if (statusreg == 0x0300) /* The flag to check is in SWIC register */
      0003FF A3 03 00         [ 2]  801 	cpw	x, #0x0300
      000402 26 05            [ 1]  802 	jrne	00105$
                                    803 ;	/workspace/Software/Firmware/new_begining/STM8S_StdPeriph_Lib/src/stm8s_clk.c: 696: tmpreg = CLK->SWCR;
      000404 C6 50 C5         [ 1]  804 	ld	a, 0x50c5
      000407 20 0D            [ 2]  805 	jra	00112$
      000409                        806 00105$:
                                    807 ;	/workspace/Software/Firmware/new_begining/STM8S_StdPeriph_Lib/src/stm8s_clk.c: 698: else if (statusreg == 0x0400) /* The flag to check is in CSS register */
      000409 A3 04 00         [ 2]  808 	cpw	x, #0x0400
      00040C 26 05            [ 1]  809 	jrne	00102$
                                    810 ;	/workspace/Software/Firmware/new_begining/STM8S_StdPeriph_Lib/src/stm8s_clk.c: 700: tmpreg = CLK->CSSR;
      00040E C6 50 C8         [ 1]  811 	ld	a, 0x50c8
      000411 20 03            [ 2]  812 	jra	00112$
      000413                        813 00102$:
                                    814 ;	/workspace/Software/Firmware/new_begining/STM8S_StdPeriph_Lib/src/stm8s_clk.c: 704: tmpreg = CLK->CCOR;
      000413 C6 50 C9         [ 1]  815 	ld	a, 0x50c9
      000416                        816 00112$:
                                    817 ;	/workspace/Software/Firmware/new_begining/STM8S_StdPeriph_Lib/src/stm8s_clk.c: 707: if ((tmpreg & (uint8_t)CLK_FLAG) != (uint8_t)RESET)
      000416 88               [ 1]  818 	push	a
      000417 7B 04            [ 1]  819 	ld	a, (0x04, sp)
      000419 6B 02            [ 1]  820 	ld	(0x02, sp), a
      00041B 84               [ 1]  821 	pop	a
      00041C 14 01            [ 1]  822 	and	a, (0x01, sp)
      00041E 27 03            [ 1]  823 	jreq	00114$
                                    824 ;	/workspace/Software/Firmware/new_begining/STM8S_StdPeriph_Lib/src/stm8s_clk.c: 709: bitstatus = SET;
      000420 A6 01            [ 1]  825 	ld	a, #0x01
                                    826 ;	/workspace/Software/Firmware/new_begining/STM8S_StdPeriph_Lib/src/stm8s_clk.c: 713: bitstatus = RESET;
      000422 21                     827 	.byte 0x21
      000423                        828 00114$:
      000423 4F               [ 1]  829 	clr	a
      000424                        830 00115$:
                                    831 ;	/workspace/Software/Firmware/new_begining/STM8S_StdPeriph_Lib/src/stm8s_clk.c: 717: return((FlagStatus)bitstatus);
                                    832 ;	/workspace/Software/Firmware/new_begining/STM8S_StdPeriph_Lib/src/stm8s_clk.c: 718: }
      000424 5B 03            [ 2]  833 	addw	sp, #3
      000426 81               [ 4]  834 	ret
                                    835 	.area CODE
                                    836 	.area CONST
      000000                        837 _HSIDivFactor:
      000000 01                     838 	.db #0x01	; 1
      000001 02                     839 	.db #0x02	; 2
      000002 04                     840 	.db #0x04	; 4
      000003 08                     841 	.db #0x08	; 8
      000004                        842 _CLKPrescTable:
      000004 01                     843 	.db #0x01	; 1
      000005 02                     844 	.db #0x02	; 2
      000006 04                     845 	.db #0x04	; 4
      000007 08                     846 	.db #0x08	; 8
      000008 0A                     847 	.db #0x0a	; 10
      000009 10                     848 	.db #0x10	; 16
      00000A 14                     849 	.db #0x14	; 20
      00000B 28                     850 	.db #0x28	; 40
                                    851 	.area CONST
      00000C                        852 ___str_0:
      00000C 2F 77 6F 72 6B 73 70   853 	.ascii "/workspace/Software/Firmware/new_begining/STM8S_StdPeriph_Li"
             61 63 65 2F 53 6F 66
             74 77 61 72 65 2F 46
             69 72 6D 77 61 72 65
             2F 6E 65 77 5F 62 65
             67 69 6E 69 6E 67 2F
             53 54 4D 38 53 5F 53
             74 64 50 65 72 69 70
             68 5F 4C 69
      000048 62 2F 73 72 63 2F 73   854 	.ascii "b/src/stm8s_clk.c"
             74 6D 38 73 5F 63 6C
             6B 2E 63
      000059 00                     855 	.db 0x00
                                    856 	.area CODE
                                    857 	.area INITIALIZER
                                    858 	.area CABS (ABS)
