                                      1 ;--------------------------------------------------------
                                      2 ; File Created by SDCC : free open source ISO C Compiler 
                                      3 ; Version 4.4.0 #14620 (Linux)
                                      4 ;--------------------------------------------------------
                                      5 	.module main
                                      6 	.optsdcc -mstm8
                                      7 	
                                      8 ;--------------------------------------------------------
                                      9 ; Public variables in this module
                                     10 ;--------------------------------------------------------
                                     11 	.globl _main
                                     12 	.globl _delay_ms
                                     13 ;--------------------------------------------------------
                                     14 ; ram data
                                     15 ;--------------------------------------------------------
                                     16 	.area DATA
                                     17 ;--------------------------------------------------------
                                     18 ; ram data
                                     19 ;--------------------------------------------------------
                                     20 	.area INITIALIZED
                                     21 ;--------------------------------------------------------
                                     22 ; Stack segment in internal ram
                                     23 ;--------------------------------------------------------
                                     24 	.area SSEG
      000000                         25 __start__stack:
      000000                         26 	.ds	1
                                     27 
                                     28 ;--------------------------------------------------------
                                     29 ; absolute external ram data
                                     30 ;--------------------------------------------------------
                                     31 	.area DABS (ABS)
                                     32 
                                     33 ; default segment ordering for linker
                                     34 	.area HOME
                                     35 	.area GSINIT
                                     36 	.area GSFINAL
                                     37 	.area CONST
                                     38 	.area INITIALIZER
                                     39 	.area CODE
                                     40 
                                     41 ;--------------------------------------------------------
                                     42 ; interrupt vector
                                     43 ;--------------------------------------------------------
                                     44 	.area HOME
      000000                         45 __interrupt_vect:
      000000 82v00u00u00             46 	int s_GSINIT ; reset
                                     47 ;--------------------------------------------------------
                                     48 ; global & static initialisations
                                     49 ;--------------------------------------------------------
                                     50 	.area HOME
                                     51 	.area GSINIT
                                     52 	.area GSFINAL
                                     53 	.area GSINIT
      000000 CDr00r00         [ 4]   54 	call	___sdcc_external_startup
      000003 4D               [ 1]   55 	tnz	a
      000004 27 03            [ 1]   56 	jreq	__sdcc_init_data
      000006 CCr00r04         [ 2]   57 	jp	__sdcc_program_startup
      000009                         58 __sdcc_init_data:
                                     59 ; stm8_genXINIT() start
      000009 AEr00r00         [ 2]   60 	ldw x, #l_DATA
      00000C 27 07            [ 1]   61 	jreq	00002$
      00000E                         62 00001$:
      00000E 72 4FuFFuFF      [ 1]   63 	clr (s_DATA - 1, x)
      000012 5A               [ 2]   64 	decw x
      000013 26 F9            [ 1]   65 	jrne	00001$
      000015                         66 00002$:
      000015 AEr00r00         [ 2]   67 	ldw	x, #l_INITIALIZER
      000018 27 09            [ 1]   68 	jreq	00004$
      00001A                         69 00003$:
      00001A D6uFFuFF         [ 1]   70 	ld	a, (s_INITIALIZER - 1, x)
      00001D D7uFFuFF         [ 1]   71 	ld	(s_INITIALIZED - 1, x), a
      000020 5A               [ 2]   72 	decw	x
      000021 26 F7            [ 1]   73 	jrne	00003$
      000023                         74 00004$:
                                     75 ; stm8_genXINIT() end
                                     76 	.area GSFINAL
      000000 CCr00r04         [ 2]   77 	jp	__sdcc_program_startup
                                     78 ;--------------------------------------------------------
                                     79 ; Home
                                     80 ;--------------------------------------------------------
                                     81 	.area HOME
                                     82 	.area HOME
      000004                         83 __sdcc_program_startup:
      000004 CCr00r24         [ 2]   84 	jp	_main
                                     85 ;	return from main will return to caller
                                     86 ;--------------------------------------------------------
                                     87 ; code
                                     88 ;--------------------------------------------------------
                                     89 	.area CODE
                                     90 ;	/workspace/Software/Firmware/new_begining/main.c: 16: void delay_ms(uint16_t ms)
                                     91 ;	-----------------------------------------
                                     92 ;	 function delay_ms
                                     93 ;	-----------------------------------------
      000000                         94 _delay_ms:
      000000 52 04            [ 2]   95 	sub	sp, #4
      000002 1F 01            [ 2]   96 	ldw	(0x01, sp), x
                                     97 ;	/workspace/Software/Firmware/new_begining/main.c: 19: for (uint16_t i = 0; i < ms; i++)
      000004 5F               [ 1]   98 	clrw	x
      000005 1F 03            [ 2]   99 	ldw	(0x03, sp), x
      000007                        100 00107$:
      000007 1E 03            [ 2]  101 	ldw	x, (0x03, sp)
      000009 13 01            [ 2]  102 	cpw	x, (0x01, sp)
      00000B 24 14            [ 1]  103 	jrnc	00109$
                                    104 ;	/workspace/Software/Firmware/new_begining/main.c: 21: for (uint16_t j = 0; j < 1600; j++)
      00000D 5F               [ 1]  105 	clrw	x
      00000E                        106 00104$:
      00000E 90 93            [ 1]  107 	ldw	y, x
      000010 90 A3 06 40      [ 2]  108 	cpw	y, #0x0640
      000014 24 04            [ 1]  109 	jrnc	00108$
                                    110 ;	/workspace/Software/Firmware/new_begining/main.c: 23: __asm__("nop");
      000016 9D               [ 1]  111 	nop
                                    112 ;	/workspace/Software/Firmware/new_begining/main.c: 21: for (uint16_t j = 0; j < 1600; j++)
      000017 5C               [ 1]  113 	incw	x
      000018 20 F4            [ 2]  114 	jra	00104$
      00001A                        115 00108$:
                                    116 ;	/workspace/Software/Firmware/new_begining/main.c: 19: for (uint16_t i = 0; i < ms; i++)
      00001A 1E 03            [ 2]  117 	ldw	x, (0x03, sp)
      00001C 5C               [ 1]  118 	incw	x
      00001D 1F 03            [ 2]  119 	ldw	(0x03, sp), x
      00001F 20 E6            [ 2]  120 	jra	00107$
      000021                        121 00109$:
                                    122 ;	/workspace/Software/Firmware/new_begining/main.c: 26: }
      000021 5B 04            [ 2]  123 	addw	sp, #4
      000023 81               [ 4]  124 	ret
                                    125 ;	/workspace/Software/Firmware/new_begining/main.c: 28: void main()
                                    126 ;	-----------------------------------------
                                    127 ;	 function main
                                    128 ;	-----------------------------------------
      000024                        129 _main:
                                    130 ;	/workspace/Software/Firmware/new_begining/main.c: 31: CLK_PCKENR1 |= (1 << 3); // Enable GPIOD clock (bit 3)
      000024 72 16 50 C7      [ 1]  131 	bset	0x50c7, #3
                                    132 ;	/workspace/Software/Firmware/new_begining/main.c: 34: GPIOD_DDR |= (1 << PIN_GREEN) | (1 << PIN_RED);
      000028 C6 50 11         [ 1]  133 	ld	a, 0x5011
      00002B AA 0C            [ 1]  134 	or	a, #0x0c
      00002D C7 50 11         [ 1]  135 	ld	0x5011, a
                                    136 ;	/workspace/Software/Firmware/new_begining/main.c: 37: GPIOD_CR1 |= (1 << PIN_GREEN) | (1 << PIN_RED);
      000030 C6 50 12         [ 1]  137 	ld	a, 0x5012
      000033 AA 0C            [ 1]  138 	or	a, #0x0c
      000035 C7 50 12         [ 1]  139 	ld	0x5012, a
                                    140 ;	/workspace/Software/Firmware/new_begining/main.c: 41: GPIOD_ODR &= ~((1 << PIN_GREEN) | (1 << PIN_RED));
      000038 C6 50 0F         [ 1]  141 	ld	a, 0x500f
      00003B A4 F3            [ 1]  142 	and	a, #0xf3
      00003D C7 50 0F         [ 1]  143 	ld	0x500f, a
                                    144 ;	/workspace/Software/Firmware/new_begining/main.c: 46: while (1)
      000040                        145 00102$:
                                    146 ;	/workspace/Software/Firmware/new_begining/main.c: 49: GPIOD_ODR ^= (1 << PIN_GREEN) | (1 << PIN_RED);
      000040 C6 50 0F         [ 1]  147 	ld	a, 0x500f
      000043 A8 0C            [ 1]  148 	xor	a, #0x0c
      000045 C7 50 0F         [ 1]  149 	ld	0x500f, a
                                    150 ;	/workspace/Software/Firmware/new_begining/main.c: 52: delay_ms(1000); // 1 second delay
      000048 AE 03 E8         [ 2]  151 	ldw	x, #0x03e8
      00004B CDr00r00         [ 4]  152 	call	_delay_ms
      00004E 20 F0            [ 2]  153 	jra	00102$
                                    154 ;	/workspace/Software/Firmware/new_begining/main.c: 57: }
      000050 81               [ 4]  155 	ret
                                    156 	.area CODE
                                    157 	.area CONST
                                    158 	.area INITIALIZER
                                    159 	.area CABS (ABS)
