                                      1 ;--------------------------------------------------------
                                      2 ; File Created by SDCC : free open source ISO C Compiler 
                                      3 ; Version 4.4.0 #14620 (Linux)
                                      4 ;--------------------------------------------------------
                                      5 	.module main
                                      6 	.optsdcc -mstm8
                                      7 	
                                      8 ;--------------------------------------------------------
                                      9 ; Public variables in this module
                                     10 ;--------------------------------------------------------
                                     11 	.globl _main
                                     12 	.globl _timer_isr
                                     13 	.globl _user_interface_update_message
                                     14 	.globl _user_interface_init
                                     15 	.globl _timer_conf_init
                                     16 	.globl _clk_conf_init
                                     17 	.globl _TIM1_ClearITPendingBit
                                     18 	.globl _TIM1_ClearFlag
                                     19 ;--------------------------------------------------------
                                     20 ; ram data
                                     21 ;--------------------------------------------------------
                                     22 	.area DATA
                                     23 ;--------------------------------------------------------
                                     24 ; ram data
                                     25 ;--------------------------------------------------------
                                     26 	.area INITIALIZED
      000000                         27 _i:
      000000                         28 	.ds 2
                                     29 ;--------------------------------------------------------
                                     30 ; Stack segment in internal ram
                                     31 ;--------------------------------------------------------
                                     32 	.area SSEG
      000000                         33 __start__stack:
      000000                         34 	.ds	1
                                     35 
                                     36 ;--------------------------------------------------------
                                     37 ; absolute external ram data
                                     38 ;--------------------------------------------------------
                                     39 	.area DABS (ABS)
                                     40 
                                     41 ; default segment ordering for linker
                                     42 	.area HOME
                                     43 	.area GSINIT
                                     44 	.area GSFINAL
                                     45 	.area CONST
                                     46 	.area INITIALIZER
                                     47 	.area CODE
                                     48 
                                     49 ;--------------------------------------------------------
                                     50 ; interrupt vector
                                     51 ;--------------------------------------------------------
                                     52 	.area HOME
      000000                         53 __interrupt_vect:
      000000 82v00u00u00             54 	int s_GSINIT ; reset
      000004 82 00 00 00             55 	int 0x000000 ; trap
      000008 82 00 00 00             56 	int 0x000000 ; int0
      00000C 82 00 00 00             57 	int 0x000000 ; int1
      000010 82 00 00 00             58 	int 0x000000 ; int2
      000014 82 00 00 00             59 	int 0x000000 ; int3
      000018 82 00 00 00             60 	int 0x000000 ; int4
      00001C 82 00 00 00             61 	int 0x000000 ; int5
      000020 82 00 00 00             62 	int 0x000000 ; int6
      000024 82 00 00 00             63 	int 0x000000 ; int7
      000028 82 00 00 00             64 	int 0x000000 ; int8
      00002C 82 00 00 00             65 	int 0x000000 ; int9
      000030 82 00 00 00             66 	int 0x000000 ; int10
      000034 82v00u00u04             67 	int _timer_isr ; int11
                                     68 ;--------------------------------------------------------
                                     69 ; global & static initialisations
                                     70 ;--------------------------------------------------------
                                     71 	.area HOME
                                     72 	.area GSINIT
                                     73 	.area GSFINAL
                                     74 	.area GSINIT
      000000 CDr00r00         [ 4]   75 	call	___sdcc_external_startup
      000003 4D               [ 1]   76 	tnz	a
      000004 27 03            [ 1]   77 	jreq	__sdcc_init_data
      000006 CCr00r38         [ 2]   78 	jp	__sdcc_program_startup
      000009                         79 __sdcc_init_data:
                                     80 ; stm8_genXINIT() start
      000009 AEr00r00         [ 2]   81 	ldw x, #l_DATA
      00000C 27 07            [ 1]   82 	jreq	00002$
      00000E                         83 00001$:
      00000E 72 4FuFFuFF      [ 1]   84 	clr (s_DATA - 1, x)
      000012 5A               [ 2]   85 	decw x
      000013 26 F9            [ 1]   86 	jrne	00001$
      000015                         87 00002$:
      000015 AEr00r00         [ 2]   88 	ldw	x, #l_INITIALIZER
      000018 27 09            [ 1]   89 	jreq	00004$
      00001A                         90 00003$:
      00001A D6uFFuFF         [ 1]   91 	ld	a, (s_INITIALIZER - 1, x)
      00001D D7uFFuFF         [ 1]   92 	ld	(s_INITIALIZED - 1, x), a
      000020 5A               [ 2]   93 	decw	x
      000021 26 F7            [ 1]   94 	jrne	00003$
      000023                         95 00004$:
                                     96 ; stm8_genXINIT() end
                                     97 	.area GSFINAL
      000000 CCr00r38         [ 2]   98 	jp	__sdcc_program_startup
                                     99 ;--------------------------------------------------------
                                    100 ; Home
                                    101 ;--------------------------------------------------------
                                    102 	.area HOME
                                    103 	.area HOME
      000038                        104 __sdcc_program_startup:
      000038 CCr00r39         [ 2]  105 	jp	_main
                                    106 ;	return from main will return to caller
                                    107 ;--------------------------------------------------------
                                    108 ; code
                                    109 ;--------------------------------------------------------
                                    110 	.area CODE
                                    111 ;	/workspace/Software/Firmware/new_begining/Driver/interrupt_control.h: 20: static inline void interrupt_control_enable(void)
                                    112 ;	-----------------------------------------
                                    113 ;	 function interrupt_control_enable
                                    114 ;	-----------------------------------------
      000000                        115 _interrupt_control_enable:
                                    116 ;	/workspace/Software/Firmware/new_begining/Driver/interrupt_control.h: 22: enableInterrupts();
      000000 9A               [ 1]  117 	rim
                                    118 ;	/workspace/Software/Firmware/new_begining/Driver/interrupt_control.h: 23: }
      000001 81               [ 4]  119 	ret
                                    120 ;	/workspace/Software/Firmware/new_begining/Driver/interrupt_control.h: 32: static inline void interrupt_control_wait(
                                    121 ;	-----------------------------------------
                                    122 ;	 function interrupt_control_wait
                                    123 ;	-----------------------------------------
      000002                        124 _interrupt_control_wait:
                                    125 ;	/workspace/Software/Firmware/new_begining/Driver/interrupt_control.h: 35: wfi();
      000002 8F               [10]  126 	wfi
                                    127 ;	/workspace/Software/Firmware/new_begining/Driver/interrupt_control.h: 36: }
      000003 81               [ 4]  128 	ret
                                    129 ;	/workspace/Software/Firmware/new_begining/main.c: 12: void timer_isr(void) __interrupt(11)
                                    130 ;	-----------------------------------------
                                    131 ;	 function timer_isr
                                    132 ;	-----------------------------------------
      000004                        133 _timer_isr:
      000004 4F               [ 1]  134 	clr	a
      000005 62               [ 2]  135 	div	x, a
                                    136 ;	/workspace/Software/Firmware/new_begining/main.c: 14: TIM1->SR1 = 0;
      000006 35 00 52 55      [ 1]  137 	mov	0x5255+0, #0x00
                                    138 ;	/workspace/Software/Firmware/new_begining/main.c: 15: GPIOD->ODR ^= GPIO_PIN_4;
      00000A 90 18 50 0F      [ 1]  139 	bcpl	0x500f, #4
                                    140 ;	/workspace/Software/Firmware/new_begining/main.c: 16: i = ~i;
      00000E CEu00u00         [ 2]  141 	ldw	x, _i+0
      000011 53               [ 2]  142 	cplw	x
                                    143 ;	/workspace/Software/Firmware/new_begining/main.c: 17: user_interface_update_message(USER_INTERFACE_COLLECTING_DATA_MSG, (i == 0) ? USER_INTERFACE_ENABLE : USER_INTERFACE_DISABLE);
      000012 CFu00u00         [ 2]  144 	ldw	_i+0, x
      000015 1D 00 01         [ 2]  145 	subw	x, #0x0001
      000018 4F               [ 1]  146 	clr	a
      000019 8C               [ 1]  147 	ccf
      00001A 49               [ 1]  148 	rlc	a
      00001B 88               [ 1]  149 	push	a
      00001C 4F               [ 1]  150 	clr	a
      00001D CDr00r00         [ 4]  151 	call	_user_interface_update_message
                                    152 ;	/workspace/Software/Firmware/new_begining/main.c: 18: user_interface_update_message(USER_INTERFACE_STATE_OK_MSG, (i == 0) ? USER_INTERFACE_DISABLE : USER_INTERFACE_ENABLE);
      000020 CEu00u00         [ 2]  153 	ldw	x, _i+0
      000023 1D 00 01         [ 2]  154 	subw	x, #0x0001
      000026 4F               [ 1]  155 	clr	a
      000027 49               [ 1]  156 	rlc	a
      000028 88               [ 1]  157 	push	a
      000029 A6 01            [ 1]  158 	ld	a, #0x01
      00002B CDr00r00         [ 4]  159 	call	_user_interface_update_message
                                    160 ;	/workspace/Software/Firmware/new_begining/main.c: 20: TIM1_ClearFlag(TIM1_FLAG_UPDATE);
      00002E 5F               [ 1]  161 	clrw	x
      00002F 5C               [ 1]  162 	incw	x
      000030 CDr00r00         [ 4]  163 	call	_TIM1_ClearFlag
                                    164 ;	/workspace/Software/Firmware/new_begining/main.c: 21: TIM1_ClearITPendingBit(TIM1_IT_UPDATE);
      000033 A6 01            [ 1]  165 	ld	a, #0x01
      000035 CDr00r00         [ 4]  166 	call	_TIM1_ClearITPendingBit
                                    167 ;	/workspace/Software/Firmware/new_begining/main.c: 22: }
      000038 80               [11]  168 	iret
                                    169 ;	/workspace/Software/Firmware/new_begining/main.c: 24: void main()
                                    170 ;	-----------------------------------------
                                    171 ;	 function main
                                    172 ;	-----------------------------------------
      000039                        173 _main:
                                    174 ;	/workspace/Software/Firmware/new_begining/main.c: 27: clk_conf_init();
      000039 CDr00r00         [ 4]  175 	call	_clk_conf_init
                                    176 ;	/workspace/Software/Firmware/new_begining/main.c: 29: user_interface_init();
      00003C CDr00r00         [ 4]  177 	call	_user_interface_init
                                    178 ;	/workspace/Software/Firmware/new_begining/main.c: 30: timer_conf_init();
      00003F CDr00r00         [ 4]  179 	call	_timer_conf_init
                                    180 ;	/workspace/Software/Firmware/new_begining/main.c: 32: GPIOD->DDR |= GPIO_PIN_4;
      000042 72 18 50 11      [ 1]  181 	bset	0x5011, #4
                                    182 ;	/workspace/Software/Firmware/new_begining/main.c: 33: GPIOD->CR1 |= GPIO_PIN_4;
      000046 C6 50 12         [ 1]  183 	ld	a, 0x5012
      000049 AA 10            [ 1]  184 	or	a, #0x10
      00004B C7 50 12         [ 1]  185 	ld	0x5012, a
                                    186 ;	/workspace/Software/Firmware/new_begining/main.c: 36: TIM1->PSCRL = 125;
      00004E 35 7D 52 61      [ 1]  187 	mov	0x5261+0, #0x7d
                                    188 ;	/workspace/Software/Firmware/new_begining/main.c: 37: TIM1->ARRH = 1000 >> 8;
      000052 35 03 52 62      [ 1]  189 	mov	0x5262+0, #0x03
                                    190 ;	/workspace/Software/Firmware/new_begining/main.c: 38: TIM1->ARRL = 1000 & 0xFF;
      000056 35 E8 52 63      [ 1]  191 	mov	0x5263+0, #0xe8
                                    192 ;	/workspace/Software/Firmware/new_begining/main.c: 39: TIM1->CR1 = TIM1_CR1_ARPE | TIM1_CR1_CEN;
      00005A 35 81 52 50      [ 1]  193 	mov	0x5250+0, #0x81
                                    194 ;	/workspace/Software/Firmware/new_begining/main.c: 40: TIM1->IER = TIM1_IER_UIE;
      00005E 35 01 52 54      [ 1]  195 	mov	0x5254+0, #0x01
                                    196 ;	/workspace/Software/Firmware/new_begining/main.c: 44: __endasm;
      000062 9A               [ 1]  197 	rim
                                    198 ;	/workspace/Software/Firmware/new_begining/main.c: 46: while (1)
      000063                        199 00102$:
                                    200 ;	/workspace/Software/Firmware/new_begining/main.c: 48: wfi();
      000063 8F               [10]  201 	wfi
      000064 20 FD            [ 2]  202 	jra	00102$
                                    203 ;	/workspace/Software/Firmware/new_begining/main.c: 50: }
      000066 81               [ 4]  204 	ret
                                    205 	.area CODE
                                    206 	.area CONST
                                    207 	.area INITIALIZER
      000000                        208 __xinit__i:
      000000 00 00                  209 	.dw #0x0000
                                    210 	.area CABS (ABS)
